**************** SYMBOL TABLE ****************

          Name       Kind Nest-Level Predefined       Type     Init-Node     Offset Dimensions  Arguments LLVMObject

  0        ex4    program          1                                                                                
  1     system      class          2        yes                                                                     
  2    println   function          3        yes                                                         1           
  3         c4      class          2                                                                                
  4          x      array          3                 int[]   ArrayTypeOp          0         10                      
  5         ia      array          3                 int[]   ArrayTypeOp          1          3                      
  6       main   function          3                   int        BodyOp                                0           
  7          y      array          4                 int[]   ArrayTypeOp          0         25                      
  8          z   variable          4                   int                        1                                 
************* SYNTAX TREE PRINTOUT ***********

  +-[STNode,0,"ex4"]
R-[ProgramOp]
  |   +-[STNode,3,"c4"]
  | +-[ClassDefOp]
  | | |         +-[DUMMYnode]
  | | |       +-[ReturnOp]
  | | |       | +-[NUMNode,0]
  | | |     +-[StmtOp]
  | | |     | |         +-[NUMNode,1]
  | | |     | |       +-[AddOp]
  | | |     | |       | | +-[DUMMYnode]
  | | |     | |       | +-[VarOp]
  | | |     | |       |   +-[STNode,8,"z"]
  | | |     | |     +-[AssignOp]
  | | |     | |     | |   +-[DUMMYnode]
  | | |     | |     | | +-[VarOp]
  | | |     | |     | | | +-[STNode,8,"z"]
  | | |     | |     | +-[AssignOp]
  | | |     | |     |   +-[DUMMYnode]
  | | |     | |   +-[StmtOp]
  | | |     | |   | |     +-[DUMMYnode]
  | | |     | |   | |   +-[CommaOp]
  | | |     | |   | |   | |   +-[DUMMYnode]
  | | |     | |   | |   | | +-[SelectOp]
  | | |     | |   | |   | | | | +-[DUMMYnode]
  | | |     | |   | |   | | | +-[IndexOp]
  | | |     | |   | |   | | |   | +-[DUMMYnode]
  | | |     | |   | |   | | |   +-[VarOp]
  | | |     | |   | |   | | |     +-[STNode,8,"z"]
  | | |     | |   | |   | +-[VarOp]
  | | |     | |   | |   |   +-[STNode,5,"ia"]
  | | |     | |   | | +-[RoutineCallOp]
  | | |     | |   | | | |   +-[DUMMYnode]
  | | |     | |   | | | | +-[SelectOp]
  | | |     | |   | | | | | | +-[DUMMYnode]
  | | |     | |   | | | | | +-[FieldOp]
  | | |     | |   | | | | |   +-[STNode,2,"println"]
  | | |     | |   | | | +-[VarOp]
  | | |     | |   | | |   +-[STNode,1,"system"]
  | | |     | |   | +-[StmtOp]
  | | |     | |   |   +-[DUMMYnode]
  | | |     | | +-[LoopOp]
  | | |     | | | | +-[NUMNode,2]
  | | |     | | | +-[LEOp]
  | | |     | | |   | +-[DUMMYnode]
  | | |     | | |   +-[VarOp]
  | | |     | | |     +-[STNode,8,"z"]
  | | |     | +-[StmtOp]
  | | |     |   |   +-[NUMNode,0]
  | | |     |   | +-[AssignOp]
  | | |     |   | | |   +-[DUMMYnode]
  | | |     |   | | | +-[VarOp]
  | | |     |   | | | | +-[STNode,8,"z"]
  | | |     |   | | +-[AssignOp]
  | | |     |   | |   +-[DUMMYnode]
  | | |     |   +-[StmtOp]
  | | |     |     |         +-[NUMNode,1]
  | | |     |     |       +-[AddOp]
  | | |     |     |       | | +-[DUMMYnode]
  | | |     |     |       | +-[VarOp]
  | | |     |     |       |   +-[STNode,8,"z"]
  | | |     |     |     +-[AssignOp]
  | | |     |     |     | |   +-[DUMMYnode]
  | | |     |     |     | | +-[VarOp]
  | | |     |     |     | | | +-[STNode,8,"z"]
  | | |     |     |     | +-[AssignOp]
  | | |     |     |     |   +-[DUMMYnode]
  | | |     |     |   +-[StmtOp]
  | | |     |     |   | |         +-[DUMMYnode]
  | | |     |     |   | |       +-[VarOp]
  | | |     |     |   | |       | +-[STNode,8,"z"]
  | | |     |     |   | |     +-[MultOp]
  | | |     |     |   | |     | | +-[DUMMYnode]
  | | |     |     |   | |     | +-[VarOp]
  | | |     |     |   | |     |   +-[STNode,8,"z"]
  | | |     |     |   | |   +-[AddOp]
  | | |     |     |   | |   | |   +-[NUMNode,2]
  | | |     |     |   | |   | | +-[MultOp]
  | | |     |     |   | |   | | | | +-[DUMMYnode]
  | | |     |     |   | |   | | | +-[VarOp]
  | | |     |     |   | |   | | |   +-[STNode,8,"z"]
  | | |     |     |   | |   | +-[AddOp]
  | | |     |     |   | |   |   +-[NUMNode,1]
  | | |     |     |   | | +-[AssignOp]
  | | |     |     |   | | | |     +-[DUMMYnode]
  | | |     |     |   | | | |   +-[SelectOp]
  | | |     |     |   | | | |   | | +-[DUMMYnode]
  | | |     |     |   | | | |   | +-[IndexOp]
  | | |     |     |   | | | |   |   | +-[NUMNode,1]
  | | |     |     |   | | | |   |   +-[AddOp]
  | | |     |     |   | | | |   |     | +-[DUMMYnode]
  | | |     |     |   | | | |   |     +-[VarOp]
  | | |     |     |   | | | |   |       +-[STNode,8,"z"]
  | | |     |     |   | | | | +-[VarOp]
  | | |     |     |   | | | | | +-[STNode,5,"ia"]
  | | |     |     |   | | | +-[AssignOp]
  | | |     |     |   | | |   +-[DUMMYnode]
  | | |     |     |   | +-[StmtOp]
  | | |     |     |   |   +-[DUMMYnode]
  | | |     |     | +-[LoopOp]
  | | |     |     | | | +-[NUMNode,2]
  | | |     |     | | +-[LTOp]
  | | |     |     | |   | +-[DUMMYnode]
  | | |     |     | |   +-[VarOp]
  | | |     |     | |     +-[STNode,8,"z"]
  | | |     |     +-[StmtOp]
  | | |     |       |     +-[DUMMYnode]
  | | |     |       |   +-[UnaryNegOp]
  | | |     |       |   | +-[NUMNode,1]
  | | |     |       | +-[AssignOp]
  | | |     |       | | |   +-[DUMMYnode]
  | | |     |       | | | +-[VarOp]
  | | |     |       | | | | +-[STNode,8,"z"]
  | | |     |       | | +-[AssignOp]
  | | |     |       | |   +-[DUMMYnode]
  | | |     |       +-[StmtOp]
  | | |     |         |     +-[DUMMYnode]
  | | |     |         |   +-[CommaOp]
  | | |     |         |   | |   +-[DUMMYnode]
  | | |     |         |   | | +-[SelectOp]
  | | |     |         |   | | | | +-[DUMMYnode]
  | | |     |         |   | | | +-[IndexOp]
  | | |     |         |   | | |   +-[NUMNode,2]
  | | |     |         |   | +-[VarOp]
  | | |     |         |   |   +-[STNode,5,"ia"]
  | | |     |         | +-[RoutineCallOp]
  | | |     |         | | |   +-[DUMMYnode]
  | | |     |         | | | +-[SelectOp]
  | | |     |         | | | | | +-[DUMMYnode]
  | | |     |         | | | | +-[FieldOp]
  | | |     |         | | | |   +-[STNode,2,"println"]
  | | |     |         | | +-[VarOp]
  | | |     |         | |   +-[STNode,1,"system"]
  | | |     |         +-[StmtOp]
  | | |     |           |     +-[DUMMYnode]
  | | |     |           |   +-[CommaOp]
  | | |     |           |   | +-[STRINGNode,53,"ia[2]="]
  | | |     |           | +-[RoutineCallOp]
  | | |     |           | | |   +-[DUMMYnode]
  | | |     |           | | | +-[SelectOp]
  | | |     |           | | | | | +-[DUMMYnode]
  | | |     |           | | | | +-[FieldOp]
  | | |     |           | | | |   +-[STNode,2,"println"]
  | | |     |           | | +-[VarOp]
  | | |     |           | |   +-[STNode,1,"system"]
  | | |     |           +-[StmtOp]
  | | |     |             |     +-[DUMMYnode]
  | | |     |             |   +-[CommaOp]
  | | |     |             |   | |   +-[DUMMYnode]
  | | |     |             |   | | +-[SelectOp]
  | | |     |             |   | | | | +-[DUMMYnode]
  | | |     |             |   | | | +-[IndexOp]
  | | |     |             |   | | |   +-[NUMNode,1]
  | | |     |             |   | +-[VarOp]
  | | |     |             |   |   +-[STNode,5,"ia"]
  | | |     |             | +-[RoutineCallOp]
  | | |     |             | | |   +-[DUMMYnode]
  | | |     |             | | | +-[SelectOp]
  | | |     |             | | | | | +-[DUMMYnode]
  | | |     |             | | | | +-[FieldOp]
  | | |     |             | | | |   +-[STNode,2,"println"]
  | | |     |             | | +-[VarOp]
  | | |     |             | |   +-[STNode,1,"system"]
  | | |     |             +-[StmtOp]
  | | |     |               |     +-[DUMMYnode]
  | | |     |               |   +-[CommaOp]
  | | |     |               |   | +-[STRINGNode,46,"ia[1]="]
  | | |     |               | +-[RoutineCallOp]
  | | |     |               | | |   +-[DUMMYnode]
  | | |     |               | | | +-[SelectOp]
  | | |     |               | | | | | +-[DUMMYnode]
  | | |     |               | | | | +-[FieldOp]
  | | |     |               | | | |   +-[STNode,2,"println"]
  | | |     |               | | +-[VarOp]
  | | |     |               | |   +-[STNode,1,"system"]
  | | |     |               +-[StmtOp]
  | | |     |                 |     +-[DUMMYnode]
  | | |     |                 |   +-[CommaOp]
  | | |     |                 |   | | +-[DUMMYnode]
  | | |     |                 |   | +-[VarOp]
  | | |     |                 |   |   +-[STNode,8,"z"]
  | | |     |                 | +-[RoutineCallOp]
  | | |     |                 | | |   +-[DUMMYnode]
  | | |     |                 | | | +-[SelectOp]
  | | |     |                 | | | | | +-[DUMMYnode]
  | | |     |                 | | | | +-[FieldOp]
  | | |     |                 | | | |   +-[STNode,2,"println"]
  | | |     |                 | | +-[VarOp]
  | | |     |                 | |   +-[STNode,1,"system"]
  | | |     |                 +-[StmtOp]
  | | |     |                   |     +-[DUMMYnode]
  | | |     |                   |   +-[CommaOp]
  | | |     |                   |   | +-[STRINGNode,36,"z="]
  | | |     |                   | +-[RoutineCallOp]
  | | |     |                   | | |   +-[DUMMYnode]
  | | |     |                   | | | +-[SelectOp]
  | | |     |                   | | | | | +-[DUMMYnode]
  | | |     |                   | | | | +-[FieldOp]
  | | |     |                   | | | |   +-[STNode,2,"println"]
  | | |     |                   | | +-[VarOp]
  | | |     |                   | |   +-[STNode,1,"system"]
  | | |     |                   +-[StmtOp]
  | | |     |                     |     +-[DUMMYnode]
  | | |     |                     |   +-[CommaOp]
  | | |     |                     |   | |   +-[DUMMYnode]
  | | |     |                     |   | | +-[SelectOp]
  | | |     |                     |   | | | | +-[DUMMYnode]
  | | |     |                     |   | | | +-[IndexOp]
  | | |     |                     |   | | |   +-[NUMNode,0]
  | | |     |                     |   | +-[VarOp]
  | | |     |                     |   |   +-[STNode,5,"ia"]
  | | |     |                     | +-[RoutineCallOp]
  | | |     |                     | | |   +-[DUMMYnode]
  | | |     |                     | | | +-[SelectOp]
  | | |     |                     | | | | | +-[DUMMYnode]
  | | |     |                     | | | | +-[FieldOp]
  | | |     |                     | | | |   +-[STNode,2,"println"]
  | | |     |                     | | +-[VarOp]
  | | |     |                     | |   +-[STNode,1,"system"]
  | | |     |                     +-[StmtOp]
  | | |     |                       |     +-[DUMMYnode]
  | | |     |                       |   +-[CommaOp]
  | | |     |                       |   | +-[STRINGNode,39,"ia[0]="]
  | | |     |                       | +-[RoutineCallOp]
  | | |     |                       | | |   +-[DUMMYnode]
  | | |     |                       | | | +-[SelectOp]
  | | |     |                       | | | | | +-[DUMMYnode]
  | | |     |                       | | | | +-[FieldOp]
  | | |     |                       | | | |   +-[STNode,2,"println"]
  | | |     |                       | | +-[VarOp]
  | | |     |                       | |   +-[STNode,1,"system"]
  | | |     |                       +-[StmtOp]
  | | |     |                         |     +-[DUMMYnode]
  | | |     |                         |   +-[CommaOp]
  | | |     |                         |   | | +-[DUMMYnode]
  | | |     |                         |   | +-[VarOp]
  | | |     |                         |   |   +-[STNode,8,"z"]
  | | |     |                         | +-[RoutineCallOp]
  | | |     |                         | | |   +-[DUMMYnode]
  | | |     |                         | | | +-[SelectOp]
  | | |     |                         | | | | | +-[DUMMYnode]
  | | |     |                         | | | | +-[FieldOp]
  | | |     |                         | | | |   +-[STNode,2,"println"]
  | | |     |                         | | +-[VarOp]
  | | |     |                         | |   +-[STNode,1,"system"]
  | | |     |                         +-[StmtOp]
  | | |     |                           |     +-[DUMMYnode]
  | | |     |                           |   +-[CommaOp]
  | | |     |                           |   | +-[STRINGNode,36,"z="]
  | | |     |                           | +-[RoutineCallOp]
  | | |     |                           | | |   +-[DUMMYnode]
  | | |     |                           | | | +-[SelectOp]
  | | |     |                           | | | | | +-[DUMMYnode]
  | | |     |                           | | | | +-[FieldOp]
  | | |     |                           | | | |   +-[STNode,2,"println"]
  | | |     |                           | | +-[VarOp]
  | | |     |                           | |   +-[STNode,1,"system"]
  | | |     |                           +-[StmtOp]
  | | |     |                             |   +-[NUMNode,27]
  | | |     |                             | +-[AssignOp]
  | | |     |                             | | |     +-[DUMMYnode]
  | | |     |                             | | |   +-[SelectOp]
  | | |     |                             | | |   | | +-[DUMMYnode]
  | | |     |                             | | |   | +-[IndexOp]
  | | |     |                             | | |   |   +-[NUMNode,2]
  | | |     |                             | | | +-[VarOp]
  | | |     |                             | | | | +-[STNode,5,"ia"]
  | | |     |                             | | +-[AssignOp]
  | | |     |                             | |   +-[DUMMYnode]
  | | |     |                             +-[StmtOp]
  | | |     |                               |     +-[NUMNode,3]
  | | |     |                               |   +-[AddOp]
  | | |     |                               |   | |   +-[DUMMYnode]
  | | |     |                               |   | | +-[SelectOp]
  | | |     |                               |   | | | | +-[DUMMYnode]
  | | |     |                               |   | | | +-[IndexOp]
  | | |     |                               |   | | |   +-[NUMNode,3]
  | | |     |                               |   | +-[VarOp]
  | | |     |                               |   |   +-[STNode,7,"y"]
  | | |     |                               | +-[AssignOp]
  | | |     |                               | | |   +-[DUMMYnode]
  | | |     |                               | | | +-[VarOp]
  | | |     |                               | | | | +-[STNode,8,"z"]
  | | |     |                               | | +-[AssignOp]
  | | |     |                               | |   +-[DUMMYnode]
  | | |     |                               +-[StmtOp]
  | | |     |                                 |   +-[NUMNode,17]
  | | |     |                                 | +-[AssignOp]
  | | |     |                                 | | |     +-[DUMMYnode]
  | | |     |                                 | | |   +-[SelectOp]
  | | |     |                                 | | |   | | +-[DUMMYnode]
  | | |     |                                 | | |   | +-[IndexOp]
  | | |     |                                 | | |   |   +-[NUMNode,3]
  | | |     |                                 | | | +-[VarOp]
  | | |     |                                 | | | | +-[STNode,7,"y"]
  | | |     |                                 | | +-[AssignOp]
  | | |     |                                 | |   +-[DUMMYnode]
  | | |     |                                 +-[StmtOp]
  | | |     |                                   +-[DUMMYnode]
  | | |   +-[BodyOp]
  | | |   | |       +-[DUMMYnode]
  | | |   | |     +-[CommaOp]
  | | |   | |     | | +-[DUMMYnode]
  | | |   | |     | +-[TypeIdOp]
  | | |   | |     |   +-[INTEGERTNode]
  | | |   | |   +-[CommaOp]
  | | |   | |   | +-[STNode,8,"z"]
  | | |   | | +-[DeclOp]
  | | |   | | | +-[DUMMYnode]
  | | |   | +-[BodyOp]
  | | |   |   |         +-[INTEGERTNode]
  | | |   |   |       +-[ArrayTypeOp]
  | | |   |   |       | | +-[NUMNode,25]
  | | |   |   |       | +-[BoundOp]
  | | |   |   |       |   +-[DUMMYnode]
  | | |   |   |     +-[CommaOp]
  | | |   |   |     | |   +-[DUMMYnode]
  | | |   |   |     | | +-[IndexOp]
  | | |   |   |     | | | +-[DUMMYnode]
  | | |   |   |     | +-[TypeIdOp]
  | | |   |   |     |   +-[INTEGERTNode]
  | | |   |   |   +-[CommaOp]
  | | |   |   |   | +-[STNode,7,"y"]
  | | |   |   | +-[DeclOp]
  | | |   |   | | +-[DUMMYnode]
  | | |   |   +-[BodyOp]
  | | |   |     +-[DUMMYnode]
  | | | +-[MethodOp]
  | | | | |     +-[DUMMYnode]
  | | | | |   +-[TypeIdOp]
  | | | | |   | +-[INTEGERTNode]
  | | | | | +-[SpecOp]
  | | | | | | +-[DUMMYnode]
  | | | | +-[HeadOp]
  | | | |   +-[STNode,6,"main"]
  | | +-[BodyOp]
  | |   |             +-[DUMMYnode]
  | |   |           +-[IndexOp]
  | |   |           | +-[DUMMYnode]
  | |   |         +-[TypeIdOp]
  | |   |         | +-[INTEGERTNode]
  | |   |       +-[ArrayTypeOp]
  | |   |       | | +-[NUMNode,7]
  | |   |       | +-[CommaOp]
  | |   |       |   | +-[NUMNode,5]
  | |   |       |   +-[CommaOp]
  | |   |       |     | +-[NUMNode,3]
  | |   |       |     +-[CommaOp]
  | |   |       |       +-[DUMMYnode]
  | |   |     +-[CommaOp]
  | |   |     | |   +-[DUMMYnode]
  | |   |     | | +-[IndexOp]
  | |   |     | | | +-[DUMMYnode]
  | |   |     | +-[TypeIdOp]
  | |   |     |   +-[INTEGERTNode]
  | |   |   +-[CommaOp]
  | |   |   | +-[STNode,5,"ia"]
  | |   | +-[DeclOp]
  | |   | | +-[DUMMYnode]
  | |   +-[BodyOp]
  | |     |         +-[INTEGERTNode]
  | |     |       +-[ArrayTypeOp]
  | |     |       | | +-[NUMNode,10]
  | |     |       | +-[BoundOp]
  | |     |       |   +-[DUMMYnode]
  | |     |     +-[CommaOp]
  | |     |     | |   +-[DUMMYnode]
  | |     |     | | +-[IndexOp]
  | |     |     | | | +-[DUMMYnode]
  | |     |     | +-[TypeIdOp]
  | |     |     |   +-[INTEGERTNode]
  | |     |   +-[CommaOp]
  | |     |   | +-[STNode,4,"x"]
  | |     | +-[DeclOp]
  | |     | | +-[DUMMYnode]
  | |     +-[BodyOp]
  | |       +-[DUMMYnode]
  +-[ClassOp]
    +-[DUMMYnode]
