**************** SYMBOL TABLE ****************

          Name       Kind Nest-Level Predefined       Type     Init-Node     Offset Dimensions  Arguments LLVMObject

  0        ex7    program          1                                                                                
  1     system      class          2        yes                                                                     
  2    println   function          3        yes                                                         1           
  3         c7      class          2                                                                                
  4        sum   function          3                   int        BodyOp                                1           
  5          i    val_arg          4                   int                        0                                 
  6          s   variable          4                   int                        0                                 
  7       main   function          3                   int        BodyOp                                0           
************* SYNTAX TREE PRINTOUT ***********

  +-[STNode,0,"ex7"]
R-[ProgramOp]
  |   +-[STNode,3,"c7"]
  | +-[ClassDefOp]
  | | |         +-[DUMMYnode]
  | | |       +-[ReturnOp]
  | | |       | +-[NUMNode,0]
  | | |     +-[StmtOp]
  | | |     | |     +-[DUMMYnode]
  | | |     | |   +-[CommaOp]
  | | |     | |   | |   +-[DUMMYnode]
  | | |     | |   | | +-[CommaOp]
  | | |     | |   | | | +-[NUMNode,5]
  | | |     | |   | +-[RoutineCallOp]
  | | |     | |   |   | +-[DUMMYnode]
  | | |     | |   |   +-[VarOp]
  | | |     | |   |     +-[STNode,4,"sum"]
  | | |     | | +-[RoutineCallOp]
  | | |     | | | |   +-[DUMMYnode]
  | | |     | | | | +-[SelectOp]
  | | |     | | | | | | +-[DUMMYnode]
  | | |     | | | | | +-[FieldOp]
  | | |     | | | | |   +-[STNode,2,"println"]
  | | |     | | | +-[VarOp]
  | | |     | | |   +-[STNode,1,"system"]
  | | |     | +-[StmtOp]
  | | |     |   |     +-[DUMMYnode]
  | | |     |   |   +-[CommaOp]
  | | |     |   |   | +-[STRINGNode,35,"sum(5)="]
  | | |     |   | +-[RoutineCallOp]
  | | |     |   | | |   +-[DUMMYnode]
  | | |     |   | | | +-[SelectOp]
  | | |     |   | | | | | +-[DUMMYnode]
  | | |     |   | | | | +-[FieldOp]
  | | |     |   | | | |   +-[STNode,2,"println"]
  | | |     |   | | +-[VarOp]
  | | |     |   | |   +-[STNode,1,"system"]
  | | |     |   +-[StmtOp]
  | | |     |     +-[DUMMYnode]
  | | |   +-[BodyOp]
  | | |   | +-[DUMMYnode]
  | | | +-[MethodOp]
  | | | | |     +-[DUMMYnode]
  | | | | |   +-[TypeIdOp]
  | | | | |   | +-[INTEGERTNode]
  | | | | | +-[SpecOp]
  | | | | | | +-[DUMMYnode]
  | | | | +-[HeadOp]
  | | | |   +-[STNode,7,"main"]
  | | +-[BodyOp]
  | |   |             +-[DUMMYnode]
  | |   |           +-[ReturnOp]
  | |   |           | | +-[DUMMYnode]
  | |   |           | +-[VarOp]
  | |   |           |   +-[STNode,6,"s"]
  | |   |         +-[StmtOp]
  | |   |         | |         +-[DUMMYnode]
  | |   |         | |       +-[CommaOp]
  | |   |         | |       | | +-[NUMNode,2]
  | |   |         | |       | +-[SubOp]
  | |   |         | |       |   | +-[DUMMYnode]
  | |   |         | |       |   +-[VarOp]
  | |   |         | |       |     +-[STNode,5,"i"]
  | |   |         | |     +-[RoutineCallOp]
  | |   |         | |     | | +-[DUMMYnode]
  | |   |         | |     | +-[VarOp]
  | |   |         | |     |   +-[STNode,4,"sum"]
  | |   |         | |   +-[AddOp]
  | |   |         | |   | |   +-[DUMMYnode]
  | |   |         | |   | | +-[CommaOp]
  | |   |         | |   | | | | +-[NUMNode,1]
  | |   |         | |   | | | +-[SubOp]
  | |   |         | |   | | |   | +-[DUMMYnode]
  | |   |         | |   | | |   +-[VarOp]
  | |   |         | |   | | |     +-[STNode,5,"i"]
  | |   |         | |   | +-[RoutineCallOp]
  | |   |         | |   |   | +-[DUMMYnode]
  | |   |         | |   |   +-[VarOp]
  | |   |         | |   |     +-[STNode,4,"sum"]
  | |   |         | | +-[AssignOp]
  | |   |         | | | |   +-[DUMMYnode]
  | |   |         | | | | +-[VarOp]
  | |   |         | | | | | +-[STNode,6,"s"]
  | |   |         | | | +-[AssignOp]
  | |   |         | | |   +-[DUMMYnode]
  | |   |         | +-[StmtOp]
  | |   |         |   +-[DUMMYnode]
  | |   |       +-[IfElseOp]
  | |   |       | |       +-[DUMMYnode]
  | |   |       | |     +-[ReturnOp]
  | |   |       | |     | +-[NUMNode,1]
  | |   |       | |   +-[StmtOp]
  | |   |       | |   | +-[DUMMYnode]
  | |   |       | | +-[CommaOp]
  | |   |       | | | | +-[NUMNode,1]
  | |   |       | | | +-[EQOp]
  | |   |       | | |   | +-[DUMMYnode]
  | |   |       | | |   +-[VarOp]
  | |   |       | | |     +-[STNode,5,"i"]
  | |   |       | +-[IfElseOp]
  | |   |       |   |       +-[DUMMYnode]
  | |   |       |   |     +-[ReturnOp]
  | |   |       |   |     | +-[NUMNode,1]
  | |   |       |   |   +-[StmtOp]
  | |   |       |   |   | +-[DUMMYnode]
  | |   |       |   | +-[CommaOp]
  | |   |       |   | | | +-[NUMNode,0]
  | |   |       |   | | +-[LEOp]
  | |   |       |   | |   | +-[DUMMYnode]
  | |   |       |   | |   +-[VarOp]
  | |   |       |   | |     +-[STNode,5,"i"]
  | |   |       |   +-[IfElseOp]
  | |   |       |     +-[DUMMYnode]
  | |   |     +-[StmtOp]
  | |   |     | +-[DUMMYnode]
  | |   |   +-[BodyOp]
  | |   |   | |       +-[DUMMYnode]
  | |   |   | |     +-[CommaOp]
  | |   |   | |     | | +-[DUMMYnode]
  | |   |   | |     | +-[TypeIdOp]
  | |   |   | |     |   +-[INTEGERTNode]
  | |   |   | |   +-[CommaOp]
  | |   |   | |   | +-[STNode,6,"s"]
  | |   |   | | +-[DeclOp]
  | |   |   | | | +-[DUMMYnode]
  | |   |   | +-[BodyOp]
  | |   |   |   +-[DUMMYnode]
  | |   | +-[MethodOp]
  | |   | | |     +-[DUMMYnode]
  | |   | | |   +-[TypeIdOp]
  | |   | | |   | +-[INTEGERTNode]
  | |   | | | +-[SpecOp]
  | |   | | | | | +-[DUMMYnode]
  | |   | | | | +-[VargTypeOp]
  | |   | | | |   | +-[INTEGERTNode]
  | |   | | | |   +-[CommaOp]
  | |   | | | |     +-[STNode,5,"i"]
  | |   | | +-[HeadOp]
  | |   | |   +-[STNode,4,"sum"]
  | |   +-[BodyOp]
  | |     +-[DUMMYnode]
  +-[ClassOp]
    +-[DUMMYnode]
