**************** SYMBOL TABLE ****************

          Name       Kind Nest-Level Predefined       Type     Init-Node     Offset Dimensions  Arguments LLVMObject

  0    array1d    program          1                                                                                
  1     system      class          2        yes                                                                 null
  2    println   function          3        yes                                                         1     printf
  3    Array1D      class          2                                                                     Array1D.global
  4  arrMember      array          3                 int[]   ArrayTypeOp          0         10                      
  5       main   function          3                   int        BodyOp                                0       main
  6   arrLocal      array          4                 int[]   ArrayTypeOp          0         10              arrLocal
  7          i   variable          4                   int                        1                                i
************* SYNTAX TREE PRINTOUT ***********

  +-[STNode,0,"array1d"]
R-[ProgramOp]
  |   +-[STNode,3,"Array1D"]
  | +-[ClassDefOp]
  | | |         +-[DUMMYnode]
  | | |       +-[ReturnOp]
  | | |       | +-[NUMNode,0]
  | | |     +-[StmtOp]
  | | |     | |         +-[NUMNode,1]
  | | |     | |       +-[AddOp]
  | | |     | |       | | +-[DUMMYnode]
  | | |     | |       | +-[VarOp]
  | | |     | |       |   +-[STNode,7,"i"]
  | | |     | |     +-[AssignOp]
  | | |     | |     | |   +-[DUMMYnode]
  | | |     | |     | | +-[VarOp]
  | | |     | |     | | | +-[STNode,7,"i"]
  | | |     | |     | +-[AssignOp]
  | | |     | |     |   +-[DUMMYnode]
  | | |     | |   +-[StmtOp]
  | | |     | |   | |     +-[DUMMYnode]
  | | |     | |   | |   +-[CommaOp]
  | | |     | |   | |   | |   +-[DUMMYnode]
  | | |     | |   | |   | | +-[SelectOp]
  | | |     | |   | |   | | | | +-[DUMMYnode]
  | | |     | |   | |   | | | +-[IndexOp]
  | | |     | |   | |   | | |   | +-[DUMMYnode]
  | | |     | |   | |   | | |   +-[VarOp]
  | | |     | |   | |   | | |     +-[STNode,7,"i"]
  | | |     | |   | |   | +-[VarOp]
  | | |     | |   | |   |   +-[STNode,6,"arrLocal"]
  | | |     | |   | | +-[RoutineCallOp]
  | | |     | |   | | | |   +-[DUMMYnode]
  | | |     | |   | | | | +-[SelectOp]
  | | |     | |   | | | | | | +-[DUMMYnode]
  | | |     | |   | | | | | +-[FieldOp]
  | | |     | |   | | | | |   +-[STNode,2,"println"]
  | | |     | |   | | | +-[VarOp]
  | | |     | |   | | |   +-[STNode,1,"system"]
  | | |     | |   | +-[StmtOp]
  | | |     | |   |   +-[DUMMYnode]
  | | |     | | +-[LoopOp]
  | | |     | | | | +-[NUMNode,10]
  | | |     | | | +-[LTOp]
  | | |     | | |   | +-[DUMMYnode]
  | | |     | | |   +-[VarOp]
  | | |     | | |     +-[STNode,7,"i"]
  | | |     | +-[StmtOp]
  | | |     |   |   +-[NUMNode,0]
  | | |     |   | +-[AssignOp]
  | | |     |   | | |   +-[DUMMYnode]
  | | |     |   | | | +-[VarOp]
  | | |     |   | | | | +-[STNode,7,"i"]
  | | |     |   | | +-[AssignOp]
  | | |     |   | |   +-[DUMMYnode]
  | | |     |   +-[StmtOp]
  | | |     |     |         +-[NUMNode,1]
  | | |     |     |       +-[AddOp]
  | | |     |     |       | | +-[DUMMYnode]
  | | |     |     |       | +-[VarOp]
  | | |     |     |       |   +-[STNode,7,"i"]
  | | |     |     |     +-[AssignOp]
  | | |     |     |     | |   +-[DUMMYnode]
  | | |     |     |     | | +-[VarOp]
  | | |     |     |     | | | +-[STNode,7,"i"]
  | | |     |     |     | +-[AssignOp]
  | | |     |     |     |   +-[DUMMYnode]
  | | |     |     |   +-[StmtOp]
  | | |     |     |   | |       +-[DUMMYnode]
  | | |     |     |   | |     +-[SelectOp]
  | | |     |     |   | |     | | +-[DUMMYnode]
  | | |     |     |   | |     | +-[IndexOp]
  | | |     |     |   | |     |   | +-[DUMMYnode]
  | | |     |     |   | |     |   +-[VarOp]
  | | |     |     |   | |     |     +-[STNode,7,"i"]
  | | |     |     |   | |   +-[VarOp]
  | | |     |     |   | |   | +-[STNode,4,"arrMember"]
  | | |     |     |   | | +-[AssignOp]
  | | |     |     |   | | | |     +-[DUMMYnode]
  | | |     |     |   | | | |   +-[SelectOp]
  | | |     |     |   | | | |   | | +-[DUMMYnode]
  | | |     |     |   | | | |   | +-[IndexOp]
  | | |     |     |   | | | |   |   | +-[DUMMYnode]
  | | |     |     |   | | | |   |   +-[VarOp]
  | | |     |     |   | | | |   |     +-[STNode,7,"i"]
  | | |     |     |   | | | | +-[VarOp]
  | | |     |     |   | | | | | +-[STNode,6,"arrLocal"]
  | | |     |     |   | | | +-[AssignOp]
  | | |     |     |   | | |   +-[DUMMYnode]
  | | |     |     |   | +-[StmtOp]
  | | |     |     |   |   +-[DUMMYnode]
  | | |     |     | +-[LoopOp]
  | | |     |     | | | +-[NUMNode,10]
  | | |     |     | | +-[LTOp]
  | | |     |     | |   | +-[DUMMYnode]
  | | |     |     | |   +-[VarOp]
  | | |     |     | |     +-[STNode,7,"i"]
  | | |     |     +-[StmtOp]
  | | |     |       |   +-[NUMNode,0]
  | | |     |       | +-[AssignOp]
  | | |     |       | | |   +-[DUMMYnode]
  | | |     |       | | | +-[VarOp]
  | | |     |       | | | | +-[STNode,7,"i"]
  | | |     |       | | +-[AssignOp]
  | | |     |       | |   +-[DUMMYnode]
  | | |     |       +-[StmtOp]
  | | |     |         +-[DUMMYnode]
  | | |   +-[BodyOp]
  | | |   | |       +-[DUMMYnode]
  | | |   | |     +-[CommaOp]
  | | |   | |     | | +-[DUMMYnode]
  | | |   | |     | +-[TypeIdOp]
  | | |   | |     |   +-[INTEGERTNode]
  | | |   | |   +-[CommaOp]
  | | |   | |   | +-[STNode,7,"i"]
  | | |   | | +-[DeclOp]
  | | |   | | | +-[DUMMYnode]
  | | |   | +-[BodyOp]
  | | |   |   |         +-[INTEGERTNode]
  | | |   |   |       +-[ArrayTypeOp]
  | | |   |   |       | | +-[NUMNode,10]
  | | |   |   |       | +-[BoundOp]
  | | |   |   |       |   +-[DUMMYnode]
  | | |   |   |     +-[CommaOp]
  | | |   |   |     | |   +-[DUMMYnode]
  | | |   |   |     | | +-[IndexOp]
  | | |   |   |     | | | +-[DUMMYnode]
  | | |   |   |     | +-[TypeIdOp]
  | | |   |   |     |   +-[INTEGERTNode]
  | | |   |   |   +-[CommaOp]
  | | |   |   |   | +-[STNode,6,"arrLocal"]
  | | |   |   | +-[DeclOp]
  | | |   |   | | +-[DUMMYnode]
  | | |   |   +-[BodyOp]
  | | |   |     +-[DUMMYnode]
  | | | +-[MethodOp]
  | | | | |     +-[DUMMYnode]
  | | | | |   +-[TypeIdOp]
  | | | | |   | +-[INTEGERTNode]
  | | | | | +-[SpecOp]
  | | | | | | +-[DUMMYnode]
  | | | | +-[HeadOp]
  | | | |   +-[STNode,5,"main"]
  | | +-[BodyOp]
  | |   |             +-[DUMMYnode]
  | |   |           +-[IndexOp]
  | |   |           | +-[DUMMYnode]
  | |   |         +-[TypeIdOp]
  | |   |         | +-[INTEGERTNode]
  | |   |       +-[ArrayTypeOp]
  | |   |       | | +-[NUMNode,9]
  | |   |       | +-[CommaOp]
  | |   |       |   | +-[NUMNode,8]
  | |   |       |   +-[CommaOp]
  | |   |       |     | +-[NUMNode,7]
  | |   |       |     +-[CommaOp]
  | |   |       |       | +-[NUMNode,6]
  | |   |       |       +-[CommaOp]
  | |   |       |         | +-[NUMNode,5]
  | |   |       |         +-[CommaOp]
  | |   |       |           | +-[NUMNode,4]
  | |   |       |           +-[CommaOp]
  | |   |       |             | +-[NUMNode,3]
  | |   |       |             +-[CommaOp]
  | |   |       |               | +-[NUMNode,2]
  | |   |       |               +-[CommaOp]
  | |   |       |                 | +-[NUMNode,1]
  | |   |       |                 +-[CommaOp]
  | |   |       |                   | +-[NUMNode,0]
  | |   |       |                   +-[CommaOp]
  | |   |       |                     +-[DUMMYnode]
  | |   |     +-[CommaOp]
  | |   |     | |   +-[DUMMYnode]
  | |   |     | | +-[IndexOp]
  | |   |     | | | +-[DUMMYnode]
  | |   |     | +-[TypeIdOp]
  | |   |     |   +-[INTEGERTNode]
  | |   |   +-[CommaOp]
  | |   |   | +-[STNode,4,"arrMember"]
  | |   | +-[DeclOp]
  | |   | | +-[DUMMYnode]
  | |   +-[BodyOp]
  | |     +-[DUMMYnode]
  +-[ClassOp]
    +-[DUMMYnode]
