**************** SYMBOL TABLE ****************

          Name       Kind Nest-Level Predefined       Type     Init-Node     Offset Dimensions  Arguments LLVMObject

  0    array2d    program          1                                                                                
  1     system      class          2        yes                                                                 null
  2    println   function          3        yes                                                         1     printf
  3    Array2D      class          2                                                                     Array2D.global
  4        arr      array          3               int[][]   ArrayTypeOp          0        3 4                      
  5       main   function          3                   int        BodyOp                                0       main
  6          j   variable          4                   int    NUMNode(0)          0                                j
  7          i   variable          4                   int    NUMNode(0)          1                                i
************* SYNTAX TREE PRINTOUT ***********

  +-[STNode,0,"array2d"]
R-[ProgramOp]
  |   +-[STNode,3,"Array2D"]
  | +-[ClassDefOp]
  | | |         +-[DUMMYnode]
  | | |       +-[ReturnOp]
  | | |       | +-[NUMNode,0]
  | | |     +-[StmtOp]
  | | |     | |         +-[NUMNode,1]
  | | |     | |       +-[AddOp]
  | | |     | |       | | +-[DUMMYnode]
  | | |     | |       | +-[VarOp]
  | | |     | |       |   +-[STNode,7,"i"]
  | | |     | |     +-[AssignOp]
  | | |     | |     | |   +-[DUMMYnode]
  | | |     | |     | | +-[VarOp]
  | | |     | |     | | | +-[STNode,7,"i"]
  | | |     | |     | +-[AssignOp]
  | | |     | |     |   +-[DUMMYnode]
  | | |     | |   +-[StmtOp]
  | | |     | |   | |         +-[NUMNode,1]
  | | |     | |   | |       +-[AddOp]
  | | |     | |   | |       | | +-[DUMMYnode]
  | | |     | |   | |       | +-[VarOp]
  | | |     | |   | |       |   +-[STNode,6,"j"]
  | | |     | |   | |     +-[AssignOp]
  | | |     | |   | |     | |   +-[DUMMYnode]
  | | |     | |   | |     | | +-[VarOp]
  | | |     | |   | |     | | | +-[STNode,6,"j"]
  | | |     | |   | |     | +-[AssignOp]
  | | |     | |   | |     |   +-[DUMMYnode]
  | | |     | |   | |   +-[StmtOp]
  | | |     | |   | |   | |     +-[DUMMYnode]
  | | |     | |   | |   | |   +-[CommaOp]
  | | |     | |   | |   | |   | |     +-[DUMMYnode]
  | | |     | |   | |   | |   | |   +-[SelectOp]
  | | |     | |   | |   | |   | |   | | +-[DUMMYnode]
  | | |     | |   | |   | |   | |   | +-[IndexOp]
  | | |     | |   | |   | |   | |   |   | +-[DUMMYnode]
  | | |     | |   | |   | |   | |   |   +-[VarOp]
  | | |     | |   | |   | |   | |   |     +-[STNode,6,"j"]
  | | |     | |   | |   | |   | | +-[SelectOp]
  | | |     | |   | |   | |   | | | | +-[DUMMYnode]
  | | |     | |   | |   | |   | | | +-[IndexOp]
  | | |     | |   | |   | |   | | |   | +-[DUMMYnode]
  | | |     | |   | |   | |   | | |   +-[VarOp]
  | | |     | |   | |   | |   | | |     +-[STNode,7,"i"]
  | | |     | |   | |   | |   | +-[VarOp]
  | | |     | |   | |   | |   |   +-[STNode,4,"arr"]
  | | |     | |   | |   | | +-[RoutineCallOp]
  | | |     | |   | |   | | | |   +-[DUMMYnode]
  | | |     | |   | |   | | | | +-[SelectOp]
  | | |     | |   | |   | | | | | | +-[DUMMYnode]
  | | |     | |   | |   | | | | | +-[FieldOp]
  | | |     | |   | |   | | | | |   +-[STNode,2,"println"]
  | | |     | |   | |   | | | +-[VarOp]
  | | |     | |   | |   | | |   +-[STNode,1,"system"]
  | | |     | |   | |   | +-[StmtOp]
  | | |     | |   | |   |   |       +-[DUMMYnode]
  | | |     | |   | |   |   |     +-[VarOp]
  | | |     | |   | |   |   |     | +-[STNode,6,"j"]
  | | |     | |   | |   |   |   +-[AddOp]
  | | |     | |   | |   |   |   | | +-[NUMNode,4]
  | | |     | |   | |   |   |   | +-[MultOp]
  | | |     | |   | |   |   |   |   | +-[DUMMYnode]
  | | |     | |   | |   |   |   |   +-[VarOp]
  | | |     | |   | |   |   |   |     +-[STNode,7,"i"]
  | | |     | |   | |   |   | +-[AssignOp]
  | | |     | |   | |   |   | | |       +-[DUMMYnode]
  | | |     | |   | |   |   | | |     +-[SelectOp]
  | | |     | |   | |   |   | | |     | | +-[DUMMYnode]
  | | |     | |   | |   |   | | |     | +-[IndexOp]
  | | |     | |   | |   |   | | |     |   | +-[DUMMYnode]
  | | |     | |   | |   |   | | |     |   +-[VarOp]
  | | |     | |   | |   |   | | |     |     +-[STNode,6,"j"]
  | | |     | |   | |   |   | | |   +-[SelectOp]
  | | |     | |   | |   |   | | |   | | +-[DUMMYnode]
  | | |     | |   | |   |   | | |   | +-[IndexOp]
  | | |     | |   | |   |   | | |   |   | +-[DUMMYnode]
  | | |     | |   | |   |   | | |   |   +-[VarOp]
  | | |     | |   | |   |   | | |   |     +-[STNode,7,"i"]
  | | |     | |   | |   |   | | | +-[VarOp]
  | | |     | |   | |   |   | | | | +-[STNode,4,"arr"]
  | | |     | |   | |   |   | | +-[AssignOp]
  | | |     | |   | |   |   | |   +-[DUMMYnode]
  | | |     | |   | |   |   +-[StmtOp]
  | | |     | |   | |   |     +-[DUMMYnode]
  | | |     | |   | | +-[LoopOp]
  | | |     | |   | | | | +-[NUMNode,4]
  | | |     | |   | | | +-[LTOp]
  | | |     | |   | | |   | +-[DUMMYnode]
  | | |     | |   | | |   +-[VarOp]
  | | |     | |   | | |     +-[STNode,6,"j"]
  | | |     | |   | +-[StmtOp]
  | | |     | |   |   |   +-[NUMNode,0]
  | | |     | |   |   | +-[AssignOp]
  | | |     | |   |   | | |   +-[DUMMYnode]
  | | |     | |   |   | | | +-[VarOp]
  | | |     | |   |   | | | | +-[STNode,6,"j"]
  | | |     | |   |   | | +-[AssignOp]
  | | |     | |   |   | |   +-[DUMMYnode]
  | | |     | |   |   +-[StmtOp]
  | | |     | |   |     +-[DUMMYnode]
  | | |     | | +-[LoopOp]
  | | |     | | | | +-[NUMNode,3]
  | | |     | | | +-[LTOp]
  | | |     | | |   | +-[DUMMYnode]
  | | |     | | |   +-[VarOp]
  | | |     | | |     +-[STNode,7,"i"]
  | | |     | +-[StmtOp]
  | | |     |   +-[DUMMYnode]
  | | |   +-[BodyOp]
  | | |   | |       +-[NUMNode,0]
  | | |   | |     +-[CommaOp]
  | | |   | |     | | +-[DUMMYnode]
  | | |   | |     | +-[TypeIdOp]
  | | |   | |     |   +-[INTEGERTNode]
  | | |   | |   +-[CommaOp]
  | | |   | |   | +-[STNode,6,"j"]
  | | |   | | +-[DeclOp]
  | | |   | | | |     +-[NUMNode,0]
  | | |   | | | |   +-[CommaOp]
  | | |   | | | |   | | +-[DUMMYnode]
  | | |   | | | |   | +-[TypeIdOp]
  | | |   | | | |   |   +-[INTEGERTNode]
  | | |   | | | | +-[CommaOp]
  | | |   | | | | | +-[STNode,7,"i"]
  | | |   | | | +-[DeclOp]
  | | |   | | |   +-[DUMMYnode]
  | | |   | +-[BodyOp]
  | | |   |   +-[DUMMYnode]
  | | | +-[MethodOp]
  | | | | |     +-[DUMMYnode]
  | | | | |   +-[TypeIdOp]
  | | | | |   | +-[INTEGERTNode]
  | | | | | +-[SpecOp]
  | | | | | | +-[DUMMYnode]
  | | | | +-[HeadOp]
  | | | |   +-[STNode,5,"main"]
  | | +-[BodyOp]
  | |   |         +-[INTEGERTNode]
  | |   |       +-[ArrayTypeOp]
  | |   |       | | +-[NUMNode,4]
  | |   |       | +-[BoundOp]
  | |   |       |   | +-[NUMNode,3]
  | |   |       |   +-[BoundOp]
  | |   |       |     +-[DUMMYnode]
  | |   |     +-[CommaOp]
  | |   |     | |     +-[DUMMYnode]
  | |   |     | |   +-[IndexOp]
  | |   |     | |   | +-[DUMMYnode]
  | |   |     | | +-[IndexOp]
  | |   |     | | | +-[DUMMYnode]
  | |   |     | +-[TypeIdOp]
  | |   |     |   +-[INTEGERTNode]
  | |   |   +-[CommaOp]
  | |   |   | +-[STNode,4,"arr"]
  | |   | +-[DeclOp]
  | |   | | +-[DUMMYnode]
  | |   +-[BodyOp]
  | |     +-[DUMMYnode]
  +-[ClassOp]
    +-[DUMMYnode]
