**************** SYMBOL TABLE ****************

          Name       Kind Nest-Level Predefined       Type     Init-Node     Offset Dimensions  Arguments LLVMObject

  0        fib    program          1                                                                                
  1     system      class          2        yes                                                                 null
  2    println   function          3        yes                                                         1     printf
  3        Fib      class          2                                                                      Fib.global
  4        fib   function          3                   int        BodyOp                                1        fib
  5          i    ref_arg          4                   int                        0                                i
  6        ret   variable          4                   int                        0                              ret
  7       main   function          3                   int        BodyOp                                0       main
  8          i   variable          4                   int    NUMNode(1)          0                                i
************* SYNTAX TREE PRINTOUT ***********

  +-[STNode,0,"fib"]
R-[ProgramOp]
  |   +-[STNode,3,"Fib"]
  | +-[ClassDefOp]
  | | |         +-[DUMMYnode]
  | | |       +-[ReturnOp]
  | | |       | +-[NUMNode,0]
  | | |     +-[StmtOp]
  | | |     | |         +-[DUMMYnode]
  | | |     | |       +-[CommaOp]
  | | |     | |       | |   +-[DUMMYnode]
  | | |     | |       | | +-[CommaOp]
  | | |     | |       | | | | +-[DUMMYnode]
  | | |     | |       | | | +-[VarOp]
  | | |     | |       | | |   +-[STNode,8,"i"]
  | | |     | |       | +-[RoutineCallOp]
  | | |     | |       |   | +-[DUMMYnode]
  | | |     | |       |   +-[VarOp]
  | | |     | |       |     +-[STNode,4,"fib"]
  | | |     | |     +-[RoutineCallOp]
  | | |     | |     | |   +-[DUMMYnode]
  | | |     | |     | | +-[SelectOp]
  | | |     | |     | | | | +-[DUMMYnode]
  | | |     | |     | | | +-[FieldOp]
  | | |     | |     | | |   +-[STNode,2,"println"]
  | | |     | |     | +-[VarOp]
  | | |     | |     |   +-[STNode,1,"system"]
  | | |     | |   +-[StmtOp]
  | | |     | |   | |     +-[NUMNode,1]
  | | |     | |   | |   +-[AddOp]
  | | |     | |   | |   | | +-[DUMMYnode]
  | | |     | |   | |   | +-[VarOp]
  | | |     | |   | |   |   +-[STNode,8,"i"]
  | | |     | |   | | +-[AssignOp]
  | | |     | |   | | | |   +-[DUMMYnode]
  | | |     | |   | | | | +-[VarOp]
  | | |     | |   | | | | | +-[STNode,8,"i"]
  | | |     | |   | | | +-[AssignOp]
  | | |     | |   | | |   +-[DUMMYnode]
  | | |     | |   | +-[StmtOp]
  | | |     | |   |   +-[DUMMYnode]
  | | |     | | +-[LoopOp]
  | | |     | | | | +-[NUMNode,10]
  | | |     | | | +-[LTOp]
  | | |     | | |   | +-[DUMMYnode]
  | | |     | | |   +-[VarOp]
  | | |     | | |     +-[STNode,8,"i"]
  | | |     | +-[StmtOp]
  | | |     |   +-[DUMMYnode]
  | | |   +-[BodyOp]
  | | |   | |       +-[NUMNode,1]
  | | |   | |     +-[CommaOp]
  | | |   | |     | | +-[DUMMYnode]
  | | |   | |     | +-[TypeIdOp]
  | | |   | |     |   +-[INTEGERTNode]
  | | |   | |   +-[CommaOp]
  | | |   | |   | +-[STNode,8,"i"]
  | | |   | | +-[DeclOp]
  | | |   | | | +-[DUMMYnode]
  | | |   | +-[BodyOp]
  | | |   |   +-[DUMMYnode]
  | | | +-[MethodOp]
  | | | | |     +-[DUMMYnode]
  | | | | |   +-[TypeIdOp]
  | | | | |   | +-[INTEGERTNode]
  | | | | | +-[SpecOp]
  | | | | | | +-[DUMMYnode]
  | | | | +-[HeadOp]
  | | | |   +-[STNode,7,"main"]
  | | +-[BodyOp]
  | |   |         +-[DUMMYnode]
  | |   |       +-[ReturnOp]
  | |   |       | | +-[DUMMYnode]
  | |   |       | +-[VarOp]
  | |   |       |   +-[STNode,6,"ret"]
  | |   |     +-[StmtOp]
  | |   |     | |             +-[DUMMYnode]
  | |   |     | |           +-[CommaOp]
  | |   |     | |           | | +-[NUMNode,2]
  | |   |     | |           | +-[SubOp]
  | |   |     | |           |   | +-[DUMMYnode]
  | |   |     | |           |   +-[VarOp]
  | |   |     | |           |     +-[STNode,5,"i"]
  | |   |     | |         +-[RoutineCallOp]
  | |   |     | |         | | +-[DUMMYnode]
  | |   |     | |         | +-[VarOp]
  | |   |     | |         |   +-[STNode,4,"fib"]
  | |   |     | |       +-[AddOp]
  | |   |     | |       | |   +-[DUMMYnode]
  | |   |     | |       | | +-[CommaOp]
  | |   |     | |       | | | | +-[NUMNode,1]
  | |   |     | |       | | | +-[SubOp]
  | |   |     | |       | | |   | +-[DUMMYnode]
  | |   |     | |       | | |   +-[VarOp]
  | |   |     | |       | | |     +-[STNode,5,"i"]
  | |   |     | |       | +-[RoutineCallOp]
  | |   |     | |       |   | +-[DUMMYnode]
  | |   |     | |       |   +-[VarOp]
  | |   |     | |       |     +-[STNode,4,"fib"]
  | |   |     | |     +-[AssignOp]
  | |   |     | |     | |   +-[DUMMYnode]
  | |   |     | |     | | +-[VarOp]
  | |   |     | |     | | | +-[STNode,6,"ret"]
  | |   |     | |     | +-[AssignOp]
  | |   |     | |     |   +-[DUMMYnode]
  | |   |     | |   +-[StmtOp]
  | |   |     | |   | +-[DUMMYnode]
  | |   |     | | +-[IfElseOp]
  | |   |     | | | |       +-[NUMNode,1]
  | |   |     | | | |     +-[AssignOp]
  | |   |     | | | |     | |   +-[DUMMYnode]
  | |   |     | | | |     | | +-[VarOp]
  | |   |     | | | |     | | | +-[STNode,6,"ret"]
  | |   |     | | | |     | +-[AssignOp]
  | |   |     | | | |     |   +-[DUMMYnode]
  | |   |     | | | |   +-[StmtOp]
  | |   |     | | | |   | +-[DUMMYnode]
  | |   |     | | | | +-[CommaOp]
  | |   |     | | | | | | +-[NUMNode,3]
  | |   |     | | | | | +-[LTOp]
  | |   |     | | | | |   | +-[DUMMYnode]
  | |   |     | | | | |   +-[VarOp]
  | |   |     | | | | |     +-[STNode,5,"i"]
  | |   |     | | | +-[IfElseOp]
  | |   |     | | |   +-[DUMMYnode]
  | |   |     | +-[StmtOp]
  | |   |     |   +-[DUMMYnode]
  | |   |   +-[BodyOp]
  | |   |   | |       +-[DUMMYnode]
  | |   |   | |     +-[CommaOp]
  | |   |   | |     | | +-[DUMMYnode]
  | |   |   | |     | +-[TypeIdOp]
  | |   |   | |     |   +-[INTEGERTNode]
  | |   |   | |   +-[CommaOp]
  | |   |   | |   | +-[STNode,6,"ret"]
  | |   |   | | +-[DeclOp]
  | |   |   | | | +-[DUMMYnode]
  | |   |   | +-[BodyOp]
  | |   |   |   +-[DUMMYnode]
  | |   | +-[MethodOp]
  | |   | | |     +-[DUMMYnode]
  | |   | | |   +-[TypeIdOp]
  | |   | | |   | +-[INTEGERTNode]
  | |   | | | +-[SpecOp]
  | |   | | | | | +-[DUMMYnode]
  | |   | | | | +-[RArgTypeOp]
  | |   | | | |   | +-[INTEGERTNode]
  | |   | | | |   +-[CommaOp]
  | |   | | | |     +-[STNode,5,"i"]
  | |   | | +-[HeadOp]
  | |   | |   +-[STNode,4,"fib"]
  | |   +-[BodyOp]
  | |     +-[DUMMYnode]
  +-[ClassOp]
    +-[DUMMYnode]
