**************** SYMBOL TABLE ****************

          Name       Kind Nest-Level Predefined       Type     Init-Node     Offset Dimensions  Arguments LLVMObject

  0  functions    program          1                                                                                
  1     system      class          2        yes                                                                 null
  2    println   function          3        yes                                                         1     printf
  3  Functions      class          2                                                                     Functions.global
  4       func   function          3                   int        BodyOp                                0       func
  5       main   function          3                   int        BodyOp                                0       main
************* SYNTAX TREE PRINTOUT ***********

  +-[STNode,0,"functions"]
R-[ProgramOp]
  |   +-[STNode,3,"Functions"]
  | +-[ClassDefOp]
  | | |         +-[DUMMYnode]
  | | |       +-[ReturnOp]
  | | |       | +-[NUMNode,0]
  | | |     +-[StmtOp]
  | | |     | |     +-[DUMMYnode]
  | | |     | |   +-[CommaOp]
  | | |     | |   | |   +-[DUMMYnode]
  | | |     | |   | | +-[RoutineCallOp]
  | | |     | |   | | | | +-[DUMMYnode]
  | | |     | |   | | | +-[VarOp]
  | | |     | |   | | |   +-[STNode,4,"func"]
  | | |     | |   | +-[AddOp]
  | | |     | |   |   | +-[DUMMYnode]
  | | |     | |   |   +-[RoutineCallOp]
  | | |     | |   |     | +-[DUMMYnode]
  | | |     | |   |     +-[VarOp]
  | | |     | |   |       +-[STNode,4,"func"]
  | | |     | | +-[RoutineCallOp]
  | | |     | | | |   +-[DUMMYnode]
  | | |     | | | | +-[SelectOp]
  | | |     | | | | | | +-[DUMMYnode]
  | | |     | | | | | +-[FieldOp]
  | | |     | | | | |   +-[STNode,2,"println"]
  | | |     | | | +-[VarOp]
  | | |     | | |   +-[STNode,1,"system"]
  | | |     | +-[StmtOp]
  | | |     |   +-[DUMMYnode]
  | | |   +-[BodyOp]
  | | |   | +-[DUMMYnode]
  | | | +-[MethodOp]
  | | | | |     +-[DUMMYnode]
  | | | | |   +-[TypeIdOp]
  | | | | |   | +-[INTEGERTNode]
  | | | | | +-[SpecOp]
  | | | | | | +-[DUMMYnode]
  | | | | +-[HeadOp]
  | | | |   +-[STNode,5,"main"]
  | | +-[BodyOp]
  | |   |         +-[DUMMYnode]
  | |   |       +-[ReturnOp]
  | |   |       | +-[NUMNode,55]
  | |   |     +-[StmtOp]
  | |   |     | +-[DUMMYnode]
  | |   |   +-[BodyOp]
  | |   |   | +-[DUMMYnode]
  | |   | +-[MethodOp]
  | |   | | |     +-[DUMMYnode]
  | |   | | |   +-[TypeIdOp]
  | |   | | |   | +-[INTEGERTNode]
  | |   | | | +-[SpecOp]
  | |   | | | | +-[DUMMYnode]
  | |   | | +-[HeadOp]
  | |   | |   +-[STNode,4,"func"]
  | |   +-[BodyOp]
  | |     +-[DUMMYnode]
  +-[ClassOp]
    +-[DUMMYnode]
