**************** SYMBOL TABLE ****************

          Name       Kind Nest-Level Predefined       Type     Init-Node     Offset Dimensions  Arguments LLVMObject

  0     ifelse    program          1                                                                                
  1     system      class          2        yes                                                                 null
  2     readln   function          3        yes                                                         1      scanf
  3    println   function          3        yes                                                         1     printf
  4     IfElse      class          2                                                                     IfElse.global
  5       main   function          3                   int        BodyOp                                0       main
  6          x   variable          4                   int                        0                                x
  7          i   variable          4                   int                        1                                i
************* SYNTAX TREE PRINTOUT ***********

  +-[STNode,0,"ifelse"]
R-[ProgramOp]
  |   +-[STNode,4,"IfElse"]
  | +-[ClassDefOp]
  | | |         +-[DUMMYnode]
  | | |       +-[ReturnOp]
  | | |       | +-[NUMNode,0]
  | | |     +-[StmtOp]
  | | |     | |     +-[DUMMYnode]
  | | |     | |   +-[CommaOp]
  | | |     | |   | | +-[DUMMYnode]
  | | |     | |   | +-[VarOp]
  | | |     | |   |   +-[STNode,7,"i"]
  | | |     | | +-[RoutineCallOp]
  | | |     | | | |   +-[DUMMYnode]
  | | |     | | | | +-[SelectOp]
  | | |     | | | | | | +-[DUMMYnode]
  | | |     | | | | | +-[FieldOp]
  | | |     | | | | |   +-[STNode,3,"println"]
  | | |     | | | +-[VarOp]
  | | |     | | |   +-[STNode,1,"system"]
  | | |     | +-[StmtOp]
  | | |     |   |     +-[DUMMYnode]
  | | |     |   |   +-[CommaOp]
  | | |     |   |   | +-[STRINGNode,45,"i="]
  | | |     |   | +-[RoutineCallOp]
  | | |     |   | | |   +-[DUMMYnode]
  | | |     |   | | | +-[SelectOp]
  | | |     |   | | | | | +-[DUMMYnode]
  | | |     |   | | | | +-[FieldOp]
  | | |     |   | | | |   +-[STNode,3,"println"]
  | | |     |   | | +-[VarOp]
  | | |     |   | |   +-[STNode,1,"system"]
  | | |     |   +-[StmtOp]
  | | |     |     |       +-[NUMNode,4]
  | | |     |     |     +-[AssignOp]
  | | |     |     |     | |   +-[DUMMYnode]
  | | |     |     |     | | +-[VarOp]
  | | |     |     |     | | | +-[STNode,7,"i"]
  | | |     |     |     | +-[AssignOp]
  | | |     |     |     |   +-[DUMMYnode]
  | | |     |     |   +-[StmtOp]
  | | |     |     |   | +-[DUMMYnode]
  | | |     |     | +-[IfElseOp]
  | | |     |     | | |       +-[NUMNode,3]
  | | |     |     | | |     +-[AssignOp]
  | | |     |     | | |     | |   +-[DUMMYnode]
  | | |     |     | | |     | | +-[VarOp]
  | | |     |     | | |     | | | +-[STNode,7,"i"]
  | | |     |     | | |     | +-[AssignOp]
  | | |     |     | | |     |   +-[DUMMYnode]
  | | |     |     | | |   +-[StmtOp]
  | | |     |     | | |   | +-[DUMMYnode]
  | | |     |     | | | +-[CommaOp]
  | | |     |     | | | | | +-[NUMNode,3]
  | | |     |     | | | | +-[GTOp]
  | | |     |     | | | |   | +-[DUMMYnode]
  | | |     |     | | | |   +-[VarOp]
  | | |     |     | | | |     +-[STNode,6,"x"]
  | | |     |     | | +-[IfElseOp]
  | | |     |     | |   |       +-[NUMNode,2]
  | | |     |     | |   |     +-[AssignOp]
  | | |     |     | |   |     | |   +-[DUMMYnode]
  | | |     |     | |   |     | | +-[VarOp]
  | | |     |     | |   |     | | | +-[STNode,7,"i"]
  | | |     |     | |   |     | +-[AssignOp]
  | | |     |     | |   |     |   +-[DUMMYnode]
  | | |     |     | |   |   +-[StmtOp]
  | | |     |     | |   |   | +-[DUMMYnode]
  | | |     |     | |   | +-[CommaOp]
  | | |     |     | |   | | | +-[NUMNode,6]
  | | |     |     | |   | | +-[GTOp]
  | | |     |     | |   | |   | +-[DUMMYnode]
  | | |     |     | |   | |   +-[VarOp]
  | | |     |     | |   | |     +-[STNode,6,"x"]
  | | |     |     | |   +-[IfElseOp]
  | | |     |     | |     +-[DUMMYnode]
  | | |     |     +-[StmtOp]
  | | |     |       |         +-[NUMNode,1]
  | | |     |       |       +-[AssignOp]
  | | |     |       |       | |   +-[DUMMYnode]
  | | |     |       |       | | +-[VarOp]
  | | |     |       |       | | | +-[STNode,7,"i"]
  | | |     |       |       | +-[AssignOp]
  | | |     |       |       |   +-[DUMMYnode]
  | | |     |       |     +-[StmtOp]
  | | |     |       |     | +-[DUMMYnode]
  | | |     |       |   +-[CommaOp]
  | | |     |       |   | | +-[NUMNode,10]
  | | |     |       |   | +-[GTOp]
  | | |     |       |   |   | +-[DUMMYnode]
  | | |     |       |   |   +-[VarOp]
  | | |     |       |   |     +-[STNode,6,"x"]
  | | |     |       | +-[IfElseOp]
  | | |     |       | | +-[DUMMYnode]
  | | |     |       +-[StmtOp]
  | | |     |         |     +-[DUMMYnode]
  | | |     |         |   +-[CommaOp]
  | | |     |         |   | | +-[DUMMYnode]
  | | |     |         |   | +-[VarOp]
  | | |     |         |   |   +-[STNode,6,"x"]
  | | |     |         | +-[RoutineCallOp]
  | | |     |         | | |   +-[DUMMYnode]
  | | |     |         | | | +-[SelectOp]
  | | |     |         | | | | | +-[DUMMYnode]
  | | |     |         | | | | +-[FieldOp]
  | | |     |         | | | |   +-[STNode,2,"readln"]
  | | |     |         | | +-[VarOp]
  | | |     |         | |   +-[STNode,1,"system"]
  | | |     |         +-[StmtOp]
  | | |     |           +-[DUMMYnode]
  | | |   +-[BodyOp]
  | | |   | |       +-[DUMMYnode]
  | | |   | |     +-[CommaOp]
  | | |   | |     | | +-[DUMMYnode]
  | | |   | |     | +-[TypeIdOp]
  | | |   | |     |   +-[INTEGERTNode]
  | | |   | |   +-[CommaOp]
  | | |   | |   | +-[STNode,7,"i"]
  | | |   | | +-[DeclOp]
  | | |   | | | +-[DUMMYnode]
  | | |   | +-[BodyOp]
  | | |   |   |       +-[DUMMYnode]
  | | |   |   |     +-[CommaOp]
  | | |   |   |     | | +-[DUMMYnode]
  | | |   |   |     | +-[TypeIdOp]
  | | |   |   |     |   +-[INTEGERTNode]
  | | |   |   |   +-[CommaOp]
  | | |   |   |   | +-[STNode,6,"x"]
  | | |   |   | +-[DeclOp]
  | | |   |   | | +-[DUMMYnode]
  | | |   |   +-[BodyOp]
  | | |   |     +-[DUMMYnode]
  | | | +-[MethodOp]
  | | | | |     +-[DUMMYnode]
  | | | | |   +-[TypeIdOp]
  | | | | |   | +-[INTEGERTNode]
  | | | | | +-[SpecOp]
  | | | | | | +-[DUMMYnode]
  | | | | +-[HeadOp]
  | | | |   +-[STNode,5,"main"]
  | | +-[BodyOp]
  | |   +-[DUMMYnode]
  +-[ClassOp]
    +-[DUMMYnode]
