**************** SYMBOL TABLE ****************

          Name       Kind Nest-Level Predefined       Type     Init-Node     Offset Dimensions  Arguments LLVMObject

  0ifelsewhile    program          1                                                                                
  1     system      class          2        yes                                                                 null
  2     readln   function          3        yes                                                         1      scanf
  3    println   function          3        yes                                                         1     printf
  4IfElseWhile      class          2                                                                     IfElseWhile.global
  5       main   function          3                   int        BodyOp                                0       main
  6          x   variable          4                   int                        0                                x
  7          y   variable          4                   int                        1                                y
************* SYNTAX TREE PRINTOUT ***********

  +-[STNode,0,"ifelsewhile"]
R-[ProgramOp]
  |   +-[STNode,4,"IfElseWhile"]
  | +-[ClassDefOp]
  | | |         +-[DUMMYnode]
  | | |       +-[ReturnOp]
  | | |       | +-[NUMNode,0]
  | | |     +-[StmtOp]
  | | |     | |     +-[DUMMYnode]
  | | |     | |   +-[CommaOp]
  | | |     | |   | | +-[DUMMYnode]
  | | |     | |   | +-[VarOp]
  | | |     | |   |   +-[STNode,7,"y"]
  | | |     | | +-[RoutineCallOp]
  | | |     | | | |   +-[DUMMYnode]
  | | |     | | | | +-[SelectOp]
  | | |     | | | | | | +-[DUMMYnode]
  | | |     | | | | | +-[FieldOp]
  | | |     | | | | |   +-[STNode,3,"println"]
  | | |     | | | +-[VarOp]
  | | |     | | |   +-[STNode,1,"system"]
  | | |     | +-[StmtOp]
  | | |     |   |     +-[DUMMYnode]
  | | |     |   |   +-[CommaOp]
  | | |     |   |   | +-[STRINGNode,70,"y="]
  | | |     |   | +-[RoutineCallOp]
  | | |     |   | | |   +-[DUMMYnode]
  | | |     |   | | | +-[SelectOp]
  | | |     |   | | | | | +-[DUMMYnode]
  | | |     |   | | | | +-[FieldOp]
  | | |     |   | | | |   +-[STNode,3,"println"]
  | | |     |   | | +-[VarOp]
  | | |     |   | |   +-[STNode,1,"system"]
  | | |     |   +-[StmtOp]
  | | |     |     |         +-[NUMNode,1]
  | | |     |     |       +-[AddOp]
  | | |     |     |       | | +-[DUMMYnode]
  | | |     |     |       | +-[VarOp]
  | | |     |     |       |   +-[STNode,6,"x"]
  | | |     |     |     +-[AssignOp]
  | | |     |     |     | |   +-[DUMMYnode]
  | | |     |     |     | | +-[VarOp]
  | | |     |     |     | | | +-[STNode,6,"x"]
  | | |     |     |     | +-[AssignOp]
  | | |     |     |     |   +-[DUMMYnode]
  | | |     |     |   +-[StmtOp]
  | | |     |     |   | |       +-[DUMMYnode]
  | | |     |     |   | |     +-[VarOp]
  | | |     |     |   | |     | +-[STNode,6,"x"]
  | | |     |     |   | |   +-[AddOp]
  | | |     |     |   | |   | | +-[DUMMYnode]
  | | |     |     |   | |   | +-[VarOp]
  | | |     |     |   | |   |   +-[STNode,7,"y"]
  | | |     |     |   | | +-[AssignOp]
  | | |     |     |   | | | |   +-[DUMMYnode]
  | | |     |     |   | | | | +-[VarOp]
  | | |     |     |   | | | | | +-[STNode,7,"y"]
  | | |     |     |   | | | +-[AssignOp]
  | | |     |     |   | | |   +-[DUMMYnode]
  | | |     |     |   | +-[StmtOp]
  | | |     |     |   |   +-[DUMMYnode]
  | | |     |     | +-[LoopOp]
  | | |     |     | | | +-[NUMNode,10]
  | | |     |     | | +-[LEOp]
  | | |     |     | |   | +-[DUMMYnode]
  | | |     |     | |   +-[VarOp]
  | | |     |     | |     +-[STNode,6,"x"]
  | | |     |     +-[StmtOp]
  | | |     |       |   +-[NUMNode,0]
  | | |     |       | +-[AssignOp]
  | | |     |       | | |   +-[DUMMYnode]
  | | |     |       | | | +-[VarOp]
  | | |     |       | | | | +-[STNode,7,"y"]
  | | |     |       | | +-[AssignOp]
  | | |     |       | |   +-[DUMMYnode]
  | | |     |       +-[StmtOp]
  | | |     |         |   +-[NUMNode,1]
  | | |     |         | +-[AssignOp]
  | | |     |         | | |   +-[DUMMYnode]
  | | |     |         | | | +-[VarOp]
  | | |     |         | | | | +-[STNode,6,"x"]
  | | |     |         | | +-[AssignOp]
  | | |     |         | |   +-[DUMMYnode]
  | | |     |         +-[StmtOp]
  | | |     |           |         +-[DUMMYnode]
  | | |     |           |       +-[CommaOp]
  | | |     |           |       | +-[STRINGNode,66,"<=5"]
  | | |     |           |     +-[RoutineCallOp]
  | | |     |           |     | |   +-[DUMMYnode]
  | | |     |           |     | | +-[SelectOp]
  | | |     |           |     | | | | +-[DUMMYnode]
  | | |     |           |     | | | +-[FieldOp]
  | | |     |           |     | | |   +-[STNode,3,"println"]
  | | |     |           |     | +-[VarOp]
  | | |     |           |     |   +-[STNode,1,"system"]
  | | |     |           |   +-[StmtOp]
  | | |     |           |   | +-[DUMMYnode]
  | | |     |           | +-[IfElseOp]
  | | |     |           | | |         +-[DUMMYnode]
  | | |     |           | | |       +-[CommaOp]
  | | |     |           | | |       | +-[STRINGNode,63,">5"]
  | | |     |           | | |     +-[RoutineCallOp]
  | | |     |           | | |     | |   +-[DUMMYnode]
  | | |     |           | | |     | | +-[SelectOp]
  | | |     |           | | |     | | | | +-[DUMMYnode]
  | | |     |           | | |     | | | +-[FieldOp]
  | | |     |           | | |     | | |   +-[STNode,3,"println"]
  | | |     |           | | |     | +-[VarOp]
  | | |     |           | | |     |   +-[STNode,1,"system"]
  | | |     |           | | |   +-[StmtOp]
  | | |     |           | | |   | +-[DUMMYnode]
  | | |     |           | | | +-[CommaOp]
  | | |     |           | | | | | +-[NUMNode,5]
  | | |     |           | | | | +-[GTOp]
  | | |     |           | | | |   | +-[DUMMYnode]
  | | |     |           | | | |   +-[VarOp]
  | | |     |           | | | |     +-[STNode,6,"x"]
  | | |     |           | | +-[IfElseOp]
  | | |     |           | |   |       +-[DUMMYnode]
  | | |     |           | |   |     +-[ReturnOp]
  | | |     |           | |   |     | +-[NUMNode,0]
  | | |     |           | |   |   +-[StmtOp]
  | | |     |           | |   |   | |     +-[DUMMYnode]
  | | |     |           | |   |   | |   +-[CommaOp]
  | | |     |           | |   |   | |   | +-[STRINGNode,59,">10"]
  | | |     |           | |   |   | | +-[RoutineCallOp]
  | | |     |           | |   |   | | | |   +-[DUMMYnode]
  | | |     |           | |   |   | | | | +-[SelectOp]
  | | |     |           | |   |   | | | | | | +-[DUMMYnode]
  | | |     |           | |   |   | | | | | +-[FieldOp]
  | | |     |           | |   |   | | | | |   +-[STNode,3,"println"]
  | | |     |           | |   |   | | | +-[VarOp]
  | | |     |           | |   |   | | |   +-[STNode,1,"system"]
  | | |     |           | |   |   | +-[StmtOp]
  | | |     |           | |   |   |   +-[DUMMYnode]
  | | |     |           | |   | +-[CommaOp]
  | | |     |           | |   | | | +-[NUMNode,10]
  | | |     |           | |   | | +-[GTOp]
  | | |     |           | |   | |   | +-[DUMMYnode]
  | | |     |           | |   | |   +-[VarOp]
  | | |     |           | |   | |     +-[STNode,6,"x"]
  | | |     |           | |   +-[IfElseOp]
  | | |     |           | |     +-[DUMMYnode]
  | | |     |           +-[StmtOp]
  | | |     |             |     +-[DUMMYnode]
  | | |     |             |   +-[CommaOp]
  | | |     |             |   | | +-[DUMMYnode]
  | | |     |             |   | +-[VarOp]
  | | |     |             |   |   +-[STNode,6,"x"]
  | | |     |             | +-[RoutineCallOp]
  | | |     |             | | |   +-[DUMMYnode]
  | | |     |             | | | +-[SelectOp]
  | | |     |             | | | | | +-[DUMMYnode]
  | | |     |             | | | | +-[FieldOp]
  | | |     |             | | | |   +-[STNode,2,"readln"]
  | | |     |             | | +-[VarOp]
  | | |     |             | |   +-[STNode,1,"system"]
  | | |     |             +-[StmtOp]
  | | |     |               |     +-[DUMMYnode]
  | | |     |               |   +-[CommaOp]
  | | |     |               |   | +-[STRINGNode,48,"x=?"]
  | | |     |               | +-[RoutineCallOp]
  | | |     |               | | |   +-[DUMMYnode]
  | | |     |               | | | +-[SelectOp]
  | | |     |               | | | | | +-[DUMMYnode]
  | | |     |               | | | | +-[FieldOp]
  | | |     |               | | | |   +-[STNode,3,"println"]
  | | |     |               | | +-[VarOp]
  | | |     |               | |   +-[STNode,1,"system"]
  | | |     |               +-[StmtOp]
  | | |     |                 +-[DUMMYnode]
  | | |   +-[BodyOp]
  | | |   | |       +-[DUMMYnode]
  | | |   | |     +-[CommaOp]
  | | |   | |     | | +-[DUMMYnode]
  | | |   | |     | +-[TypeIdOp]
  | | |   | |     |   +-[INTEGERTNode]
  | | |   | |   +-[CommaOp]
  | | |   | |   | +-[STNode,7,"y"]
  | | |   | | +-[DeclOp]
  | | |   | | | +-[DUMMYnode]
  | | |   | +-[BodyOp]
  | | |   |   |       +-[DUMMYnode]
  | | |   |   |     +-[CommaOp]
  | | |   |   |     | | +-[DUMMYnode]
  | | |   |   |     | +-[TypeIdOp]
  | | |   |   |     |   +-[INTEGERTNode]
  | | |   |   |   +-[CommaOp]
  | | |   |   |   | +-[STNode,6,"x"]
  | | |   |   | +-[DeclOp]
  | | |   |   | | +-[DUMMYnode]
  | | |   |   +-[BodyOp]
  | | |   |     +-[DUMMYnode]
  | | | +-[MethodOp]
  | | | | |     +-[DUMMYnode]
  | | | | |   +-[TypeIdOp]
  | | | | |   | +-[INTEGERTNode]
  | | | | | +-[SpecOp]
  | | | | | | +-[DUMMYnode]
  | | | | +-[HeadOp]
  | | | |   +-[STNode,5,"main"]
  | | +-[BodyOp]
  | |   +-[DUMMYnode]
  +-[ClassOp]
    +-[DUMMYnode]
