**************** SYMBOL TABLE ****************

          Name       Kind Nest-Level Predefined       Type     Init-Node     Offset Dimensions  Arguments LLVMObject

  0ifstatements    program          1                                                                                
  1     system      class          2        yes                                                                 null
  2    println   function          3        yes                                                         1     printf
  3IfStatements      class          2                                                                     IfStatements.global
  4          x   variable          3                   int    UnaryNegOp          0                                 
  5       main   function          3                   int        BodyOp                                0       main
  6          x   variable          4                   int    NUMNode(4)          0                                x
************* SYNTAX TREE PRINTOUT ***********

  +-[STNode,0,"ifstatements"]
R-[ProgramOp]
  |   +-[STNode,3,"IfStatements"]
  | +-[ClassDefOp]
  | | |         +-[DUMMYnode]
  | | |       +-[ReturnOp]
  | | |       | +-[NUMNode,0]
  | | |     +-[StmtOp]
  | | |     | |           +-[DUMMYnode]
  | | |     | |         +-[CommaOp]
  | | |     | |         | +-[STRINGNode,48,"x>=0"]
  | | |     | |       +-[RoutineCallOp]
  | | |     | |       | |   +-[DUMMYnode]
  | | |     | |       | | +-[SelectOp]
  | | |     | |       | | | | +-[DUMMYnode]
  | | |     | |       | | | +-[FieldOp]
  | | |     | |       | | |   +-[STNode,2,"println"]
  | | |     | |       | +-[VarOp]
  | | |     | |       |   +-[STNode,1,"system"]
  | | |     | |     +-[StmtOp]
  | | |     | |     | +-[DUMMYnode]
  | | |     | |   +-[CommaOp]
  | | |     | |   | | +-[NUMNode,0]
  | | |     | |   | +-[GEOp]
  | | |     | |   |   | +-[DUMMYnode]
  | | |     | |   |   +-[VarOp]
  | | |     | |   |     +-[STNode,6,"x"]
  | | |     | | +-[IfElseOp]
  | | |     | | | +-[DUMMYnode]
  | | |     | +-[StmtOp]
  | | |     |   +-[DUMMYnode]
  | | |   +-[BodyOp]
  | | |   | |       +-[NUMNode,4]
  | | |   | |     +-[CommaOp]
  | | |   | |     | | +-[DUMMYnode]
  | | |   | |     | +-[TypeIdOp]
  | | |   | |     |   +-[INTEGERTNode]
  | | |   | |   +-[CommaOp]
  | | |   | |   | +-[STNode,6,"x"]
  | | |   | | +-[DeclOp]
  | | |   | | | +-[DUMMYnode]
  | | |   | +-[BodyOp]
  | | |   |   +-[DUMMYnode]
  | | | +-[MethodOp]
  | | | | |     +-[DUMMYnode]
  | | | | |   +-[TypeIdOp]
  | | | | |   | +-[INTEGERTNode]
  | | | | | +-[SpecOp]
  | | | | | | +-[DUMMYnode]
  | | | | +-[HeadOp]
  | | | |   +-[STNode,5,"main"]
  | | +-[BodyOp]
  | |   |         +-[DUMMYnode]
  | |   |       +-[UnaryNegOp]
  | |   |       | +-[NUMNode,1]
  | |   |     +-[CommaOp]
  | |   |     | | +-[DUMMYnode]
  | |   |     | +-[TypeIdOp]
  | |   |     |   +-[INTEGERTNode]
  | |   |   +-[CommaOp]
  | |   |   | +-[STNode,4,"x"]
  | |   | +-[DeclOp]
  | |   | | +-[DUMMYnode]
  | |   +-[BodyOp]
  | |     +-[DUMMYnode]
  +-[ClassOp]
    +-[DUMMYnode]
