**************** SYMBOL TABLE ****************

          Name       Kind Nest-Level Predefined       Type     Init-Node     Offset Dimensions  Arguments LLVMObject

  0    objects    program          1                                                                                
  1     system      class          2        yes                                                                 null
  2    println   function          3        yes                                                         1     printf
  3      Point      class          2                                                                     Point.global
  4          x   variable          3                   int   NUMNode(10)          0                                 
  5          y   variable          3                   int   NUMNode(20)          1                                 
  6         f1   function          3                  void        BodyOp                                0         f1
  7       Main      class          2                                                                     Main.global
  8         p1   variable          3                 Point                        0                                 
  9       main   function          3                   int        BodyOp                                0       main
************* SYNTAX TREE PRINTOUT ***********

  +-[STNode,0,"objects"]
R-[ProgramOp]
  |   +-[STNode,7,"Main"]
  | +-[ClassDefOp]
  | | |         +-[DUMMYnode]
  | | |       +-[ReturnOp]
  | | |       | +-[NUMNode,0]
  | | |     +-[StmtOp]
  | | |     | |     +-[DUMMYnode]
  | | |     | |   +-[CommaOp]
  | | |     | |   | |   +-[DUMMYnode]
  | | |     | |   | | +-[SelectOp]
  | | |     | |   | | | | +-[DUMMYnode]
  | | |     | |   | | | +-[FieldOp]
  | | |     | |   | | |   +-[STNode,4,"x"]
  | | |     | |   | +-[VarOp]
  | | |     | |   |   +-[STNode,8,"p1"]
  | | |     | | +-[RoutineCallOp]
  | | |     | | | |   +-[DUMMYnode]
  | | |     | | | | +-[SelectOp]
  | | |     | | | | | | +-[DUMMYnode]
  | | |     | | | | | +-[FieldOp]
  | | |     | | | | |   +-[STNode,2,"println"]
  | | |     | | | +-[VarOp]
  | | |     | | |   +-[STNode,1,"system"]
  | | |     | +-[StmtOp]
  | | |     |   |     +-[DUMMYnode]
  | | |     |   |   +-[CommaOp]
  | | |     |   |   | +-[STRINGNode,64,"p1.x="]
  | | |     |   | +-[RoutineCallOp]
  | | |     |   | | |   +-[DUMMYnode]
  | | |     |   | | | +-[SelectOp]
  | | |     |   | | | | | +-[DUMMYnode]
  | | |     |   | | | | +-[FieldOp]
  | | |     |   | | | |   +-[STNode,2,"println"]
  | | |     |   | | +-[VarOp]
  | | |     |   | |   +-[STNode,1,"system"]
  | | |     |   +-[StmtOp]
  | | |     |     |     +-[DUMMYnode]
  | | |     |     |   +-[CommaOp]
  | | |     |     |   | |   +-[DUMMYnode]
  | | |     |     |   | | +-[SelectOp]
  | | |     |     |   | | | | +-[DUMMYnode]
  | | |     |     |   | | | +-[FieldOp]
  | | |     |     |   | | |   +-[STNode,4,"x"]
  | | |     |     |   | +-[VarOp]
  | | |     |     |   |   +-[STNode,3,"Point"]
  | | |     |     | +-[RoutineCallOp]
  | | |     |     | | |   +-[DUMMYnode]
  | | |     |     | | | +-[SelectOp]
  | | |     |     | | | | | +-[DUMMYnode]
  | | |     |     | | | | +-[FieldOp]
  | | |     |     | | | |   +-[STNode,2,"println"]
  | | |     |     | | +-[VarOp]
  | | |     |     | |   +-[STNode,1,"system"]
  | | |     |     +-[StmtOp]
  | | |     |       |     +-[DUMMYnode]
  | | |     |       |   +-[CommaOp]
  | | |     |       |   | +-[STRINGNode,55,"Point.x="]
  | | |     |       | +-[RoutineCallOp]
  | | |     |       | | |   +-[DUMMYnode]
  | | |     |       | | | +-[SelectOp]
  | | |     |       | | | | | +-[DUMMYnode]
  | | |     |       | | | | +-[FieldOp]
  | | |     |       | | | |   +-[STNode,2,"println"]
  | | |     |       | | +-[VarOp]
  | | |     |       | |   +-[STNode,1,"system"]
  | | |     |       +-[StmtOp]
  | | |     |         |   +-[DUMMYnode]
  | | |     |         | +-[RoutineCallOp]
  | | |     |         | | |   +-[DUMMYnode]
  | | |     |         | | | +-[SelectOp]
  | | |     |         | | | | | +-[DUMMYnode]
  | | |     |         | | | | +-[FieldOp]
  | | |     |         | | | |   +-[STNode,6,"f1"]
  | | |     |         | | +-[VarOp]
  | | |     |         | |   +-[STNode,8,"p1"]
  | | |     |         +-[StmtOp]
  | | |     |           |   +-[DUMMYnode]
  | | |     |           | +-[RoutineCallOp]
  | | |     |           | | |   +-[DUMMYnode]
  | | |     |           | | | +-[SelectOp]
  | | |     |           | | | | | +-[DUMMYnode]
  | | |     |           | | | | +-[FieldOp]
  | | |     |           | | | |   +-[STNode,6,"f1"]
  | | |     |           | | +-[VarOp]
  | | |     |           | |   +-[STNode,8,"p1"]
  | | |     |           +-[StmtOp]
  | | |     |             |   +-[NUMNode,5]
  | | |     |             | +-[AssignOp]
  | | |     |             | | |     +-[DUMMYnode]
  | | |     |             | | |   +-[SelectOp]
  | | |     |             | | |   | | +-[DUMMYnode]
  | | |     |             | | |   | +-[FieldOp]
  | | |     |             | | |   |   +-[STNode,4,"x"]
  | | |     |             | | | +-[VarOp]
  | | |     |             | | | | +-[STNode,8,"p1"]
  | | |     |             | | +-[AssignOp]
  | | |     |             | |   +-[DUMMYnode]
  | | |     |             +-[StmtOp]
  | | |     |               |   +-[DUMMYnode]
  | | |     |               | +-[RoutineCallOp]
  | | |     |               | | |   +-[DUMMYnode]
  | | |     |               | | | +-[SelectOp]
  | | |     |               | | | | | +-[DUMMYnode]
  | | |     |               | | | | +-[FieldOp]
  | | |     |               | | | |   +-[STNode,6,"f1"]
  | | |     |               | | +-[VarOp]
  | | |     |               | |   +-[STNode,3,"Point"]
  | | |     |               +-[StmtOp]
  | | |     |                 |   +-[DUMMYnode]
  | | |     |                 | +-[RoutineCallOp]
  | | |     |                 | | |   +-[DUMMYnode]
  | | |     |                 | | | +-[SelectOp]
  | | |     |                 | | | | | +-[DUMMYnode]
  | | |     |                 | | | | +-[FieldOp]
  | | |     |                 | | | |   +-[STNode,6,"f1"]
  | | |     |                 | | +-[VarOp]
  | | |     |                 | |   +-[STNode,3,"Point"]
  | | |     |                 +-[StmtOp]
  | | |     |                   +-[DUMMYnode]
  | | |   +-[BodyOp]
  | | |   | +-[DUMMYnode]
  | | | +-[MethodOp]
  | | | | |     +-[DUMMYnode]
  | | | | |   +-[TypeIdOp]
  | | | | |   | +-[INTEGERTNode]
  | | | | | +-[SpecOp]
  | | | | | | +-[DUMMYnode]
  | | | | +-[HeadOp]
  | | | |   +-[STNode,9,"main"]
  | | +-[BodyOp]
  | |   |       +-[DUMMYnode]
  | |   |     +-[CommaOp]
  | |   |     | | +-[DUMMYnode]
  | |   |     | +-[TypeIdOp]
  | |   |     |   +-[STNode,3,"Point"]
  | |   |   +-[CommaOp]
  | |   |   | +-[STNode,8,"p1"]
  | |   | +-[DeclOp]
  | |   | | +-[DUMMYnode]
  | |   +-[BodyOp]
  | |     +-[DUMMYnode]
  +-[ClassOp]
    |   +-[STNode,3,"Point"]
    | +-[ClassDefOp]
    | | |         +-[DUMMYnode]
    | | |       +-[ReturnOp]
    | | |       | +-[DUMMYnode]
    | | |     +-[StmtOp]
    | | |     | |     +-[NUMNode,2]
    | | |     | |   +-[AddOp]
    | | |     | |   | | +-[DUMMYnode]
    | | |     | |   | +-[VarOp]
    | | |     | |   |   +-[STNode,5,"y"]
    | | |     | | +-[AssignOp]
    | | |     | | | |   +-[DUMMYnode]
    | | |     | | | | +-[VarOp]
    | | |     | | | | | +-[STNode,5,"y"]
    | | |     | | | +-[AssignOp]
    | | |     | | |   +-[DUMMYnode]
    | | |     | +-[StmtOp]
    | | |     |   |     +-[NUMNode,1]
    | | |     |   |   +-[AddOp]
    | | |     |   |   | | +-[DUMMYnode]
    | | |     |   |   | +-[VarOp]
    | | |     |   |   |   +-[STNode,4,"x"]
    | | |     |   | +-[AssignOp]
    | | |     |   | | |   +-[DUMMYnode]
    | | |     |   | | | +-[VarOp]
    | | |     |   | | | | +-[STNode,4,"x"]
    | | |     |   | | +-[AssignOp]
    | | |     |   | |   +-[DUMMYnode]
    | | |     |   +-[StmtOp]
    | | |     |     |     +-[DUMMYnode]
    | | |     |     |   +-[CommaOp]
    | | |     |     |   | | +-[DUMMYnode]
    | | |     |     |   | +-[VarOp]
    | | |     |     |   |   +-[STNode,5,"y"]
    | | |     |     | +-[RoutineCallOp]
    | | |     |     | | |   +-[DUMMYnode]
    | | |     |     | | | +-[SelectOp]
    | | |     |     | | | | | +-[DUMMYnode]
    | | |     |     | | | | +-[FieldOp]
    | | |     |     | | | |   +-[STNode,2,"println"]
    | | |     |     | | +-[VarOp]
    | | |     |     | |   +-[STNode,1,"system"]
    | | |     |     +-[StmtOp]
    | | |     |       |     +-[DUMMYnode]
    | | |     |       |   +-[CommaOp]
    | | |     |       |   | +-[STRINGNode,39,"y="]
    | | |     |       | +-[RoutineCallOp]
    | | |     |       | | |   +-[DUMMYnode]
    | | |     |       | | | +-[SelectOp]
    | | |     |       | | | | | +-[DUMMYnode]
    | | |     |       | | | | +-[FieldOp]
    | | |     |       | | | |   +-[STNode,2,"println"]
    | | |     |       | | +-[VarOp]
    | | |     |       | |   +-[STNode,1,"system"]
    | | |     |       +-[StmtOp]
    | | |     |         |     +-[DUMMYnode]
    | | |     |         |   +-[CommaOp]
    | | |     |         |   | | +-[DUMMYnode]
    | | |     |         |   | +-[VarOp]
    | | |     |         |   |   +-[STNode,4,"x"]
    | | |     |         | +-[RoutineCallOp]
    | | |     |         | | |   +-[DUMMYnode]
    | | |     |         | | | +-[SelectOp]
    | | |     |         | | | | | +-[DUMMYnode]
    | | |     |         | | | | +-[FieldOp]
    | | |     |         | | | |   +-[STNode,2,"println"]
    | | |     |         | | +-[VarOp]
    | | |     |         | |   +-[STNode,1,"system"]
    | | |     |         +-[StmtOp]
    | | |     |           |     +-[DUMMYnode]
    | | |     |           |   +-[CommaOp]
    | | |     |           |   | +-[STRINGNode,36,"x="]
    | | |     |           | +-[RoutineCallOp]
    | | |     |           | | |   +-[DUMMYnode]
    | | |     |           | | | +-[SelectOp]
    | | |     |           | | | | | +-[DUMMYnode]
    | | |     |           | | | | +-[FieldOp]
    | | |     |           | | | |   +-[STNode,2,"println"]
    | | |     |           | | +-[VarOp]
    | | |     |           | |   +-[STNode,1,"system"]
    | | |     |           +-[StmtOp]
    | | |     |             +-[DUMMYnode]
    | | |   +-[BodyOp]
    | | |   | +-[DUMMYnode]
    | | | +-[MethodOp]
    | | | | |   +-[DUMMYnode]
    | | | | | +-[SpecOp]
    | | | | | | +-[DUMMYnode]
    | | | | +-[HeadOp]
    | | | |   +-[STNode,6,"f1"]
    | | +-[BodyOp]
    | |   |       +-[NUMNode,20]
    | |   |     +-[CommaOp]
    | |   |     | | +-[DUMMYnode]
    | |   |     | +-[TypeIdOp]
    | |   |     |   +-[INTEGERTNode]
    | |   |   +-[CommaOp]
    | |   |   | +-[STNode,5,"y"]
    | |   | +-[DeclOp]
    | |   | | +-[DUMMYnode]
    | |   +-[BodyOp]
    | |     |       +-[NUMNode,10]
    | |     |     +-[CommaOp]
    | |     |     | | +-[DUMMYnode]
    | |     |     | +-[TypeIdOp]
    | |     |     |   +-[INTEGERTNode]
    | |     |   +-[CommaOp]
    | |     |   | +-[STNode,4,"x"]
    | |     | +-[DeclOp]
    | |     | | +-[DUMMYnode]
    | |     +-[BodyOp]
    | |       +-[DUMMYnode]
    +-[ClassOp]
      +-[DUMMYnode]
