**************** SYMBOL TABLE ****************

          Name       Kind Nest-Level Predefined       Type     Init-Node     Offset Dimensions  Arguments LLVMObject

  0 parameters    program          1                                                                                
  1     system      class          2        yes                                                                 null
  2    println   function          3        yes                                                         1     printf
  3 Parameters      class          2                                                                     Parameters.global
  4    product   function          3                   int        BodyOp                                3    product
  5          p    ref_arg          4                   int                        0                                p
  6          x    val_arg          4                   int                        1                                x
  7          y    val_arg          4                   int                        2                                y
  8       main   function          3                   int        BodyOp                                0       main
  9          p   variable          4                   int                        0                                p
 10          x   variable          4                   int                        1                                x
************* SYNTAX TREE PRINTOUT ***********

  +-[STNode,0,"parameters"]
R-[ProgramOp]
  |   +-[STNode,3,"Parameters"]
  | +-[ClassDefOp]
  | | |         +-[DUMMYnode]
  | | |       +-[ReturnOp]
  | | |       | +-[NUMNode,0]
  | | |     +-[StmtOp]
  | | |     | |     +-[DUMMYnode]
  | | |     | |   +-[CommaOp]
  | | |     | |   | | +-[DUMMYnode]
  | | |     | |   | +-[VarOp]
  | | |     | |   |   +-[STNode,10,"x"]
  | | |     | | +-[RoutineCallOp]
  | | |     | | | |   +-[DUMMYnode]
  | | |     | | | | +-[SelectOp]
  | | |     | | | | | | +-[DUMMYnode]
  | | |     | | | | | +-[FieldOp]
  | | |     | | | | |   +-[STNode,2,"println"]
  | | |     | | | +-[VarOp]
  | | |     | | |   +-[STNode,1,"system"]
  | | |     | +-[StmtOp]
  | | |     |   |     +-[DUMMYnode]
  | | |     |   |   +-[CommaOp]
  | | |     |   |   | | +-[DUMMYnode]
  | | |     |   |   | +-[VarOp]
  | | |     |   |   |   +-[STNode,9,"p"]
  | | |     |   | +-[RoutineCallOp]
  | | |     |   | | |   +-[DUMMYnode]
  | | |     |   | | | +-[SelectOp]
  | | |     |   | | | | | +-[DUMMYnode]
  | | |     |   | | | | +-[FieldOp]
  | | |     |   | | | |   +-[STNode,2,"println"]
  | | |     |   | | +-[VarOp]
  | | |     |   | |   +-[STNode,1,"system"]
  | | |     |   +-[StmtOp]
  | | |     |     |           +-[DUMMYnode]
  | | |     |     |         +-[CommaOp]
  | | |     |     |         | +-[NUMNode,4]
  | | |     |     |       +-[CommaOp]
  | | |     |     |       | +-[NUMNode,3]
  | | |     |     |     +-[CommaOp]
  | | |     |     |     | | +-[DUMMYnode]
  | | |     |     |     | +-[VarOp]
  | | |     |     |     |   +-[STNode,9,"p"]
  | | |     |     |   +-[RoutineCallOp]
  | | |     |     |   | | +-[DUMMYnode]
  | | |     |     |   | +-[VarOp]
  | | |     |     |   |   +-[STNode,4,"product"]
  | | |     |     | +-[AssignOp]
  | | |     |     | | |   +-[DUMMYnode]
  | | |     |     | | | +-[VarOp]
  | | |     |     | | | | +-[STNode,10,"x"]
  | | |     |     | | +-[AssignOp]
  | | |     |     | |   +-[DUMMYnode]
  | | |     |     +-[StmtOp]
  | | |     |       |   +-[NUMNode,0]
  | | |     |       | +-[AssignOp]
  | | |     |       | | |   +-[DUMMYnode]
  | | |     |       | | | +-[VarOp]
  | | |     |       | | | | +-[STNode,9,"p"]
  | | |     |       | | +-[AssignOp]
  | | |     |       | |   +-[DUMMYnode]
  | | |     |       +-[StmtOp]
  | | |     |         +-[DUMMYnode]
  | | |   +-[BodyOp]
  | | |   | |       +-[DUMMYnode]
  | | |   | |     +-[CommaOp]
  | | |   | |     | | +-[DUMMYnode]
  | | |   | |     | +-[TypeIdOp]
  | | |   | |     |   +-[INTEGERTNode]
  | | |   | |   +-[CommaOp]
  | | |   | |   | +-[STNode,9,"p"]
  | | |   | | +-[DeclOp]
  | | |   | | | |     +-[DUMMYnode]
  | | |   | | | |   +-[CommaOp]
  | | |   | | | |   | | +-[DUMMYnode]
  | | |   | | | |   | +-[TypeIdOp]
  | | |   | | | |   |   +-[INTEGERTNode]
  | | |   | | | | +-[CommaOp]
  | | |   | | | | | +-[STNode,10,"x"]
  | | |   | | | +-[DeclOp]
  | | |   | | |   +-[DUMMYnode]
  | | |   | +-[BodyOp]
  | | |   |   +-[DUMMYnode]
  | | | +-[MethodOp]
  | | | | |     +-[DUMMYnode]
  | | | | |   +-[TypeIdOp]
  | | | | |   | +-[INTEGERTNode]
  | | | | | +-[SpecOp]
  | | | | | | +-[DUMMYnode]
  | | | | +-[HeadOp]
  | | | |   +-[STNode,8,"main"]
  | | +-[BodyOp]
  | |   |         +-[DUMMYnode]
  | |   |       +-[ReturnOp]
  | |   |       | |   +-[DUMMYnode]
  | |   |       | | +-[VarOp]
  | |   |       | | | +-[STNode,5,"p"]
  | |   |       | +-[MultOp]
  | |   |       |   | +-[DUMMYnode]
  | |   |       |   +-[VarOp]
  | |   |       |     +-[STNode,5,"p"]
  | |   |     +-[StmtOp]
  | |   |     | |       +-[DUMMYnode]
  | |   |     | |     +-[VarOp]
  | |   |     | |     | +-[STNode,7,"y"]
  | |   |     | |   +-[MultOp]
  | |   |     | |   | | +-[DUMMYnode]
  | |   |     | |   | +-[VarOp]
  | |   |     | |   |   +-[STNode,6,"x"]
  | |   |     | | +-[AssignOp]
  | |   |     | | | |   +-[DUMMYnode]
  | |   |     | | | | +-[VarOp]
  | |   |     | | | | | +-[STNode,5,"p"]
  | |   |     | | | +-[AssignOp]
  | |   |     | | |   +-[DUMMYnode]
  | |   |     | +-[StmtOp]
  | |   |     |   +-[DUMMYnode]
  | |   |   +-[BodyOp]
  | |   |   | +-[DUMMYnode]
  | |   | +-[MethodOp]
  | |   | | |     +-[DUMMYnode]
  | |   | | |   +-[TypeIdOp]
  | |   | | |   | +-[INTEGERTNode]
  | |   | | | +-[SpecOp]
  | |   | | | | |     +-[DUMMYnode]
  | |   | | | | |   +-[VargTypeOp]
  | |   | | | | |   | | +-[INTEGERTNode]
  | |   | | | | |   | +-[CommaOp]
  | |   | | | | |   |   +-[STNode,7,"y"]
  | |   | | | | | +-[VargTypeOp]
  | |   | | | | | | | +-[INTEGERTNode]
  | |   | | | | | | +-[CommaOp]
  | |   | | | | | |   +-[STNode,6,"x"]
  | |   | | | | +-[RArgTypeOp]
  | |   | | | |   | +-[INTEGERTNode]
  | |   | | | |   +-[CommaOp]
  | |   | | | |     +-[STNode,5,"p"]
  | |   | | +-[HeadOp]
  | |   | |   +-[STNode,4,"product"]
  | |   +-[BodyOp]
  | |     +-[DUMMYnode]
  +-[ClassOp]
    +-[DUMMYnode]
