**************** SYMBOL TABLE ****************

          Name       Kind Nest-Level Predefined       Type     Init-Node     Offset Dimensions  Arguments LLVMObject

  0    structs    program          1                                                                                
  1     system      class          2        yes                                                                 null
  2    println   function          3        yes                                                         1     printf
  3      Point      class          2                                                                     Point.global
  4          x   variable          3                   int   NUMNode(10)          0                                 
  5          y   variable          3                   int   NUMNode(20)          1                                 
  6    Structs      class          2                                                                     Structs.global
  7pointGlobal   variable          3                 Point                        0                                 
  8       main   function          3                   int        BodyOp                                0       main
  9 pointLocal   variable          4                 Point                        0                       pointLocal
************* SYNTAX TREE PRINTOUT ***********

  +-[STNode,0,"structs"]
R-[ProgramOp]
  |   +-[STNode,6,"Structs"]
  | +-[ClassDefOp]
  | | |         +-[DUMMYnode]
  | | |       +-[ReturnOp]
  | | |       | +-[NUMNode,0]
  | | |     +-[StmtOp]
  | | |     | |     +-[DUMMYnode]
  | | |     | |   +-[CommaOp]
  | | |     | |   | |   +-[DUMMYnode]
  | | |     | |   | | +-[SelectOp]
  | | |     | |   | | | | +-[DUMMYnode]
  | | |     | |   | | | +-[FieldOp]
  | | |     | |   | | |   +-[STNode,5,"y"]
  | | |     | |   | +-[VarOp]
  | | |     | |   |   +-[STNode,9,"pointLocal"]
  | | |     | | +-[RoutineCallOp]
  | | |     | | | |   +-[DUMMYnode]
  | | |     | | | | +-[SelectOp]
  | | |     | | | | | | +-[DUMMYnode]
  | | |     | | | | | +-[FieldOp]
  | | |     | | | | |   +-[STNode,2,"println"]
  | | |     | | | +-[VarOp]
  | | |     | | |   +-[STNode,1,"system"]
  | | |     | +-[StmtOp]
  | | |     |   |     +-[DUMMYnode]
  | | |     |   |   +-[CommaOp]
  | | |     |   |   | |   +-[DUMMYnode]
  | | |     |   |   | | +-[SelectOp]
  | | |     |   |   | | | | +-[DUMMYnode]
  | | |     |   |   | | | +-[FieldOp]
  | | |     |   |   | | |   +-[STNode,4,"x"]
  | | |     |   |   | +-[VarOp]
  | | |     |   |   |   +-[STNode,9,"pointLocal"]
  | | |     |   | +-[RoutineCallOp]
  | | |     |   | | |   +-[DUMMYnode]
  | | |     |   | | | +-[SelectOp]
  | | |     |   | | | | | +-[DUMMYnode]
  | | |     |   | | | | +-[FieldOp]
  | | |     |   | | | |   +-[STNode,2,"println"]
  | | |     |   | | +-[VarOp]
  | | |     |   | |   +-[STNode,1,"system"]
  | | |     |   +-[StmtOp]
  | | |     |     |     +-[DUMMYnode]
  | | |     |     |   +-[CommaOp]
  | | |     |     |   | |   +-[DUMMYnode]
  | | |     |     |   | | +-[SelectOp]
  | | |     |     |   | | | | +-[DUMMYnode]
  | | |     |     |   | | | +-[FieldOp]
  | | |     |     |   | | |   +-[STNode,5,"y"]
  | | |     |     |   | +-[VarOp]
  | | |     |     |   |   +-[STNode,7,"pointGlobal"]
  | | |     |     | +-[RoutineCallOp]
  | | |     |     | | |   +-[DUMMYnode]
  | | |     |     | | | +-[SelectOp]
  | | |     |     | | | | | +-[DUMMYnode]
  | | |     |     | | | | +-[FieldOp]
  | | |     |     | | | |   +-[STNode,2,"println"]
  | | |     |     | | +-[VarOp]
  | | |     |     | |   +-[STNode,1,"system"]
  | | |     |     +-[StmtOp]
  | | |     |       |     +-[DUMMYnode]
  | | |     |       |   +-[CommaOp]
  | | |     |       |   | |   +-[DUMMYnode]
  | | |     |       |   | | +-[SelectOp]
  | | |     |       |   | | | | +-[DUMMYnode]
  | | |     |       |   | | | +-[FieldOp]
  | | |     |       |   | | |   +-[STNode,4,"x"]
  | | |     |       |   | +-[VarOp]
  | | |     |       |   |   +-[STNode,7,"pointGlobal"]
  | | |     |       | +-[RoutineCallOp]
  | | |     |       | | |   +-[DUMMYnode]
  | | |     |       | | | +-[SelectOp]
  | | |     |       | | | | | +-[DUMMYnode]
  | | |     |       | | | | +-[FieldOp]
  | | |     |       | | | |   +-[STNode,2,"println"]
  | | |     |       | | +-[VarOp]
  | | |     |       | |   +-[STNode,1,"system"]
  | | |     |       +-[StmtOp]
  | | |     |         |       +-[DUMMYnode]
  | | |     |         |     +-[SelectOp]
  | | |     |         |     | | +-[DUMMYnode]
  | | |     |         |     | +-[FieldOp]
  | | |     |         |     |   +-[STNode,5,"y"]
  | | |     |         |   +-[VarOp]
  | | |     |         |   | +-[STNode,7,"pointGlobal"]
  | | |     |         | +-[AssignOp]
  | | |     |         | | |     +-[DUMMYnode]
  | | |     |         | | |   +-[SelectOp]
  | | |     |         | | |   | | +-[DUMMYnode]
  | | |     |         | | |   | +-[FieldOp]
  | | |     |         | | |   |   +-[STNode,5,"y"]
  | | |     |         | | | +-[VarOp]
  | | |     |         | | | | +-[STNode,9,"pointLocal"]
  | | |     |         | | +-[AssignOp]
  | | |     |         | |   +-[DUMMYnode]
  | | |     |         +-[StmtOp]
  | | |     |           |       +-[DUMMYnode]
  | | |     |           |     +-[SelectOp]
  | | |     |           |     | | +-[DUMMYnode]
  | | |     |           |     | +-[FieldOp]
  | | |     |           |     |   +-[STNode,4,"x"]
  | | |     |           |   +-[VarOp]
  | | |     |           |   | +-[STNode,7,"pointGlobal"]
  | | |     |           | +-[AssignOp]
  | | |     |           | | |     +-[DUMMYnode]
  | | |     |           | | |   +-[SelectOp]
  | | |     |           | | |   | | +-[DUMMYnode]
  | | |     |           | | |   | +-[FieldOp]
  | | |     |           | | |   |   +-[STNode,4,"x"]
  | | |     |           | | | +-[VarOp]
  | | |     |           | | | | +-[STNode,9,"pointLocal"]
  | | |     |           | | +-[AssignOp]
  | | |     |           | |   +-[DUMMYnode]
  | | |     |           +-[StmtOp]
  | | |     |             +-[DUMMYnode]
  | | |   +-[BodyOp]
  | | |   | |       +-[DUMMYnode]
  | | |   | |     +-[CommaOp]
  | | |   | |     | | +-[DUMMYnode]
  | | |   | |     | +-[TypeIdOp]
  | | |   | |     |   +-[STNode,3,"Point"]
  | | |   | |   +-[CommaOp]
  | | |   | |   | +-[STNode,9,"pointLocal"]
  | | |   | | +-[DeclOp]
  | | |   | | | +-[DUMMYnode]
  | | |   | +-[BodyOp]
  | | |   |   +-[DUMMYnode]
  | | | +-[MethodOp]
  | | | | |     +-[DUMMYnode]
  | | | | |   +-[TypeIdOp]
  | | | | |   | +-[INTEGERTNode]
  | | | | | +-[SpecOp]
  | | | | | | +-[DUMMYnode]
  | | | | +-[HeadOp]
  | | | |   +-[STNode,8,"main"]
  | | +-[BodyOp]
  | |   |       +-[DUMMYnode]
  | |   |     +-[CommaOp]
  | |   |     | | +-[DUMMYnode]
  | |   |     | +-[TypeIdOp]
  | |   |     |   +-[STNode,3,"Point"]
  | |   |   +-[CommaOp]
  | |   |   | +-[STNode,7,"pointGlobal"]
  | |   | +-[DeclOp]
  | |   | | +-[DUMMYnode]
  | |   +-[BodyOp]
  | |     +-[DUMMYnode]
  +-[ClassOp]
    |   +-[STNode,3,"Point"]
    | +-[ClassDefOp]
    | | |       +-[NUMNode,20]
    | | |     +-[CommaOp]
    | | |     | | +-[DUMMYnode]
    | | |     | +-[TypeIdOp]
    | | |     |   +-[INTEGERTNode]
    | | |   +-[CommaOp]
    | | |   | +-[STNode,5,"y"]
    | | | +-[DeclOp]
    | | | | +-[DUMMYnode]
    | | +-[BodyOp]
    | |   |       +-[NUMNode,10]
    | |   |     +-[CommaOp]
    | |   |     | | +-[DUMMYnode]
    | |   |     | +-[TypeIdOp]
    | |   |     |   +-[INTEGERTNode]
    | |   |   +-[CommaOp]
    | |   |   | +-[STNode,4,"x"]
    | |   | +-[DeclOp]
    | |   | | +-[DUMMYnode]
    | |   +-[BodyOp]
    | |     +-[DUMMYnode]
    +-[ClassOp]
      +-[DUMMYnode]
