**************** SYMBOL TABLE ****************

          Name       Kind Nest-Level Predefined       Type     Init-Node     Offset Dimensions  Arguments LLVMObject

  0  variables    program          1                                                                                
  1     system      class          2        yes                                                                 null
  2    println   function          3        yes                                                         1     printf
  3  Variables      class          2                                                                     Variables.global
  4          x   variable          3                   int    UnaryNegOp          0                                 
  5       main   function          3                   int        BodyOp                                0       main
  6          y   variable          4                   int    NUMNode(4)          0                                y
************* SYNTAX TREE PRINTOUT ***********

  +-[STNode,0,"variables"]
R-[ProgramOp]
  |   +-[STNode,3,"Variables"]
  | +-[ClassDefOp]
  | | |         +-[DUMMYnode]
  | | |       +-[ReturnOp]
  | | |       | +-[NUMNode,0]
  | | |     +-[StmtOp]
  | | |     | |     +-[DUMMYnode]
  | | |     | |   +-[CommaOp]
  | | |     | |   | | +-[DUMMYnode]
  | | |     | |   | +-[VarOp]
  | | |     | |   |   +-[STNode,6,"y"]
  | | |     | | +-[RoutineCallOp]
  | | |     | | | |   +-[DUMMYnode]
  | | |     | | | | +-[SelectOp]
  | | |     | | | | | | +-[DUMMYnode]
  | | |     | | | | | +-[FieldOp]
  | | |     | | | | |   +-[STNode,2,"println"]
  | | |     | | | +-[VarOp]
  | | |     | | |   +-[STNode,1,"system"]
  | | |     | +-[StmtOp]
  | | |     |   |     +-[DUMMYnode]
  | | |     |   |   +-[CommaOp]
  | | |     |   |   | +-[STRINGNode,49,"y = "]
  | | |     |   | +-[RoutineCallOp]
  | | |     |   | | |   +-[DUMMYnode]
  | | |     |   | | | +-[SelectOp]
  | | |     |   | | | | | +-[DUMMYnode]
  | | |     |   | | | | +-[FieldOp]
  | | |     |   | | | |   +-[STNode,2,"println"]
  | | |     |   | | +-[VarOp]
  | | |     |   | |   +-[STNode,1,"system"]
  | | |     |   +-[StmtOp]
  | | |     |     |     +-[DUMMYnode]
  | | |     |     |   +-[CommaOp]
  | | |     |     |   | | +-[DUMMYnode]
  | | |     |     |   | +-[VarOp]
  | | |     |     |   |   +-[STNode,4,"x"]
  | | |     |     | +-[RoutineCallOp]
  | | |     |     | | |   +-[DUMMYnode]
  | | |     |     | | | +-[SelectOp]
  | | |     |     | | | | | +-[DUMMYnode]
  | | |     |     | | | | +-[FieldOp]
  | | |     |     | | | |   +-[STNode,2,"println"]
  | | |     |     | | +-[VarOp]
  | | |     |     | |   +-[STNode,1,"system"]
  | | |     |     +-[StmtOp]
  | | |     |       |     +-[DUMMYnode]
  | | |     |       |   +-[CommaOp]
  | | |     |       |   | +-[STRINGNode,44,"x = "]
  | | |     |       | +-[RoutineCallOp]
  | | |     |       | | |   +-[DUMMYnode]
  | | |     |       | | | +-[SelectOp]
  | | |     |       | | | | | +-[DUMMYnode]
  | | |     |       | | | | +-[FieldOp]
  | | |     |       | | | |   +-[STNode,2,"println"]
  | | |     |       | | +-[VarOp]
  | | |     |       | |   +-[STNode,1,"system"]
  | | |     |       +-[StmtOp]
  | | |     |         +-[DUMMYnode]
  | | |   +-[BodyOp]
  | | |   | |       +-[NUMNode,4]
  | | |   | |     +-[CommaOp]
  | | |   | |     | | +-[DUMMYnode]
  | | |   | |     | +-[TypeIdOp]
  | | |   | |     |   +-[INTEGERTNode]
  | | |   | |   +-[CommaOp]
  | | |   | |   | +-[STNode,6,"y"]
  | | |   | | +-[DeclOp]
  | | |   | | | +-[DUMMYnode]
  | | |   | +-[BodyOp]
  | | |   |   +-[DUMMYnode]
  | | | +-[MethodOp]
  | | | | |     +-[DUMMYnode]
  | | | | |   +-[TypeIdOp]
  | | | | |   | +-[INTEGERTNode]
  | | | | | +-[SpecOp]
  | | | | | | +-[DUMMYnode]
  | | | | +-[HeadOp]
  | | | |   +-[STNode,5,"main"]
  | | +-[BodyOp]
  | |   |         +-[DUMMYnode]
  | |   |       +-[UnaryNegOp]
  | |   |       | +-[NUMNode,1]
  | |   |     +-[CommaOp]
  | |   |     | | +-[DUMMYnode]
  | |   |     | +-[TypeIdOp]
  | |   |     |   +-[INTEGERTNode]
  | |   |   +-[CommaOp]
  | |   |   | +-[STNode,4,"x"]
  | |   | +-[DeclOp]
  | |   | | +-[DUMMYnode]
  | |   +-[BodyOp]
  | |     +-[DUMMYnode]
  +-[ClassOp]
    +-[DUMMYnode]
