**************** SYMBOL TABLE ****************

          Name       Kind Nest-Level Predefined       Type     Init-Node     Offset Dimensions  Arguments LLVMObject

  0     wicked    program          1                                                                                
  1     system      class          2        yes                                                                 null
  2    println   function          3        yes                                                         1     printf
  3     Point0      class          2                                                                     Point0.global
  4      parr0      array          3                 int[]   ArrayTypeOp          0         12                      
  5          y   variable          3                   int                        1                                 
  6          x   variable          3                   int    NUMNode(5)          2                                 
  7         f0   function          3                  void        BodyOp                                0         f0
  8     Point1      class          2                                                                     Point1.global
  9         t1   variable          3                   int   NUMNode(12)          0                                 
 10         p1   variable          3                Point0                        1                                 
 11         f1   function          3                  void        BodyOp                                0         f1
 12     Point2      class          2                                                                     Point2.global
 13        p21   variable          3                Point1                        0                                 
 14        p20   variable          3                Point0                        1                                 
 15         xy   variable          3                   int                        2                                 
 16       main   function          3                   int        BodyOp                                0       main
 17         xx   variable          4                   int  NUMNode(133)          0                               xx
 18         px   variable          4                Point1                        1                               px
************* SYNTAX TREE PRINTOUT ***********

  +-[STNode,0,"wicked"]
R-[ProgramOp]
  |   +-[STNode,12,"Point2"]
  | +-[ClassDefOp]
  | | |         +-[DUMMYnode]
  | | |       +-[ReturnOp]
  | | |       | +-[NUMNode,0]
  | | |     +-[StmtOp]
  | | |     | |     +-[DUMMYnode]
  | | |     | |   +-[CommaOp]
  | | |     | |   | |   +-[DUMMYnode]
  | | |     | |   | | +-[SelectOp]
  | | |     | |   | | | | +-[DUMMYnode]
  | | |     | |   | | | +-[FieldOp]
  | | |     | |   | | |   +-[STNode,6,"x"]
  | | |     | |   | +-[VarOp]
  | | |     | |   |   +-[STNode,14,"p20"]
  | | |     | | +-[RoutineCallOp]
  | | |     | | | |   +-[DUMMYnode]
  | | |     | | | | +-[SelectOp]
  | | |     | | | | | | +-[DUMMYnode]
  | | |     | | | | | +-[FieldOp]
  | | |     | | | | |   +-[STNode,2,"println"]
  | | |     | | | +-[VarOp]
  | | |     | | |   +-[STNode,1,"system"]
  | | |     | +-[StmtOp]
  | | |     |   |     +-[DUMMYnode]
  | | |     |   |   +-[CommaOp]
  | | |     |   |   | +-[STRINGNode,148,"p20.x="]
  | | |     |   | +-[RoutineCallOp]
  | | |     |   | | |   +-[DUMMYnode]
  | | |     |   | | | +-[SelectOp]
  | | |     |   | | | | | +-[DUMMYnode]
  | | |     |   | | | | +-[FieldOp]
  | | |     |   | | | |   +-[STNode,2,"println"]
  | | |     |   | | +-[VarOp]
  | | |     |   | |   +-[STNode,1,"system"]
  | | |     |   +-[StmtOp]
  | | |     |     |   +-[DUMMYnode]
  | | |     |     | +-[RoutineCallOp]
  | | |     |     | | |   +-[DUMMYnode]
  | | |     |     | | | +-[SelectOp]
  | | |     |     | | | | | +-[DUMMYnode]
  | | |     |     | | | | +-[FieldOp]
  | | |     |     | | | |   +-[STNode,11,"f1"]
  | | |     |     | | +-[VarOp]
  | | |     |     | |   +-[STNode,8,"Point1"]
  | | |     |     +-[StmtOp]
  | | |     |       |         +-[NUMNode,1]
  | | |     |       |       +-[AddOp]
  | | |     |       |       | | +-[DUMMYnode]
  | | |     |       |       | +-[VarOp]
  | | |     |       |       |   +-[STNode,15,"xy"]
  | | |     |       |     +-[AssignOp]
  | | |     |       |     | |   +-[DUMMYnode]
  | | |     |       |     | | +-[VarOp]
  | | |     |       |     | | | +-[STNode,15,"xy"]
  | | |     |       |     | +-[AssignOp]
  | | |     |       |     |   +-[DUMMYnode]
  | | |     |       |   +-[StmtOp]
  | | |     |       |   | |     +-[DUMMYnode]
  | | |     |       |   | |   +-[CommaOp]
  | | |     |       |   | |   | |     +-[DUMMYnode]
  | | |     |       |   | |   | |   +-[SelectOp]
  | | |     |       |   | |   | |   | | +-[DUMMYnode]
  | | |     |       |   | |   | |   | +-[IndexOp]
  | | |     |       |   | |   | |   |   | +-[DUMMYnode]
  | | |     |       |   | |   | |   |   +-[VarOp]
  | | |     |       |   | |   | |   |     +-[STNode,15,"xy"]
  | | |     |       |   | |   | | +-[SelectOp]
  | | |     |       |   | |   | | | | +-[DUMMYnode]
  | | |     |       |   | |   | | | +-[FieldOp]
  | | |     |       |   | |   | | |   +-[STNode,4,"parr0"]
  | | |     |       |   | |   | +-[VarOp]
  | | |     |       |   | |   |   +-[STNode,14,"p20"]
  | | |     |       |   | | +-[RoutineCallOp]
  | | |     |       |   | | | |   +-[DUMMYnode]
  | | |     |       |   | | | | +-[SelectOp]
  | | |     |       |   | | | | | | +-[DUMMYnode]
  | | |     |       |   | | | | | +-[FieldOp]
  | | |     |       |   | | | | |   +-[STNode,2,"println"]
  | | |     |       |   | | | +-[VarOp]
  | | |     |       |   | | |   +-[STNode,1,"system"]
  | | |     |       |   | +-[StmtOp]
  | | |     |       |   |   |     +-[DUMMYnode]
  | | |     |       |   |   |   +-[CommaOp]
  | | |     |       |   |   |   | +-[STRINGNode,137,"p20.parr0:"]
  | | |     |       |   |   | +-[RoutineCallOp]
  | | |     |       |   |   | | |   +-[DUMMYnode]
  | | |     |       |   |   | | | +-[SelectOp]
  | | |     |       |   |   | | | | | +-[DUMMYnode]
  | | |     |       |   |   | | | | +-[FieldOp]
  | | |     |       |   |   | | | |   +-[STNode,2,"println"]
  | | |     |       |   |   | | +-[VarOp]
  | | |     |       |   |   | |   +-[STNode,1,"system"]
  | | |     |       |   |   +-[StmtOp]
  | | |     |       |   |     +-[DUMMYnode]
  | | |     |       | +-[LoopOp]
  | | |     |       | | | +-[NUMNode,12]
  | | |     |       | | +-[LTOp]
  | | |     |       | |   | +-[DUMMYnode]
  | | |     |       | |   +-[VarOp]
  | | |     |       | |     +-[STNode,15,"xy"]
  | | |     |       +-[StmtOp]
  | | |     |         |   +-[NUMNode,0]
  | | |     |         | +-[AssignOp]
  | | |     |         | | |   +-[DUMMYnode]
  | | |     |         | | | +-[VarOp]
  | | |     |         | | | | +-[STNode,15,"xy"]
  | | |     |         | | +-[AssignOp]
  | | |     |         | |   +-[DUMMYnode]
  | | |     |         +-[StmtOp]
  | | |     |           |   +-[DUMMYnode]
  | | |     |           | +-[RoutineCallOp]
  | | |     |           | | |   +-[DUMMYnode]
  | | |     |           | | | +-[SelectOp]
  | | |     |           | | | | | +-[DUMMYnode]
  | | |     |           | | | | +-[FieldOp]
  | | |     |           | | | |   +-[STNode,7,"f0"]
  | | |     |           | | +-[VarOp]
  | | |     |           | |   +-[STNode,14,"p20"]
  | | |     |           +-[StmtOp]
  | | |     |             |     +-[DUMMYnode]
  | | |     |             |   +-[CommaOp]
  | | |     |             |   | |     +-[DUMMYnode]
  | | |     |             |   | |   +-[SelectOp]
  | | |     |             |   | |   | | +-[DUMMYnode]
  | | |     |             |   | |   | +-[FieldOp]
  | | |     |             |   | |   |   +-[STNode,6,"x"]
  | | |     |             |   | | +-[SelectOp]
  | | |     |             |   | | | | +-[DUMMYnode]
  | | |     |             |   | | | +-[FieldOp]
  | | |     |             |   | | |   +-[STNode,10,"p1"]
  | | |     |             |   | +-[VarOp]
  | | |     |             |   |   +-[STNode,13,"p21"]
  | | |     |             | +-[RoutineCallOp]
  | | |     |             | | |   +-[DUMMYnode]
  | | |     |             | | | +-[SelectOp]
  | | |     |             | | | | | +-[DUMMYnode]
  | | |     |             | | | | +-[FieldOp]
  | | |     |             | | | |   +-[STNode,2,"println"]
  | | |     |             | | +-[VarOp]
  | | |     |             | |   +-[STNode,1,"system"]
  | | |     |             +-[StmtOp]
  | | |     |               |     +-[DUMMYnode]
  | | |     |               |   +-[CommaOp]
  | | |     |               |   | +-[STRINGNode,127,"p21.p1.x="]
  | | |     |               | +-[RoutineCallOp]
  | | |     |               | | |   +-[DUMMYnode]
  | | |     |               | | | +-[SelectOp]
  | | |     |               | | | | | +-[DUMMYnode]
  | | |     |               | | | | +-[FieldOp]
  | | |     |               | | | |   +-[STNode,2,"println"]
  | | |     |               | | +-[VarOp]
  | | |     |               | |   +-[STNode,1,"system"]
  | | |     |               +-[StmtOp]
  | | |     |                 |   +-[DUMMYnode]
  | | |     |                 | +-[RoutineCallOp]
  | | |     |                 | | |   +-[DUMMYnode]
  | | |     |                 | | | +-[SelectOp]
  | | |     |                 | | | | | +-[DUMMYnode]
  | | |     |                 | | | | +-[FieldOp]
  | | |     |                 | | | |   +-[STNode,11,"f1"]
  | | |     |                 | | +-[VarOp]
  | | |     |                 | |   +-[STNode,13,"p21"]
  | | |     |                 +-[StmtOp]
  | | |     |                   |     +-[DUMMYnode]
  | | |     |                   |   +-[VarOp]
  | | |     |                   |   | +-[STNode,17,"xx"]
  | | |     |                   | +-[AssignOp]
  | | |     |                   | | |     +-[DUMMYnode]
  | | |     |                   | | |   +-[SelectOp]
  | | |     |                   | | |   | | +-[DUMMYnode]
  | | |     |                   | | |   | +-[FieldOp]
  | | |     |                   | | |   |   +-[STNode,9,"t1"]
  | | |     |                   | | | +-[VarOp]
  | | |     |                   | | | | +-[STNode,13,"p21"]
  | | |     |                   | | +-[AssignOp]
  | | |     |                   | |   +-[DUMMYnode]
  | | |     |                   +-[StmtOp]
  | | |     |                     |   +-[DUMMYnode]
  | | |     |                     | +-[RoutineCallOp]
  | | |     |                     | | |     +-[DUMMYnode]
  | | |     |                     | | |   +-[SelectOp]
  | | |     |                     | | |   | | +-[DUMMYnode]
  | | |     |                     | | |   | +-[FieldOp]
  | | |     |                     | | |   |   +-[STNode,7,"f0"]
  | | |     |                     | | | +-[SelectOp]
  | | |     |                     | | | | | +-[DUMMYnode]
  | | |     |                     | | | | +-[FieldOp]
  | | |     |                     | | | |   +-[STNode,10,"p1"]
  | | |     |                     | | +-[VarOp]
  | | |     |                     | |   +-[STNode,18,"px"]
  | | |     |                     +-[StmtOp]
  | | |     |                       |   +-[DUMMYnode]
  | | |     |                       | +-[RoutineCallOp]
  | | |     |                       | | |   +-[DUMMYnode]
  | | |     |                       | | | +-[SelectOp]
  | | |     |                       | | | | | +-[DUMMYnode]
  | | |     |                       | | | | +-[FieldOp]
  | | |     |                       | | | |   +-[STNode,11,"f1"]
  | | |     |                       | | +-[VarOp]
  | | |     |                       | |   +-[STNode,13,"p21"]
  | | |     |                       +-[StmtOp]
  | | |     |                         |   +-[DUMMYnode]
  | | |     |                         | +-[RoutineCallOp]
  | | |     |                         | | |   +-[DUMMYnode]
  | | |     |                         | | | +-[SelectOp]
  | | |     |                         | | | | | +-[DUMMYnode]
  | | |     |                         | | | | +-[FieldOp]
  | | |     |                         | | | |   +-[STNode,7,"f0"]
  | | |     |                         | | +-[VarOp]
  | | |     |                         | |   +-[STNode,14,"p20"]
  | | |     |                         +-[StmtOp]
  | | |     |                           |   +-[DUMMYnode]
  | | |     |                           | +-[RoutineCallOp]
  | | |     |                           | | |   +-[DUMMYnode]
  | | |     |                           | | | +-[SelectOp]
  | | |     |                           | | | | | +-[DUMMYnode]
  | | |     |                           | | | | +-[FieldOp]
  | | |     |                           | | | |   +-[STNode,7,"f0"]
  | | |     |                           | | +-[VarOp]
  | | |     |                           | |   +-[STNode,3,"Point0"]
  | | |     |                           +-[StmtOp]
  | | |     |                             +-[DUMMYnode]
  | | |   +-[BodyOp]
  | | |   | |       +-[DUMMYnode]
  | | |   | |     +-[CommaOp]
  | | |   | |     | | +-[DUMMYnode]
  | | |   | |     | +-[TypeIdOp]
  | | |   | |     |   +-[STNode,8,"Point1"]
  | | |   | |   +-[CommaOp]
  | | |   | |   | +-[STNode,18,"px"]
  | | |   | | +-[DeclOp]
  | | |   | | | +-[DUMMYnode]
  | | |   | +-[BodyOp]
  | | |   |   |       +-[NUMNode,133]
  | | |   |   |     +-[CommaOp]
  | | |   |   |     | | +-[DUMMYnode]
  | | |   |   |     | +-[TypeIdOp]
  | | |   |   |     |   +-[INTEGERTNode]
  | | |   |   |   +-[CommaOp]
  | | |   |   |   | +-[STNode,17,"xx"]
  | | |   |   | +-[DeclOp]
  | | |   |   | | +-[DUMMYnode]
  | | |   |   +-[BodyOp]
  | | |   |     +-[DUMMYnode]
  | | | +-[MethodOp]
  | | | | |     +-[DUMMYnode]
  | | | | |   +-[TypeIdOp]
  | | | | |   | +-[INTEGERTNode]
  | | | | | +-[SpecOp]
  | | | | | | +-[DUMMYnode]
  | | | | +-[HeadOp]
  | | | |   +-[STNode,16,"main"]
  | | +-[BodyOp]
  | |   |       +-[DUMMYnode]
  | |   |     +-[CommaOp]
  | |   |     | | +-[DUMMYnode]
  | |   |     | +-[TypeIdOp]
  | |   |     |   +-[INTEGERTNode]
  | |   |   +-[CommaOp]
  | |   |   | +-[STNode,15,"xy"]
  | |   | +-[DeclOp]
  | |   | | +-[DUMMYnode]
  | |   +-[BodyOp]
  | |     |       +-[DUMMYnode]
  | |     |     +-[CommaOp]
  | |     |     | | +-[DUMMYnode]
  | |     |     | +-[TypeIdOp]
  | |     |     |   +-[STNode,3,"Point0"]
  | |     |   +-[CommaOp]
  | |     |   | +-[STNode,14,"p20"]
  | |     | +-[DeclOp]
  | |     | | +-[DUMMYnode]
  | |     +-[BodyOp]
  | |       |       +-[DUMMYnode]
  | |       |     +-[CommaOp]
  | |       |     | | +-[DUMMYnode]
  | |       |     | +-[TypeIdOp]
  | |       |     |   +-[STNode,8,"Point1"]
  | |       |   +-[CommaOp]
  | |       |   | +-[STNode,13,"p21"]
  | |       | +-[DeclOp]
  | |       | | +-[DUMMYnode]
  | |       +-[BodyOp]
  | |         +-[DUMMYnode]
  +-[ClassOp]
    |   +-[STNode,8,"Point1"]
    | +-[ClassDefOp]
    | | |         +-[DUMMYnode]
    | | |       +-[ReturnOp]
    | | |       | +-[DUMMYnode]
    | | |     +-[StmtOp]
    | | |     | |     +-[DUMMYnode]
    | | |     | |   +-[CommaOp]
    | | |     | |   | | +-[DUMMYnode]
    | | |     | |   | +-[VarOp]
    | | |     | |   |   +-[STNode,9,"t1"]
    | | |     | | +-[RoutineCallOp]
    | | |     | | | |   +-[DUMMYnode]
    | | |     | | | | +-[SelectOp]
    | | |     | | | | | | +-[DUMMYnode]
    | | |     | | | | | +-[FieldOp]
    | | |     | | | | |   +-[STNode,2,"println"]
    | | |     | | | +-[VarOp]
    | | |     | | |   +-[STNode,1,"system"]
    | | |     | +-[StmtOp]
    | | |     |   |     +-[DUMMYnode]
    | | |     |   |   +-[CommaOp]
    | | |     |   |   | +-[STRINGNode,88,"After t1="]
    | | |     |   | +-[RoutineCallOp]
    | | |     |   | | |   +-[DUMMYnode]
    | | |     |   | | | +-[SelectOp]
    | | |     |   | | | | | +-[DUMMYnode]
    | | |     |   | | | | +-[FieldOp]
    | | |     |   | | | |   +-[STNode,2,"println"]
    | | |     |   | | +-[VarOp]
    | | |     |   | |   +-[STNode,1,"system"]
    | | |     |   +-[StmtOp]
    | | |     |     |   +-[DUMMYnode]
    | | |     |     | +-[RoutineCallOp]
    | | |     |     | | |   +-[DUMMYnode]
    | | |     |     | | | +-[SelectOp]
    | | |     |     | | | | | +-[DUMMYnode]
    | | |     |     | | | | +-[FieldOp]
    | | |     |     | | | |   +-[STNode,7,"f0"]
    | | |     |     | | +-[VarOp]
    | | |     |     | |   +-[STNode,10,"p1"]
    | | |     |     +-[StmtOp]
    | | |     |       |   +-[NUMNode,1024]
    | | |     |       | +-[AssignOp]
    | | |     |       | | |   +-[DUMMYnode]
    | | |     |       | | | +-[VarOp]
    | | |     |       | | | | +-[STNode,9,"t1"]
    | | |     |       | | +-[AssignOp]
    | | |     |       | |   +-[DUMMYnode]
    | | |     |       +-[StmtOp]
    | | |     |         |     +-[DUMMYnode]
    | | |     |         |   +-[CommaOp]
    | | |     |         |   | | +-[DUMMYnode]
    | | |     |         |   | +-[VarOp]
    | | |     |         |   |   +-[STNode,9,"t1"]
    | | |     |         | +-[RoutineCallOp]
    | | |     |         | | |   +-[DUMMYnode]
    | | |     |         | | | +-[SelectOp]
    | | |     |         | | | | | +-[DUMMYnode]
    | | |     |         | | | | +-[FieldOp]
    | | |     |         | | | |   +-[STNode,2,"println"]
    | | |     |         | | +-[VarOp]
    | | |     |         | |   +-[STNode,1,"system"]
    | | |     |         +-[StmtOp]
    | | |     |           |     +-[DUMMYnode]
    | | |     |           |   +-[CommaOp]
    | | |     |           |   | +-[STRINGNode,77,"Before t1="]
    | | |     |           | +-[RoutineCallOp]
    | | |     |           | | |   +-[DUMMYnode]
    | | |     |           | | | +-[SelectOp]
    | | |     |           | | | | | +-[DUMMYnode]
    | | |     |           | | | | +-[FieldOp]
    | | |     |           | | | |   +-[STNode,2,"println"]
    | | |     |           | | +-[VarOp]
    | | |     |           | |   +-[STNode,1,"system"]
    | | |     |           +-[StmtOp]
    | | |     |             +-[DUMMYnode]
    | | |   +-[BodyOp]
    | | |   | +-[DUMMYnode]
    | | | +-[MethodOp]
    | | | | |   +-[DUMMYnode]
    | | | | | +-[SpecOp]
    | | | | | | +-[DUMMYnode]
    | | | | +-[HeadOp]
    | | | |   +-[STNode,11,"f1"]
    | | +-[BodyOp]
    | |   |       +-[DUMMYnode]
    | |   |     +-[CommaOp]
    | |   |     | | +-[DUMMYnode]
    | |   |     | +-[TypeIdOp]
    | |   |     |   +-[STNode,3,"Point0"]
    | |   |   +-[CommaOp]
    | |   |   | +-[STNode,10,"p1"]
    | |   | +-[DeclOp]
    | |   | | +-[DUMMYnode]
    | |   +-[BodyOp]
    | |     |       +-[NUMNode,12]
    | |     |     +-[CommaOp]
    | |     |     | | +-[DUMMYnode]
    | |     |     | +-[TypeIdOp]
    | |     |     |   +-[INTEGERTNode]
    | |     |   +-[CommaOp]
    | |     |   | +-[STNode,9,"t1"]
    | |     | +-[DeclOp]
    | |     | | +-[DUMMYnode]
    | |     +-[BodyOp]
    | |       +-[DUMMYnode]
    +-[ClassOp]
      |   +-[STNode,3,"Point0"]
      | +-[ClassDefOp]
      | | |         +-[DUMMYnode]
      | | |       +-[ReturnOp]
      | | |       | +-[DUMMYnode]
      | | |     +-[StmtOp]
      | | |     | |     +-[DUMMYnode]
      | | |     | |   +-[CommaOp]
      | | |     | |   | | +-[DUMMYnode]
      | | |     | |   | +-[VarOp]
      | | |     | |   |   +-[STNode,6,"x"]
      | | |     | | +-[RoutineCallOp]
      | | |     | | | |   +-[DUMMYnode]
      | | |     | | | | +-[SelectOp]
      | | |     | | | | | | +-[DUMMYnode]
      | | |     | | | | | +-[FieldOp]
      | | |     | | | | |   +-[STNode,2,"println"]
      | | |     | | | +-[VarOp]
      | | |     | | |   +-[STNode,1,"system"]
      | | |     | +-[StmtOp]
      | | |     |   |     +-[DUMMYnode]
      | | |     |   |   +-[CommaOp]
      | | |     |   |   | +-[STRINGNode,52,"After x="]
      | | |     |   | +-[RoutineCallOp]
      | | |     |   | | |   +-[DUMMYnode]
      | | |     |   | | | +-[SelectOp]
      | | |     |   | | | | | +-[DUMMYnode]
      | | |     |   | | | | +-[FieldOp]
      | | |     |   | | | |   +-[STNode,2,"println"]
      | | |     |   | | +-[VarOp]
      | | |     |   | |   +-[STNode,1,"system"]
      | | |     |   +-[StmtOp]
      | | |     |     |         +-[NUMNode,1]
      | | |     |     |       +-[AddOp]
      | | |     |     |       | | +-[DUMMYnode]
      | | |     |     |       | +-[VarOp]
      | | |     |     |       |   +-[STNode,5,"y"]
      | | |     |     |     +-[AssignOp]
      | | |     |     |     | |   +-[DUMMYnode]
      | | |     |     |     | | +-[VarOp]
      | | |     |     |     | | | +-[STNode,5,"y"]
      | | |     |     |     | +-[AssignOp]
      | | |     |     |     |   +-[DUMMYnode]
      | | |     |     |   +-[StmtOp]
      | | |     |     |   | |     +-[NUMNode,1]
      | | |     |     |   | |   +-[AddOp]
      | | |     |     |   | |   | |   +-[DUMMYnode]
      | | |     |     |   | |   | | +-[SelectOp]
      | | |     |     |   | |   | | | | +-[DUMMYnode]
      | | |     |     |   | |   | | | +-[IndexOp]
      | | |     |     |   | |   | | |   | +-[NUMNode,1]
      | | |     |     |   | |   | | |   +-[SubOp]
      | | |     |     |   | |   | | |     | +-[DUMMYnode]
      | | |     |     |   | |   | | |     +-[VarOp]
      | | |     |     |   | |   | | |       +-[STNode,5,"y"]
      | | |     |     |   | |   | +-[VarOp]
      | | |     |     |   | |   |   +-[STNode,4,"parr0"]
      | | |     |     |   | | +-[AssignOp]
      | | |     |     |   | | | |     +-[DUMMYnode]
      | | |     |     |   | | | |   +-[SelectOp]
      | | |     |     |   | | | |   | | +-[DUMMYnode]
      | | |     |     |   | | | |   | +-[IndexOp]
      | | |     |     |   | | | |   |   | +-[DUMMYnode]
      | | |     |     |   | | | |   |   +-[VarOp]
      | | |     |     |   | | | |   |     +-[STNode,5,"y"]
      | | |     |     |   | | | | +-[VarOp]
      | | |     |     |   | | | | | +-[STNode,4,"parr0"]
      | | |     |     |   | | | +-[AssignOp]
      | | |     |     |   | | |   +-[DUMMYnode]
      | | |     |     |   | +-[StmtOp]
      | | |     |     |   |   +-[DUMMYnode]
      | | |     |     | +-[LoopOp]
      | | |     |     | | | +-[NUMNode,12]
      | | |     |     | | +-[LTOp]
      | | |     |     | |   | +-[DUMMYnode]
      | | |     |     | |   +-[VarOp]
      | | |     |     | |     +-[STNode,5,"y"]
      | | |     |     +-[StmtOp]
      | | |     |       |   +-[NUMNode,1]
      | | |     |       | +-[AssignOp]
      | | |     |       | | |   +-[DUMMYnode]
      | | |     |       | | | +-[VarOp]
      | | |     |       | | | | +-[STNode,5,"y"]
      | | |     |       | | +-[AssignOp]
      | | |     |       | |   +-[DUMMYnode]
      | | |     |       +-[StmtOp]
      | | |     |         |       +-[DUMMYnode]
      | | |     |         |     +-[VarOp]
      | | |     |         |     | +-[STNode,6,"x"]
      | | |     |         |   +-[MultOp]
      | | |     |         |   | | +-[DUMMYnode]
      | | |     |         |   | +-[VarOp]
      | | |     |         |   |   +-[STNode,6,"x"]
      | | |     |         | +-[AssignOp]
      | | |     |         | | |   +-[DUMMYnode]
      | | |     |         | | | +-[VarOp]
      | | |     |         | | | | +-[STNode,6,"x"]
      | | |     |         | | +-[AssignOp]
      | | |     |         | |   +-[DUMMYnode]
      | | |     |         +-[StmtOp]
      | | |     |           |     +-[DUMMYnode]
      | | |     |           |   +-[CommaOp]
      | | |     |           |   | | +-[DUMMYnode]
      | | |     |           |   | +-[VarOp]
      | | |     |           |   |   +-[STNode,6,"x"]
      | | |     |           | +-[RoutineCallOp]
      | | |     |           | | |   +-[DUMMYnode]
      | | |     |           | | | +-[SelectOp]
      | | |     |           | | | | | +-[DUMMYnode]
      | | |     |           | | | | +-[FieldOp]
      | | |     |           | | | |   +-[STNode,2,"println"]
      | | |     |           | | +-[VarOp]
      | | |     |           | |   +-[STNode,1,"system"]
      | | |     |           +-[StmtOp]
      | | |     |             |     +-[DUMMYnode]
      | | |     |             |   +-[CommaOp]
      | | |     |             |   | +-[STRINGNode,42,"Before x="]
      | | |     |             | +-[RoutineCallOp]
      | | |     |             | | |   +-[DUMMYnode]
      | | |     |             | | | +-[SelectOp]
      | | |     |             | | | | | +-[DUMMYnode]
      | | |     |             | | | | +-[FieldOp]
      | | |     |             | | | |   +-[STNode,2,"println"]
      | | |     |             | | +-[VarOp]
      | | |     |             | |   +-[STNode,1,"system"]
      | | |     |             +-[StmtOp]
      | | |     |               +-[DUMMYnode]
      | | |   +-[BodyOp]
      | | |   | +-[DUMMYnode]
      | | | +-[MethodOp]
      | | | | |   +-[DUMMYnode]
      | | | | | +-[SpecOp]
      | | | | | | +-[DUMMYnode]
      | | | | +-[HeadOp]
      | | | |   +-[STNode,7,"f0"]
      | | +-[BodyOp]
      | |   |       +-[DUMMYnode]
      | |   |     +-[CommaOp]
      | |   |     | | +-[DUMMYnode]
      | |   |     | +-[TypeIdOp]
      | |   |     |   +-[INTEGERTNode]
      | |   |   +-[CommaOp]
      | |   |   | +-[STNode,5,"y"]
      | |   | +-[DeclOp]
      | |   | | |     +-[NUMNode,5]
      | |   | | |   +-[CommaOp]
      | |   | | |   | | +-[DUMMYnode]
      | |   | | |   | +-[TypeIdOp]
      | |   | | |   |   +-[INTEGERTNode]
      | |   | | | +-[CommaOp]
      | |   | | | | +-[STNode,6,"x"]
      | |   | | +-[DeclOp]
      | |   | |   +-[DUMMYnode]
      | |   +-[BodyOp]
      | |     |         +-[INTEGERTNode]
      | |     |       +-[ArrayTypeOp]
      | |     |       | | +-[NUMNode,12]
      | |     |       | +-[BoundOp]
      | |     |       |   +-[DUMMYnode]
      | |     |     +-[CommaOp]
      | |     |     | |   +-[DUMMYnode]
      | |     |     | | +-[IndexOp]
      | |     |     | | | +-[DUMMYnode]
      | |     |     | +-[TypeIdOp]
      | |     |     |   +-[INTEGERTNode]
      | |     |   +-[CommaOp]
      | |     |   | +-[STNode,4,"parr0"]
      | |     | +-[DeclOp]
      | |     | | +-[DUMMYnode]
      | |     +-[BodyOp]
      | |       +-[DUMMYnode]
      +-[ClassOp]
        +-[DUMMYnode]
