**************** SYMBOL TABLE ****************

          Name       Kind Nest-Level Predefined       Type     Init-Node     Offset Dimensions  Arguments LLVMObject     LineNo

  0         p6    program          1                                                                                          3
  1     system      class          2        yes                                                                               0
  2     readln   function          3        yes                                                         1                     0
  3    println   function          3        yes                                                         1                     0
  4       Test      class          2                                                                                          4
  5       main   function          3                   int        BodyOp                                0                     5
  6          x   variable          4                   int                        0                                           7
  7          i   variable          4                   int                        1                                           8
  8      test2      class          2                                                                                         34
  9      test3      class          2                                                                                         37
 10      hahah   function          3                   int        BodyOp                                0                    42
************* SYNTAX TREE PRINTOUT ***********

  +-[STNode,0,"p6"]
R-[ProgramOp]
  |   +-[STNode,9,"test3"]
  | +-[ClassDefOp]
  | | |         +-[DUMMYnode]
  | | |       +-[ReturnOp]
  | | |       | +-[NUMNode,1]
  | | |     +-[StmtOp]
  | | |     | +-[DUMMYnode]
  | | |   +-[BodyOp]
  | | |   | +-[DUMMYnode]
  | | | +-[MethodOp]
  | | | | |     +-[DUMMYnode]
  | | | | |   +-[TypeIdOp]
  | | | | |   | +-[INTEGERTNode]
  | | | | | +-[SpecOp]
  | | | | | | +-[DUMMYnode]
  | | | | +-[HeadOp]
  | | | |   +-[STNode,10,"hahah"]
  | | +-[BodyOp]
  | |   | +-[DUMMYnode]
  | |   +-[BodyOp]
  | |     +-[DUMMYnode]
  +-[ClassOp]
    |   +-[STNode,8,"test2"]
    | +-[ClassDefOp]
    | | +-[DUMMYnode]
    +-[ClassOp]
      |   +-[STNode,4,"Test"]
      | +-[ClassDefOp]
      | | |         +-[DUMMYnode]
      | | |       +-[ReturnOp]
      | | |       | +-[NUMNode,0]
      | | |     +-[StmtOp]
      | | |     | |     +-[DUMMYnode]
      | | |     | |   +-[CommaOp]
      | | |     | |   | | +-[DUMMYnode]
      | | |     | |   | +-[VarOp]
      | | |     | |   |   +-[STNode,7,"i"]
      | | |     | | +-[RoutineCallOp]
      | | |     | | | |   +-[DUMMYnode]
      | | |     | | | | +-[SelectOp]
      | | |     | | | | | | +-[DUMMYnode]
      | | |     | | | | | +-[FieldOp]
      | | |     | | | | |   +-[STNode,3,"println"]
      | | |     | | | +-[VarOp]
      | | |     | | |   +-[STNode,1,"system"]
      | | |     | +-[StmtOp]
      | | |     |   |     +-[DUMMYnode]
      | | |     |   |   +-[CommaOp]
      | | |     |   |   | +-[STRINGNode,39,"i="]
      | | |     |   | +-[RoutineCallOp]
      | | |     |   | | |   +-[DUMMYnode]
      | | |     |   | | | +-[SelectOp]
      | | |     |   | | | | | +-[DUMMYnode]
      | | |     |   | | | | +-[FieldOp]
      | | |     |   | | | |   +-[STNode,3,"println"]
      | | |     |   | | +-[VarOp]
      | | |     |   | |   +-[STNode,1,"system"]
      | | |     |   +-[StmtOp]
      | | |     |     |       +-[NUMNode,4]
      | | |     |     |     +-[AssignOp]
      | | |     |     |     | |   +-[DUMMYnode]
      | | |     |     |     | | +-[VarOp]
      | | |     |     |     | | | +-[STNode,7,"i"]
      | | |     |     |     | +-[AssignOp]
      | | |     |     |     |   +-[DUMMYnode]
      | | |     |     |   +-[StmtOp]
      | | |     |     |   | +-[DUMMYnode]
      | | |     |     | +-[IfElseOp]
      | | |     |     | | |       +-[NUMNode,3]
      | | |     |     | | |     +-[AssignOp]
      | | |     |     | | |     | |   +-[DUMMYnode]
      | | |     |     | | |     | | +-[VarOp]
      | | |     |     | | |     | | | +-[STNode,7,"i"]
      | | |     |     | | |     | +-[AssignOp]
      | | |     |     | | |     |   +-[DUMMYnode]
      | | |     |     | | |   +-[StmtOp]
      | | |     |     | | |   | +-[DUMMYnode]
      | | |     |     | | | +-[CommaOp]
      | | |     |     | | | | | +-[NUMNode,3]
      | | |     |     | | | | +-[GTOp]
      | | |     |     | | | |   | +-[DUMMYnode]
      | | |     |     | | | |   +-[VarOp]
      | | |     |     | | | |     +-[STNode,6,"x"]
      | | |     |     | | +-[IfElseOp]
      | | |     |     | |   |       +-[NUMNode,2]
      | | |     |     | |   |     +-[AssignOp]
      | | |     |     | |   |     | |   +-[DUMMYnode]
      | | |     |     | |   |     | | +-[VarOp]
      | | |     |     | |   |     | | | +-[STNode,7,"i"]
      | | |     |     | |   |     | +-[AssignOp]
      | | |     |     | |   |     |   +-[DUMMYnode]
      | | |     |     | |   |   +-[StmtOp]
      | | |     |     | |   |   | +-[DUMMYnode]
      | | |     |     | |   | +-[CommaOp]
      | | |     |     | |   | | | +-[NUMNode,6]
      | | |     |     | |   | | +-[GTOp]
      | | |     |     | |   | |   | +-[DUMMYnode]
      | | |     |     | |   | |   +-[VarOp]
      | | |     |     | |   | |     +-[STNode,6,"x"]
      | | |     |     | |   +-[IfElseOp]
      | | |     |     | |     +-[DUMMYnode]
      | | |     |     +-[StmtOp]
      | | |     |       |         +-[NUMNode,1]
      | | |     |       |       +-[AssignOp]
      | | |     |       |       | |   +-[DUMMYnode]
      | | |     |       |       | | +-[VarOp]
      | | |     |       |       | | | +-[STNode,7,"i"]
      | | |     |       |       | +-[AssignOp]
      | | |     |       |       |   +-[DUMMYnode]
      | | |     |       |     +-[StmtOp]
      | | |     |       |     | +-[DUMMYnode]
      | | |     |       |   +-[CommaOp]
      | | |     |       |   | | +-[NUMNode,10]
      | | |     |       |   | +-[GTOp]
      | | |     |       |   |   | +-[DUMMYnode]
      | | |     |       |   |   +-[VarOp]
      | | |     |       |   |     +-[STNode,6,"x"]
      | | |     |       | +-[IfElseOp]
      | | |     |       | | +-[DUMMYnode]
      | | |     |       +-[StmtOp]
      | | |     |         |     +-[DUMMYnode]
      | | |     |         |   +-[CommaOp]
      | | |     |         |   | | +-[DUMMYnode]
      | | |     |         |   | +-[VarOp]
      | | |     |         |   |   +-[STNode,6,"x"]
      | | |     |         | +-[RoutineCallOp]
      | | |     |         | | |   +-[DUMMYnode]
      | | |     |         | | | +-[SelectOp]
      | | |     |         | | | | | +-[DUMMYnode]
      | | |     |         | | | | +-[FieldOp]
      | | |     |         | | | |   +-[STNode,2,"readln"]
      | | |     |         | | +-[VarOp]
      | | |     |         | |   +-[STNode,1,"system"]
      | | |     |         +-[StmtOp]
      | | |     |           +-[DUMMYnode]
      | | |   +-[BodyOp]
      | | |   | |       +-[DUMMYnode]
      | | |   | |     +-[CommaOp]
      | | |   | |     | | +-[DUMMYnode]
      | | |   | |     | +-[TypeIdOp]
      | | |   | |     |   +-[INTEGERTNode]
      | | |   | |   +-[CommaOp]
      | | |   | |   | +-[STNode,7,"i"]
      | | |   | | +-[DeclOp]
      | | |   | | | +-[DUMMYnode]
      | | |   | +-[BodyOp]
      | | |   |   |       +-[DUMMYnode]
      | | |   |   |     +-[CommaOp]
      | | |   |   |     | | +-[DUMMYnode]
      | | |   |   |     | +-[TypeIdOp]
      | | |   |   |     |   +-[INTEGERTNode]
      | | |   |   |   +-[CommaOp]
      | | |   |   |   | +-[STNode,6,"x"]
      | | |   |   | +-[DeclOp]
      | | |   |   | | +-[DUMMYnode]
      | | |   |   +-[BodyOp]
      | | |   |     +-[DUMMYnode]
      | | | +-[MethodOp]
      | | | | |     +-[DUMMYnode]
      | | | | |   +-[TypeIdOp]
      | | | | |   | +-[INTEGERTNode]
      | | | | | +-[SpecOp]
      | | | | | | +-[DUMMYnode]
      | | | | +-[HeadOp]
      | | | |   +-[STNode,5,"main"]
      | | +-[BodyOp]
      | |   +-[DUMMYnode]
      +-[ClassOp]
        +-[DUMMYnode]
