**************** SYMBOL TABLE ****************

          Name       Kind Nest-Level Predefined       Type     Init-Node     Offset Dimensions  Arguments LLVMObject     LineNo

  0        ex2    program          1                                                                                          2
  1     system      class          2        yes                                                                               0
  2    println   function          3        yes                                                         1                     0
  3       rect      class          2                                                                                          3
  4     length   variable          3                   int    NUMNode(7)          0                                           6
  5      width   variable          3                   int    NUMNode(3)          1                                           6
  6    getArea   function          3                   int        BodyOp                                0                     8
  7         mc      class          2                                                                                         17
  8        len   variable          3                   int                        0                                          20
  9       main   function          3                   int        BodyOp                                0                    22
 10       area   variable          4                   int                        0                                          24
************* SYNTAX TREE PRINTOUT ***********

  +-[STNode,0,"ex2"]
R-[ProgramOp]
  |   +-[STNode,7,"mc"]
  | +-[ClassDefOp]
  | | |         +-[DUMMYnode]
  | | |       +-[ReturnOp]
  | | |       | +-[NUMNode,0]
  | | |     +-[StmtOp]
  | | |     | |     +-[DUMMYnode]
  | | |     | |   +-[CommaOp]
  | | |     | |   | | +-[DUMMYnode]
  | | |     | |   | +-[RoutineCallOp]
  | | |     | |   |   |   +-[DUMMYnode]
  | | |     | |   |   | +-[SelectOp]
  | | |     | |   |   | | | +-[DUMMYnode]
  | | |     | |   |   | | +-[FieldOp]
  | | |     | |   |   | |   +-[STNode,6,"getArea"]
  | | |     | |   |   +-[VarOp]
  | | |     | |   |     +-[STNode,3,"rect"]
  | | |     | | +-[RoutineCallOp]
  | | |     | | | |   +-[DUMMYnode]
  | | |     | | | | +-[SelectOp]
  | | |     | | | | | | +-[DUMMYnode]
  | | |     | | | | | +-[FieldOp]
  | | |     | | | | |   +-[STNode,2,"println"]
  | | |     | | | +-[VarOp]
  | | |     | | |   +-[STNode,1,"system"]
  | | |     | +-[StmtOp]
  | | |     |   |     +-[DUMMYnode]
  | | |     |   |   +-[CommaOp]
  | | |     |   |   | | +-[DUMMYnode]
  | | |     |   |   | +-[VarOp]
  | | |     |   |   |   +-[STNode,10,"area"]
  | | |     |   | +-[RoutineCallOp]
  | | |     |   | | |   +-[DUMMYnode]
  | | |     |   | | | +-[SelectOp]
  | | |     |   | | | | | +-[DUMMYnode]
  | | |     |   | | | | +-[FieldOp]
  | | |     |   | | | |   +-[STNode,2,"println"]
  | | |     |   | | +-[VarOp]
  | | |     |   | |   +-[STNode,1,"system"]
  | | |     |   +-[StmtOp]
  | | |     |     |     +-[DUMMYnode]
  | | |     |     |   +-[RoutineCallOp]
  | | |     |     |   | |   +-[DUMMYnode]
  | | |     |     |   | | +-[SelectOp]
  | | |     |     |   | | | | +-[DUMMYnode]
  | | |     |     |   | | | +-[FieldOp]
  | | |     |     |   | | |   +-[STNode,6,"getArea"]
  | | |     |     |   | +-[VarOp]
  | | |     |     |   |   +-[STNode,3,"rect"]
  | | |     |     | +-[AssignOp]
  | | |     |     | | |   +-[DUMMYnode]
  | | |     |     | | | +-[VarOp]
  | | |     |     | | | | +-[STNode,10,"area"]
  | | |     |     | | +-[AssignOp]
  | | |     |     | |   +-[DUMMYnode]
  | | |     |     +-[StmtOp]
  | | |     |       |   +-[NUMNode,4]
  | | |     |       | +-[AssignOp]
  | | |     |       | | |     +-[DUMMYnode]
  | | |     |       | | |   +-[SelectOp]
  | | |     |       | | |   | | +-[DUMMYnode]
  | | |     |       | | |   | +-[FieldOp]
  | | |     |       | | |   |   +-[STNode,4,"length"]
  | | |     |       | | | +-[VarOp]
  | | |     |       | | | | +-[STNode,3,"rect"]
  | | |     |       | | +-[AssignOp]
  | | |     |       | |   +-[DUMMYnode]
  | | |     |       +-[StmtOp]
  | | |     |         |   +-[DUMMYnode]
  | | |     |         | +-[RoutineCallOp]
  | | |     |         | | |   +-[DUMMYnode]
  | | |     |         | | | +-[SelectOp]
  | | |     |         | | | | | +-[DUMMYnode]
  | | |     |         | | | | +-[FieldOp]
  | | |     |         | | | |   +-[STNode,6,"getArea"]
  | | |     |         | | +-[VarOp]
  | | |     |         | |   +-[STNode,3,"rect"]
  | | |     |         +-[StmtOp]
  | | |     |           |         +-[NUMNode,5]
  | | |     |           |       +-[AssignOp]
  | | |     |           |       | |     +-[DUMMYnode]
  | | |     |           |       | |   +-[SelectOp]
  | | |     |           |       | |   | | +-[DUMMYnode]
  | | |     |           |       | |   | +-[FieldOp]
  | | |     |           |       | |   |   +-[STNode,5,"width"]
  | | |     |           |       | | +-[VarOp]
  | | |     |           |       | | | +-[STNode,3,"rect"]
  | | |     |           |       | +-[AssignOp]
  | | |     |           |       |   +-[DUMMYnode]
  | | |     |           |     +-[StmtOp]
  | | |     |           |     | +-[DUMMYnode]
  | | |     |           |   +-[CommaOp]
  | | |     |           |   | | +-[NUMNode,0]
  | | |     |           |   | +-[GTOp]
  | | |     |           |   |   |   +-[DUMMYnode]
  | | |     |           |   |   | +-[SelectOp]
  | | |     |           |   |   | | | +-[DUMMYnode]
  | | |     |           |   |   | | +-[FieldOp]
  | | |     |           |   |   | |   +-[STNode,5,"width"]
  | | |     |           |   |   +-[VarOp]
  | | |     |           |   |     +-[STNode,3,"rect"]
  | | |     |           | +-[IfElseOp]
  | | |     |           | | +-[DUMMYnode]
  | | |     |           +-[StmtOp]
  | | |     |             +-[DUMMYnode]
  | | |   +-[BodyOp]
  | | |   | |       +-[DUMMYnode]
  | | |   | |     +-[CommaOp]
  | | |   | |     | | +-[DUMMYnode]
  | | |   | |     | +-[TypeIdOp]
  | | |   | |     |   +-[INTEGERTNode]
  | | |   | |   +-[CommaOp]
  | | |   | |   | +-[STNode,10,"area"]
  | | |   | | +-[DeclOp]
  | | |   | | | +-[DUMMYnode]
  | | |   | +-[BodyOp]
  | | |   |   +-[DUMMYnode]
  | | | +-[MethodOp]
  | | | | |     +-[DUMMYnode]
  | | | | |   +-[TypeIdOp]
  | | | | |   | +-[INTEGERTNode]
  | | | | | +-[SpecOp]
  | | | | | | +-[DUMMYnode]
  | | | | +-[HeadOp]
  | | | |   +-[STNode,9,"main"]
  | | +-[BodyOp]
  | |   |       +-[DUMMYnode]
  | |   |     +-[CommaOp]
  | |   |     | | +-[DUMMYnode]
  | |   |     | +-[TypeIdOp]
  | |   |     |   +-[INTEGERTNode]
  | |   |   +-[CommaOp]
  | |   |   | +-[STNode,8,"len"]
  | |   | +-[DeclOp]
  | |   | | +-[DUMMYnode]
  | |   +-[BodyOp]
  | |     +-[DUMMYnode]
  +-[ClassOp]
    |   +-[STNode,3,"rect"]
    | +-[ClassDefOp]
    | | |         +-[DUMMYnode]
    | | |       +-[ReturnOp]
    | | |       | |   +-[DUMMYnode]
    | | |       | | +-[VarOp]
    | | |       | | | +-[STNode,4,"length"]
    | | |       | +-[MultOp]
    | | |       |   | +-[DUMMYnode]
    | | |       |   +-[VarOp]
    | | |       |     +-[STNode,5,"width"]
    | | |     +-[StmtOp]
    | | |     | |     +-[DUMMYnode]
    | | |     | |   +-[CommaOp]
    | | |     | |   | | +-[DUMMYnode]
    | | |     | |   | +-[VarOp]
    | | |     | |   |   +-[STNode,4,"length"]
    | | |     | | +-[RoutineCallOp]
    | | |     | | | |   +-[DUMMYnode]
    | | |     | | | | +-[SelectOp]
    | | |     | | | | | | +-[DUMMYnode]
    | | |     | | | | | +-[FieldOp]
    | | |     | | | | |   +-[STNode,2,"println"]
    | | |     | | | +-[VarOp]
    | | |     | | |   +-[STNode,1,"system"]
    | | |     | +-[StmtOp]
    | | |     |   |     +-[DUMMYnode]
    | | |     |   |   +-[CommaOp]
    | | |     |   |   | | +-[DUMMYnode]
    | | |     |   |   | +-[VarOp]
    | | |     |   |   |   +-[STNode,5,"width"]
    | | |     |   | +-[RoutineCallOp]
    | | |     |   | | |   +-[DUMMYnode]
    | | |     |   | | | +-[SelectOp]
    | | |     |   | | | | | +-[DUMMYnode]
    | | |     |   | | | | +-[FieldOp]
    | | |     |   | | | |   +-[STNode,2,"println"]
    | | |     |   | | +-[VarOp]
    | | |     |   | |   +-[STNode,1,"system"]
    | | |     |   +-[StmtOp]
    | | |     |     |     +-[DUMMYnode]
    | | |     |     |   +-[CommaOp]
    | | |     |     |   | +-[STRINGNode,45,"test case 2:  "]
    | | |     |     | +-[RoutineCallOp]
    | | |     |     | | |   +-[DUMMYnode]
    | | |     |     | | | +-[SelectOp]
    | | |     |     | | | | | +-[DUMMYnode]
    | | |     |     | | | | +-[FieldOp]
    | | |     |     | | | |   +-[STNode,2,"println"]
    | | |     |     | | +-[VarOp]
    | | |     |     | |   +-[STNode,1,"system"]
    | | |     |     +-[StmtOp]
    | | |     |       +-[DUMMYnode]
    | | |   +-[BodyOp]
    | | |   | +-[DUMMYnode]
    | | | +-[MethodOp]
    | | | | |     +-[DUMMYnode]
    | | | | |   +-[TypeIdOp]
    | | | | |   | +-[INTEGERTNode]
    | | | | | +-[SpecOp]
    | | | | | | +-[DUMMYnode]
    | | | | +-[HeadOp]
    | | | |   +-[STNode,6,"getArea"]
    | | +-[BodyOp]
    | |   |       +-[NUMNode,7]
    | |   |     +-[CommaOp]
    | |   |     | | +-[DUMMYnode]
    | |   |     | +-[TypeIdOp]
    | |   |     |   +-[INTEGERTNode]
    | |   |   +-[CommaOp]
    | |   |   | +-[STNode,4,"length"]
    | |   | +-[DeclOp]
    | |   | | |     +-[NUMNode,3]
    | |   | | |   +-[CommaOp]
    | |   | | |   | | +-[DUMMYnode]
    | |   | | |   | +-[TypeIdOp]
    | |   | | |   |   +-[INTEGERTNode]
    | |   | | | +-[CommaOp]
    | |   | | | | +-[STNode,5,"width"]
    | |   | | +-[DeclOp]
    | |   | |   +-[DUMMYnode]
    | |   +-[BodyOp]
    | |     +-[DUMMYnode]
    +-[ClassOp]
      +-[DUMMYnode]
