**************** SYMBOL TABLE ****************

          Name       Kind Nest-Level Predefined       Type     Init-Node     Offset Dimensions  Arguments LLVMObject     LineNo

  0         x4    program          1                                                                                          2
  1     system      class          2        yes                                                                               0
  2    println   function          3        yes                                                         1                     0
  3      Point      class          2                                                                                          3
  4          y   variable          3                   int                        0                                           5
  5          x   variable          3                   int                        1                                           5
  6       Test      class          2                                                                                          9
  7         p0   variable          3                 Point                        0                                          11
  8       main   function          3                   int        BodyOp                                0                    13
  9          p   variable          4                 Point                        0                                          15
************* SYNTAX TREE PRINTOUT ***********

  +-[STNode,0,"x4"]
R-[ProgramOp]
  |   +-[STNode,6,"Test"]
  | +-[ClassDefOp]
  | | |         +-[DUMMYnode]
  | | |       +-[ReturnOp]
  | | |       | +-[NUMNode,0]
  | | |     +-[StmtOp]
  | | |     | |     +-[DUMMYnode]
  | | |     | |   +-[CommaOp]
  | | |     | |   | |   +-[DUMMYnode]
  | | |     | |   | | +-[SelectOp]
  | | |     | |   | | | | +-[DUMMYnode]
  | | |     | |   | | | +-[FieldOp]
  | | |     | |   | | |   +-[STNode,5,"x"]
  | | |     | |   | +-[VarOp]
  | | |     | |   |   +-[STNode,7,"p0"]
  | | |     | | +-[RoutineCallOp]
  | | |     | | | |   +-[DUMMYnode]
  | | |     | | | | +-[SelectOp]
  | | |     | | | | | | +-[DUMMYnode]
  | | |     | | | | | +-[FieldOp]
  | | |     | | | | |   +-[STNode,2,"println"]
  | | |     | | | +-[VarOp]
  | | |     | | |   +-[STNode,1,"system"]
  | | |     | +-[StmtOp]
  | | |     |   |     +-[DUMMYnode]
  | | |     |   |   +-[CommaOp]
  | | |     |   |   | +-[STRINGNode,50,"p0.x = "]
  | | |     |   | +-[RoutineCallOp]
  | | |     |   | | |   +-[DUMMYnode]
  | | |     |   | | | +-[SelectOp]
  | | |     |   | | | | | +-[DUMMYnode]
  | | |     |   | | | | +-[FieldOp]
  | | |     |   | | | |   +-[STNode,2,"println"]
  | | |     |   | | +-[VarOp]
  | | |     |   | |   +-[STNode,1,"system"]
  | | |     |   +-[StmtOp]
  | | |     |     |     +-[DUMMYnode]
  | | |     |     |   +-[CommaOp]
  | | |     |     |   | |   +-[DUMMYnode]
  | | |     |     |   | | +-[SelectOp]
  | | |     |     |   | | | | +-[DUMMYnode]
  | | |     |     |   | | | +-[FieldOp]
  | | |     |     |   | | |   +-[STNode,5,"x"]
  | | |     |     |   | +-[VarOp]
  | | |     |     |   |   +-[STNode,9,"p"]
  | | |     |     | +-[RoutineCallOp]
  | | |     |     | | |   +-[DUMMYnode]
  | | |     |     | | | +-[SelectOp]
  | | |     |     | | | | | +-[DUMMYnode]
  | | |     |     | | | | +-[FieldOp]
  | | |     |     | | | |   +-[STNode,2,"println"]
  | | |     |     | | +-[VarOp]
  | | |     |     | |   +-[STNode,1,"system"]
  | | |     |     +-[StmtOp]
  | | |     |       |     +-[DUMMYnode]
  | | |     |       |   +-[CommaOp]
  | | |     |       |   | +-[STRINGNode,43,"p.x = "]
  | | |     |       | +-[RoutineCallOp]
  | | |     |       | | |   +-[DUMMYnode]
  | | |     |       | | | +-[SelectOp]
  | | |     |       | | | | | +-[DUMMYnode]
  | | |     |       | | | | +-[FieldOp]
  | | |     |       | | | |   +-[STNode,2,"println"]
  | | |     |       | | +-[VarOp]
  | | |     |       | |   +-[STNode,1,"system"]
  | | |     |       +-[StmtOp]
  | | |     |         |   +-[NUMNode,4]
  | | |     |         | +-[AssignOp]
  | | |     |         | | |     +-[DUMMYnode]
  | | |     |         | | |   +-[SelectOp]
  | | |     |         | | |   | | +-[DUMMYnode]
  | | |     |         | | |   | +-[FieldOp]
  | | |     |         | | |   |   +-[STNode,4,"y"]
  | | |     |         | | | +-[VarOp]
  | | |     |         | | | | +-[STNode,7,"p0"]
  | | |     |         | | +-[AssignOp]
  | | |     |         | |   +-[DUMMYnode]
  | | |     |         +-[StmtOp]
  | | |     |           |   +-[NUMNode,3]
  | | |     |           | +-[AssignOp]
  | | |     |           | | |     +-[DUMMYnode]
  | | |     |           | | |   +-[SelectOp]
  | | |     |           | | |   | | +-[DUMMYnode]
  | | |     |           | | |   | +-[FieldOp]
  | | |     |           | | |   |   +-[STNode,5,"x"]
  | | |     |           | | | +-[VarOp]
  | | |     |           | | | | +-[STNode,7,"p0"]
  | | |     |           | | +-[AssignOp]
  | | |     |           | |   +-[DUMMYnode]
  | | |     |           +-[StmtOp]
  | | |     |             |   +-[NUMNode,2]
  | | |     |             | +-[AssignOp]
  | | |     |             | | |     +-[DUMMYnode]
  | | |     |             | | |   +-[SelectOp]
  | | |     |             | | |   | | +-[DUMMYnode]
  | | |     |             | | |   | +-[FieldOp]
  | | |     |             | | |   |   +-[STNode,5,"x"]
  | | |     |             | | | +-[VarOp]
  | | |     |             | | | | +-[STNode,9,"p"]
  | | |     |             | | +-[AssignOp]
  | | |     |             | |   +-[DUMMYnode]
  | | |     |             +-[StmtOp]
  | | |     |               |   +-[NUMNode,1]
  | | |     |               | +-[AssignOp]
  | | |     |               | | |     +-[DUMMYnode]
  | | |     |               | | |   +-[SelectOp]
  | | |     |               | | |   | | +-[DUMMYnode]
  | | |     |               | | |   | +-[FieldOp]
  | | |     |               | | |   |   +-[STNode,4,"y"]
  | | |     |               | | | +-[VarOp]
  | | |     |               | | | | +-[STNode,9,"p"]
  | | |     |               | | +-[AssignOp]
  | | |     |               | |   +-[DUMMYnode]
  | | |     |               +-[StmtOp]
  | | |     |                 +-[DUMMYnode]
  | | |   +-[BodyOp]
  | | |   | |       +-[DUMMYnode]
  | | |   | |     +-[CommaOp]
  | | |   | |     | | +-[DUMMYnode]
  | | |   | |     | +-[TypeIdOp]
  | | |   | |     |   +-[STNode,3,"Point"]
  | | |   | |   +-[CommaOp]
  | | |   | |   | +-[STNode,9,"p"]
  | | |   | | +-[DeclOp]
  | | |   | | | +-[DUMMYnode]
  | | |   | +-[BodyOp]
  | | |   |   +-[DUMMYnode]
  | | | +-[MethodOp]
  | | | | |     +-[DUMMYnode]
  | | | | |   +-[TypeIdOp]
  | | | | |   | +-[INTEGERTNode]
  | | | | | +-[SpecOp]
  | | | | | | +-[DUMMYnode]
  | | | | +-[HeadOp]
  | | | |   +-[STNode,8,"main"]
  | | +-[BodyOp]
  | |   |       +-[DUMMYnode]
  | |   |     +-[CommaOp]
  | |   |     | | +-[DUMMYnode]
  | |   |     | +-[TypeIdOp]
  | |   |     |   +-[STNode,3,"Point"]
  | |   |   +-[CommaOp]
  | |   |   | +-[STNode,7,"p0"]
  | |   | +-[DeclOp]
  | |   | | +-[DUMMYnode]
  | |   +-[BodyOp]
  | |     +-[DUMMYnode]
  +-[ClassOp]
    |   +-[STNode,3,"Point"]
    | +-[ClassDefOp]
    | | |       +-[DUMMYnode]
    | | |     +-[CommaOp]
    | | |     | | +-[DUMMYnode]
    | | |     | +-[TypeIdOp]
    | | |     |   +-[INTEGERTNode]
    | | |   +-[CommaOp]
    | | |   | +-[STNode,4,"y"]
    | | | +-[DeclOp]
    | | | | |     +-[DUMMYnode]
    | | | | |   +-[CommaOp]
    | | | | |   | | +-[DUMMYnode]
    | | | | |   | +-[TypeIdOp]
    | | | | |   |   +-[INTEGERTNode]
    | | | | | +-[CommaOp]
    | | | | | | +-[STNode,5,"x"]
    | | | | +-[DeclOp]
    | | | |   +-[DUMMYnode]
    | | +-[BodyOp]
    | |   +-[DUMMYnode]
    +-[ClassOp]
      +-[DUMMYnode]
