************* SYNTAX TREE PRINTOUT ***********

  +-[IDNode,0,"ex1"]
R-[ProgramOp]
  |   +-[IDNode,4,"c1"]
  | +-[ClassDefOp]
  | | |                 +-[DUMMYnode]
  | | |               +-[CommaOp]
  | | |               | +-[STRINGNode,29,"x>=0"]
  | | |             +-[RoutineCallOp]
  | | |             | |   +-[DUMMYnode]
  | | |             | | +-[SelectOp]
  | | |             | | | | +-[DUMMYnode]
  | | |             | | | +-[FieldOp]
  | | |             | | |   +-[IDNode,21,"println"]
  | | |             | +-[VarOp]
  | | |             |   +-[IDNode,14,"system"]
  | | |           +-[StmtOp]
  | | |           | +-[DUMMYnode]
  | | |         +-[CommaOp]
  | | |         | | +-[NUMNode,0]
  | | |         | +-[GEOp]
  | | |         |   | +-[DUMMYnode]
  | | |         |   +-[VarOp]
  | | |         |     +-[IDNode,7,"x"]
  | | |       +-[IfElseOp]
  | | |       | +-[DUMMYnode]
  | | |     +-[StmtOp]
  | | |     | +-[DUMMYnode]
  | | |   +-[BodyOp]
  | | |   | |       +-[NUMNode,4]
  | | |   | |     +-[CommaOp]
  | | |   | |     | | +-[DUMMYnode]
  | | |   | |     | +-[TypeIdOp]
  | | |   | |     |   +-[INTEGERTNode]
  | | |   | |   +-[CommaOp]
  | | |   | |   | +-[IDNode,7,"x"]
  | | |   | | +-[DeclOp]
  | | |   | | | +-[DUMMYnode]
  | | |   | +-[BodyOp]
  | | |   |   +-[DUMMYnode]
  | | | +-[MethodOp]
  | | | | |   +-[DUMMYnode]
  | | | | | +-[SpecOp]
  | | | | | | +-[DUMMYnode]
  | | | | +-[HeadOp]
  | | | |   +-[IDNode,9,"main"]
  | | +-[BodyOp]
  | |   |         +-[DUMMYnode]
  | |   |       +-[UnaryNegOp]
  | |   |       | +-[NUMNode,1]
  | |   |     +-[CommaOp]
  | |   |     | | +-[DUMMYnode]
  | |   |     | +-[TypeIdOp]
  | |   |     |   +-[INTEGERTNode]
  | |   |   +-[CommaOp]
  | |   |   | +-[IDNode,7,"x"]
  | |   | +-[DeclOp]
  | |   | | +-[DUMMYnode]
  | |   +-[BodyOp]
  | |     +-[DUMMYnode]
  +-[ClassOp]
    +-[DUMMYnode]
