************* SYNTAX TREE PRINTOUT ***********

  +-[IDNode,0,"p6"]
R-[ProgramOp]
  |   +-[IDNode,48,"test3"]
  | +-[ClassDefOp]
  | | |       +-[DUMMYnode]
  | | |     +-[StmtOp]
  | | |     | +-[DUMMYnode]
  | | |   +-[BodyOp]
  | | |   | +-[DUMMYnode]
  | | | +-[MethodOp]
  | | | | |     +-[DUMMYnode]
  | | | | |   +-[TypeIdOp]
  | | | | |   | +-[INTEGERTNode]
  | | | | | +-[SpecOp]
  | | | | | | +-[DUMMYnode]
  | | | | +-[HeadOp]
  | | | |   +-[IDNode,54,"hahah"]
  | | +-[BodyOp]
  | |   | +-[DUMMYnode]
  | |   +-[BodyOp]
  | |     +-[DUMMYnode]
  +-[ClassOp]
    |   +-[IDNode,42,"test2"]
    | +-[ClassDefOp]
    | | +-[DUMMYnode]
    +-[ClassOp]
      |   +-[IDNode,3,"Test"]
      | +-[ClassDefOp]
      | | |           +-[DUMMYnode]
      | | |         +-[CommaOp]
      | | |         | | +-[DUMMYnode]
      | | |         | +-[VarOp]
      | | |         |   +-[IDNode,15,"i"]
      | | |       +-[RoutineCallOp]
      | | |       | |   +-[DUMMYnode]
      | | |       | | +-[SelectOp]
      | | |       | | | | +-[DUMMYnode]
      | | |       | | | +-[FieldOp]
      | | |       | | |   +-[IDNode,31,"println"]
      | | |       | +-[VarOp]
      | | |       |   +-[IDNode,17,"system"]
      | | |     +-[StmtOp]
      | | |     | |     +-[DUMMYnode]
      | | |     | |   +-[CommaOp]
      | | |     | |   | +-[STRINGNode,39,"i="]
      | | |     | | +-[RoutineCallOp]
      | | |     | | | |   +-[DUMMYnode]
      | | |     | | | | +-[SelectOp]
      | | |     | | | | | | +-[DUMMYnode]
      | | |     | | | | | +-[FieldOp]
      | | |     | | | | |   +-[IDNode,31,"println"]
      | | |     | | | +-[VarOp]
      | | |     | | |   +-[IDNode,17,"system"]
      | | |     | +-[StmtOp]
      | | |     |   |       +-[NUMNode,4]
      | | |     |   |     +-[AssignOp]
      | | |     |   |     | |   +-[DUMMYnode]
      | | |     |   |     | | +-[VarOp]
      | | |     |   |     | | | +-[IDNode,15,"i"]
      | | |     |   |     | +-[AssignOp]
      | | |     |   |     |   +-[DUMMYnode]
      | | |     |   |   +-[StmtOp]
      | | |     |   |   | +-[DUMMYnode]
      | | |     |   | +-[IfElseOp]
      | | |     |   | | |       +-[NUMNode,3]
      | | |     |   | | |     +-[AssignOp]
      | | |     |   | | |     | |   +-[DUMMYnode]
      | | |     |   | | |     | | +-[VarOp]
      | | |     |   | | |     | | | +-[IDNode,15,"i"]
      | | |     |   | | |     | +-[AssignOp]
      | | |     |   | | |     |   +-[DUMMYnode]
      | | |     |   | | |   +-[StmtOp]
      | | |     |   | | |   | +-[DUMMYnode]
      | | |     |   | | | +-[CommaOp]
      | | |     |   | | | | | +-[NUMNode,3]
      | | |     |   | | | | +-[GTOp]
      | | |     |   | | | |   | +-[DUMMYnode]
      | | |     |   | | | |   +-[VarOp]
      | | |     |   | | | |     +-[IDNode,13,"x"]
      | | |     |   | | +-[IfElseOp]
      | | |     |   | |   |       +-[NUMNode,2]
      | | |     |   | |   |     +-[AssignOp]
      | | |     |   | |   |     | |   +-[DUMMYnode]
      | | |     |   | |   |     | | +-[VarOp]
      | | |     |   | |   |     | | | +-[IDNode,15,"i"]
      | | |     |   | |   |     | +-[AssignOp]
      | | |     |   | |   |     |   +-[DUMMYnode]
      | | |     |   | |   |   +-[StmtOp]
      | | |     |   | |   |   | +-[DUMMYnode]
      | | |     |   | |   | +-[CommaOp]
      | | |     |   | |   | | | +-[NUMNode,6]
      | | |     |   | |   | | +-[GTOp]
      | | |     |   | |   | |   | +-[DUMMYnode]
      | | |     |   | |   | |   +-[VarOp]
      | | |     |   | |   | |     +-[IDNode,13,"x"]
      | | |     |   | |   +-[IfElseOp]
      | | |     |   | |     +-[DUMMYnode]
      | | |     |   +-[StmtOp]
      | | |     |     |         +-[NUMNode,1]
      | | |     |     |       +-[AssignOp]
      | | |     |     |       | |   +-[DUMMYnode]
      | | |     |     |       | | +-[VarOp]
      | | |     |     |       | | | +-[IDNode,15,"i"]
      | | |     |     |       | +-[AssignOp]
      | | |     |     |       |   +-[DUMMYnode]
      | | |     |     |     +-[StmtOp]
      | | |     |     |     | +-[DUMMYnode]
      | | |     |     |   +-[CommaOp]
      | | |     |     |   | | +-[NUMNode,10]
      | | |     |     |   | +-[GTOp]
      | | |     |     |   |   | +-[DUMMYnode]
      | | |     |     |   |   +-[VarOp]
      | | |     |     |   |     +-[IDNode,13,"x"]
      | | |     |     | +-[IfElseOp]
      | | |     |     | | +-[DUMMYnode]
      | | |     |     +-[StmtOp]
      | | |     |       |     +-[DUMMYnode]
      | | |     |       |   +-[CommaOp]
      | | |     |       |   | | +-[DUMMYnode]
      | | |     |       |   | +-[VarOp]
      | | |     |       |   |   +-[IDNode,13,"x"]
      | | |     |       | +-[RoutineCallOp]
      | | |     |       | | |   +-[DUMMYnode]
      | | |     |       | | | +-[SelectOp]
      | | |     |       | | | | | +-[DUMMYnode]
      | | |     |       | | | | +-[FieldOp]
      | | |     |       | | | |   +-[IDNode,24,"readln"]
      | | |     |       | | +-[VarOp]
      | | |     |       | |   +-[IDNode,17,"system"]
      | | |     |       +-[StmtOp]
      | | |     |         +-[DUMMYnode]
      | | |   +-[BodyOp]
      | | |   | |       +-[DUMMYnode]
      | | |   | |     +-[CommaOp]
      | | |   | |     | | +-[DUMMYnode]
      | | |   | |     | +-[TypeIdOp]
      | | |   | |     |   +-[INTEGERTNode]
      | | |   | |   +-[CommaOp]
      | | |   | |   | +-[IDNode,15,"i"]
      | | |   | | +-[DeclOp]
      | | |   | | | +-[DUMMYnode]
      | | |   | +-[BodyOp]
      | | |   |   |       +-[DUMMYnode]
      | | |   |   |     +-[CommaOp]
      | | |   |   |     | | +-[DUMMYnode]
      | | |   |   |     | +-[TypeIdOp]
      | | |   |   |     |   +-[INTEGERTNode]
      | | |   |   |   +-[CommaOp]
      | | |   |   |   | +-[IDNode,13,"x"]
      | | |   |   | +-[DeclOp]
      | | |   |   | | +-[DUMMYnode]
      | | |   |   +-[BodyOp]
      | | |   |     +-[DUMMYnode]
      | | | +-[MethodOp]
      | | | | |   +-[DUMMYnode]
      | | | | | +-[SpecOp]
      | | | | | | +-[DUMMYnode]
      | | | | +-[HeadOp]
      | | | |   +-[IDNode,8,"main"]
      | | +-[BodyOp]
      | |   +-[DUMMYnode]
      +-[ClassOp]
        +-[DUMMYnode]
