************* SYNTAX TREE PRINTOUT ***********

  +-[IDNode,0,"ex2"]
R-[ProgramOp]
  |   +-[IDNode,60,"mc"]
  | +-[ClassDefOp]
  | | |           +-[DUMMYnode]
  | | |         +-[CommaOp]
  | | |         | | +-[DUMMYnode]
  | | |         | +-[RoutineCallOp]
  | | |         |   |   +-[DUMMYnode]
  | | |         |   | +-[SelectOp]
  | | |         |   | | | +-[DUMMYnode]
  | | |         |   | | +-[FieldOp]
  | | |         |   | |   +-[IDNode,22,"getArea"]
  | | |         |   +-[VarOp]
  | | |         |     +-[IDNode,4,"rect"]
  | | |       +-[RoutineCallOp]
  | | |       | |   +-[DUMMYnode]
  | | |       | | +-[SelectOp]
  | | |       | | | | +-[DUMMYnode]
  | | |       | | | +-[FieldOp]
  | | |       | | |   +-[IDNode,37,"println"]
  | | |       | +-[VarOp]
  | | |       |   +-[IDNode,30,"system"]
  | | |     +-[StmtOp]
  | | |     | |     +-[DUMMYnode]
  | | |     | |   +-[CommaOp]
  | | |     | |   | | +-[DUMMYnode]
  | | |     | |   | +-[VarOp]
  | | |     | |   |   +-[IDNode,72,"area"]
  | | |     | | +-[RoutineCallOp]
  | | |     | | | |   +-[DUMMYnode]
  | | |     | | | | +-[SelectOp]
  | | |     | | | | | | +-[DUMMYnode]
  | | |     | | | | | +-[FieldOp]
  | | |     | | | | |   +-[IDNode,37,"println"]
  | | |     | | | +-[VarOp]
  | | |     | | |   +-[IDNode,30,"system"]
  | | |     | +-[StmtOp]
  | | |     |   |     +-[DUMMYnode]
  | | |     |   |   +-[RoutineCallOp]
  | | |     |   |   | |   +-[DUMMYnode]
  | | |     |   |   | | +-[SelectOp]
  | | |     |   |   | | | | +-[DUMMYnode]
  | | |     |   |   | | | +-[FieldOp]
  | | |     |   |   | | |   +-[IDNode,22,"getArea"]
  | | |     |   |   | +-[VarOp]
  | | |     |   |   |   +-[IDNode,4,"rect"]
  | | |     |   | +-[AssignOp]
  | | |     |   | | |   +-[DUMMYnode]
  | | |     |   | | | +-[VarOp]
  | | |     |   | | | | +-[IDNode,72,"area"]
  | | |     |   | | +-[AssignOp]
  | | |     |   | |   +-[DUMMYnode]
  | | |     |   +-[StmtOp]
  | | |     |     |   +-[NUMNode,4]
  | | |     |     | +-[AssignOp]
  | | |     |     | | |     +-[DUMMYnode]
  | | |     |     | | |   +-[SelectOp]
  | | |     |     | | |   | | +-[DUMMYnode]
  | | |     |     | | |   | +-[FieldOp]
  | | |     |     | | |   |   +-[IDNode,15,"length"]
  | | |     |     | | | +-[VarOp]
  | | |     |     | | | | +-[IDNode,4,"rect"]
  | | |     |     | | +-[AssignOp]
  | | |     |     | |   +-[DUMMYnode]
  | | |     |     +-[StmtOp]
  | | |     |       |   +-[DUMMYnode]
  | | |     |       | +-[RoutineCallOp]
  | | |     |       | | |   +-[DUMMYnode]
  | | |     |       | | | +-[SelectOp]
  | | |     |       | | | | | +-[DUMMYnode]
  | | |     |       | | | | +-[FieldOp]
  | | |     |       | | | |   +-[IDNode,22,"getArea"]
  | | |     |       | | +-[VarOp]
  | | |     |       | |   +-[IDNode,4,"rect"]
  | | |     |       +-[StmtOp]
  | | |     |         |         +-[NUMNode,5]
  | | |     |         |       +-[AssignOp]
  | | |     |         |       | |     +-[DUMMYnode]
  | | |     |         |       | |   +-[SelectOp]
  | | |     |         |       | |   | | +-[DUMMYnode]
  | | |     |         |       | |   | +-[FieldOp]
  | | |     |         |       | |   |   +-[IDNode,9,"width"]
  | | |     |         |       | | +-[VarOp]
  | | |     |         |       | | | +-[IDNode,4,"rect"]
  | | |     |         |       | +-[AssignOp]
  | | |     |         |       |   +-[DUMMYnode]
  | | |     |         |     +-[StmtOp]
  | | |     |         |     | +-[DUMMYnode]
  | | |     |         |   +-[CommaOp]
  | | |     |         |   | | +-[NUMNode,0]
  | | |     |         |   | +-[GTOp]
  | | |     |         |   |   |   +-[DUMMYnode]
  | | |     |         |   |   | +-[SelectOp]
  | | |     |         |   |   | | | +-[DUMMYnode]
  | | |     |         |   |   | | +-[FieldOp]
  | | |     |         |   |   | |   +-[IDNode,9,"width"]
  | | |     |         |   |   +-[VarOp]
  | | |     |         |   |     +-[IDNode,4,"rect"]
  | | |     |         | +-[IfElseOp]
  | | |     |         | | +-[DUMMYnode]
  | | |     |         +-[StmtOp]
  | | |     |           +-[DUMMYnode]
  | | |   +-[BodyOp]
  | | |   | |       +-[DUMMYnode]
  | | |   | |     +-[CommaOp]
  | | |   | |     | | +-[DUMMYnode]
  | | |   | |     | +-[TypeIdOp]
  | | |   | |     |   +-[INTEGERTNode]
  | | |   | |   +-[CommaOp]
  | | |   | |   | +-[IDNode,72,"area"]
  | | |   | | +-[DeclOp]
  | | |   | | | +-[DUMMYnode]
  | | |   | +-[BodyOp]
  | | |   |   +-[DUMMYnode]
  | | | +-[MethodOp]
  | | | | |   +-[DUMMYnode]
  | | | | | +-[SpecOp]
  | | | | | | +-[DUMMYnode]
  | | | | +-[HeadOp]
  | | | |   +-[IDNode,67,"main"]
  | | +-[BodyOp]
  | |   |       +-[DUMMYnode]
  | |   |     +-[CommaOp]
  | |   |     | | +-[DUMMYnode]
  | |   |     | +-[TypeIdOp]
  | |   |     |   +-[INTEGERTNode]
  | |   |   +-[CommaOp]
  | |   |   | +-[IDNode,63,"len"]
  | |   | +-[DeclOp]
  | |   | | +-[DUMMYnode]
  | |   +-[BodyOp]
  | |     +-[DUMMYnode]
  +-[ClassOp]
    |   +-[IDNode,4,"rect"]
    | +-[ClassDefOp]
    | | |         +-[DUMMYnode]
    | | |       +-[ReturnOp]
    | | |       | |   +-[DUMMYnode]
    | | |       | | +-[VarOp]
    | | |       | | | +-[IDNode,15,"length"]
    | | |       | +-[MultOp]
    | | |       |   | +-[DUMMYnode]
    | | |       |   +-[VarOp]
    | | |       |     +-[IDNode,9,"width"]
    | | |     +-[StmtOp]
    | | |     | |     +-[DUMMYnode]
    | | |     | |   +-[CommaOp]
    | | |     | |   | | +-[DUMMYnode]
    | | |     | |   | +-[VarOp]
    | | |     | |   |   +-[IDNode,15,"length"]
    | | |     | | +-[RoutineCallOp]
    | | |     | | | |   +-[DUMMYnode]
    | | |     | | | | +-[SelectOp]
    | | |     | | | | | | +-[DUMMYnode]
    | | |     | | | | | +-[FieldOp]
    | | |     | | | | |   +-[IDNode,37,"println"]
    | | |     | | | +-[VarOp]
    | | |     | | |   +-[IDNode,30,"system"]
    | | |     | +-[StmtOp]
    | | |     |   |     +-[DUMMYnode]
    | | |     |   |   +-[CommaOp]
    | | |     |   |   | | +-[DUMMYnode]
    | | |     |   |   | +-[VarOp]
    | | |     |   |   |   +-[IDNode,9,"width"]
    | | |     |   | +-[RoutineCallOp]
    | | |     |   | | |   +-[DUMMYnode]
    | | |     |   | | | +-[SelectOp]
    | | |     |   | | | | | +-[DUMMYnode]
    | | |     |   | | | | +-[FieldOp]
    | | |     |   | | | |   +-[IDNode,37,"println"]
    | | |     |   | | +-[VarOp]
    | | |     |   | |   +-[IDNode,30,"system"]
    | | |     |   +-[StmtOp]
    | | |     |     |     +-[DUMMYnode]
    | | |     |     |   +-[CommaOp]
    | | |     |     |   | +-[STRINGNode,45,"test case 2:  "]
    | | |     |     | +-[RoutineCallOp]
    | | |     |     | | |   +-[DUMMYnode]
    | | |     |     | | | +-[SelectOp]
    | | |     |     | | | | | +-[DUMMYnode]
    | | |     |     | | | | +-[FieldOp]
    | | |     |     | | | |   +-[IDNode,37,"println"]
    | | |     |     | | +-[VarOp]
    | | |     |     | |   +-[IDNode,30,"system"]
    | | |     |     +-[StmtOp]
    | | |     |       +-[DUMMYnode]
    | | |   +-[BodyOp]
    | | |   | +-[DUMMYnode]
    | | | +-[MethodOp]
    | | | | |     +-[DUMMYnode]
    | | | | |   +-[TypeIdOp]
    | | | | |   | +-[INTEGERTNode]
    | | | | | +-[SpecOp]
    | | | | | | +-[DUMMYnode]
    | | | | +-[HeadOp]
    | | | |   +-[IDNode,22,"getArea"]
    | | +-[BodyOp]
    | |   |       +-[NUMNode,7]
    | |   |     +-[CommaOp]
    | |   |     | | +-[DUMMYnode]
    | |   |     | +-[TypeIdOp]
    | |   |     |   +-[INTEGERTNode]
    | |   |   +-[CommaOp]
    | |   |   | +-[IDNode,15,"length"]
    | |   | +-[DeclOp]
    | |   | | |     +-[NUMNode,3]
    | |   | | |   +-[CommaOp]
    | |   | | |   | | +-[DUMMYnode]
    | |   | | |   | +-[TypeIdOp]
    | |   | | |   |   +-[INTEGERTNode]
    | |   | | | +-[CommaOp]
    | |   | | | | +-[IDNode,9,"width"]
    | |   | | +-[DeclOp]
    | |   | |   +-[DUMMYnode]
    | |   +-[BodyOp]
    | |     +-[DUMMYnode]
    +-[ClassOp]
      +-[DUMMYnode]
