************* SYNTAX TREE PRINTOUT ***********

  +-[IDNode,0,"ex3"]
R-[ProgramOp]
  |   +-[IDNode,4,"c3"]
  | +-[ClassDefOp]
  | | |           +-[DUMMYnode]
  | | |         +-[CommaOp]
  | | |         | | +-[DUMMYnode]
  | | |         | +-[VarOp]
  | | |         |   +-[IDNode,14,"y"]
  | | |       +-[RoutineCallOp]
  | | |       | |   +-[DUMMYnode]
  | | |       | | +-[SelectOp]
  | | |       | | | | +-[DUMMYnode]
  | | |       | | | +-[FieldOp]
  | | |       | | |   +-[IDNode,23,"println"]
  | | |       | +-[VarOp]
  | | |       |   +-[IDNode,16,"system"]
  | | |     +-[StmtOp]
  | | |     | |     +-[DUMMYnode]
  | | |     | |   +-[CommaOp]
  | | |     | |   | +-[STRINGNode,53,"y="]
  | | |     | | +-[RoutineCallOp]
  | | |     | | | |   +-[DUMMYnode]
  | | |     | | | | +-[SelectOp]
  | | |     | | | | | | +-[DUMMYnode]
  | | |     | | | | | +-[FieldOp]
  | | |     | | | | |   +-[IDNode,23,"println"]
  | | |     | | | +-[VarOp]
  | | |     | | |   +-[IDNode,16,"system"]
  | | |     | +-[StmtOp]
  | | |     |   |         +-[NUMNode,1]
  | | |     |   |       +-[AddOp]
  | | |     |   |       | | +-[DUMMYnode]
  | | |     |   |       | +-[VarOp]
  | | |     |   |       |   +-[IDNode,12,"x"]
  | | |     |   |     +-[AssignOp]
  | | |     |   |     | |   +-[DUMMYnode]
  | | |     |   |     | | +-[VarOp]
  | | |     |   |     | | | +-[IDNode,12,"x"]
  | | |     |   |     | +-[AssignOp]
  | | |     |   |     |   +-[DUMMYnode]
  | | |     |   |   +-[StmtOp]
  | | |     |   |   | |       +-[DUMMYnode]
  | | |     |   |   | |     +-[VarOp]
  | | |     |   |   | |     | +-[IDNode,12,"x"]
  | | |     |   |   | |   +-[AddOp]
  | | |     |   |   | |   | | +-[DUMMYnode]
  | | |     |   |   | |   | +-[VarOp]
  | | |     |   |   | |   |   +-[IDNode,14,"y"]
  | | |     |   |   | | +-[AssignOp]
  | | |     |   |   | | | |   +-[DUMMYnode]
  | | |     |   |   | | | | +-[VarOp]
  | | |     |   |   | | | | | +-[IDNode,14,"y"]
  | | |     |   |   | | | +-[AssignOp]
  | | |     |   |   | | |   +-[DUMMYnode]
  | | |     |   |   | +-[StmtOp]
  | | |     |   |   |   +-[DUMMYnode]
  | | |     |   | +-[LoopOp]
  | | |     |   | | | +-[NUMNode,10]
  | | |     |   | | +-[LEOp]
  | | |     |   | |   | +-[DUMMYnode]
  | | |     |   | |   +-[VarOp]
  | | |     |   | |     +-[IDNode,12,"x"]
  | | |     |   +-[StmtOp]
  | | |     |     |   +-[NUMNode,0]
  | | |     |     | +-[AssignOp]
  | | |     |     | | |   +-[DUMMYnode]
  | | |     |     | | | +-[VarOp]
  | | |     |     | | | | +-[IDNode,14,"y"]
  | | |     |     | | +-[AssignOp]
  | | |     |     | |   +-[DUMMYnode]
  | | |     |     +-[StmtOp]
  | | |     |       |   +-[NUMNode,1]
  | | |     |       | +-[AssignOp]
  | | |     |       | | |   +-[DUMMYnode]
  | | |     |       | | | +-[VarOp]
  | | |     |       | | | | +-[IDNode,12,"x"]
  | | |     |       | | +-[AssignOp]
  | | |     |       | |   +-[DUMMYnode]
  | | |     |       +-[StmtOp]
  | | |     |         |         +-[DUMMYnode]
  | | |     |         |       +-[CommaOp]
  | | |     |         |       | +-[STRINGNode,49,"<=5"]
  | | |     |         |     +-[RoutineCallOp]
  | | |     |         |     | |   +-[DUMMYnode]
  | | |     |         |     | | +-[SelectOp]
  | | |     |         |     | | | | +-[DUMMYnode]
  | | |     |         |     | | | +-[FieldOp]
  | | |     |         |     | | |   +-[IDNode,23,"println"]
  | | |     |         |     | +-[VarOp]
  | | |     |         |     |   +-[IDNode,16,"system"]
  | | |     |         |   +-[StmtOp]
  | | |     |         |   | +-[DUMMYnode]
  | | |     |         | +-[IfElseOp]
  | | |     |         | | |         +-[DUMMYnode]
  | | |     |         | | |       +-[CommaOp]
  | | |     |         | | |       | +-[STRINGNode,46,">5"]
  | | |     |         | | |     +-[RoutineCallOp]
  | | |     |         | | |     | |   +-[DUMMYnode]
  | | |     |         | | |     | | +-[SelectOp]
  | | |     |         | | |     | | | | +-[DUMMYnode]
  | | |     |         | | |     | | | +-[FieldOp]
  | | |     |         | | |     | | |   +-[IDNode,23,"println"]
  | | |     |         | | |     | +-[VarOp]
  | | |     |         | | |     |   +-[IDNode,16,"system"]
  | | |     |         | | |   +-[StmtOp]
  | | |     |         | | |   | +-[DUMMYnode]
  | | |     |         | | | +-[CommaOp]
  | | |     |         | | | | | +-[NUMNode,5]
  | | |     |         | | | | +-[GTOp]
  | | |     |         | | | |   | +-[DUMMYnode]
  | | |     |         | | | |   +-[VarOp]
  | | |     |         | | | |     +-[IDNode,12,"x"]
  | | |     |         | | +-[IfElseOp]
  | | |     |         | |   |         +-[DUMMYnode]
  | | |     |         | |   |       +-[CommaOp]
  | | |     |         | |   |       | +-[STRINGNode,42,">10"]
  | | |     |         | |   |     +-[RoutineCallOp]
  | | |     |         | |   |     | |   +-[DUMMYnode]
  | | |     |         | |   |     | | +-[SelectOp]
  | | |     |         | |   |     | | | | +-[DUMMYnode]
  | | |     |         | |   |     | | | +-[FieldOp]
  | | |     |         | |   |     | | |   +-[IDNode,23,"println"]
  | | |     |         | |   |     | +-[VarOp]
  | | |     |         | |   |     |   +-[IDNode,16,"system"]
  | | |     |         | |   |   +-[StmtOp]
  | | |     |         | |   |   | +-[DUMMYnode]
  | | |     |         | |   | +-[CommaOp]
  | | |     |         | |   | | | +-[NUMNode,10]
  | | |     |         | |   | | +-[GTOp]
  | | |     |         | |   | |   | +-[DUMMYnode]
  | | |     |         | |   | |   +-[VarOp]
  | | |     |         | |   | |     +-[IDNode,12,"x"]
  | | |     |         | |   +-[IfElseOp]
  | | |     |         | |     +-[DUMMYnode]
  | | |     |         +-[StmtOp]
  | | |     |           |     +-[DUMMYnode]
  | | |     |           |   +-[CommaOp]
  | | |     |           |   | | +-[DUMMYnode]
  | | |     |           |   | +-[VarOp]
  | | |     |           |   |   +-[IDNode,12,"x"]
  | | |     |           | +-[RoutineCallOp]
  | | |     |           | | |   +-[DUMMYnode]
  | | |     |           | | | +-[SelectOp]
  | | |     |           | | | | | +-[DUMMYnode]
  | | |     |           | | | | +-[FieldOp]
  | | |     |           | | | |   +-[IDNode,35,"readln"]
  | | |     |           | | +-[VarOp]
  | | |     |           | |   +-[IDNode,16,"system"]
  | | |     |           +-[StmtOp]
  | | |     |             |     +-[DUMMYnode]
  | | |     |             |   +-[CommaOp]
  | | |     |             |   | +-[STRINGNode,31,"x=?"]
  | | |     |             | +-[RoutineCallOp]
  | | |     |             | | |   +-[DUMMYnode]
  | | |     |             | | | +-[SelectOp]
  | | |     |             | | | | | +-[DUMMYnode]
  | | |     |             | | | | +-[FieldOp]
  | | |     |             | | | |   +-[IDNode,23,"println"]
  | | |     |             | | +-[VarOp]
  | | |     |             | |   +-[IDNode,16,"system"]
  | | |     |             +-[StmtOp]
  | | |     |               +-[DUMMYnode]
  | | |   +-[BodyOp]
  | | |   | |       +-[DUMMYnode]
  | | |   | |     +-[CommaOp]
  | | |   | |     | | +-[DUMMYnode]
  | | |   | |     | +-[TypeIdOp]
  | | |   | |     |   +-[INTEGERTNode]
  | | |   | |   +-[CommaOp]
  | | |   | |   | +-[IDNode,14,"y"]
  | | |   | | +-[DeclOp]
  | | |   | | | +-[DUMMYnode]
  | | |   | +-[BodyOp]
  | | |   |   |       +-[DUMMYnode]
  | | |   |   |     +-[CommaOp]
  | | |   |   |     | | +-[DUMMYnode]
  | | |   |   |     | +-[TypeIdOp]
  | | |   |   |     |   +-[INTEGERTNode]
  | | |   |   |   +-[CommaOp]
  | | |   |   |   | +-[IDNode,12,"x"]
  | | |   |   | +-[DeclOp]
  | | |   |   | | +-[DUMMYnode]
  | | |   |   +-[BodyOp]
  | | |   |     +-[DUMMYnode]
  | | | +-[MethodOp]
  | | | | |   +-[DUMMYnode]
  | | | | | +-[SpecOp]
  | | | | | | +-[DUMMYnode]
  | | | | +-[HeadOp]
  | | | |   +-[IDNode,7,"main"]
  | | +-[BodyOp]
  | |   +-[DUMMYnode]
  +-[ClassOp]
    +-[DUMMYnode]
