************* SYNTAX TREE PRINTOUT ***********

  +-[IDNode,0,"ex5"]
R-[ProgramOp]
  |   +-[IDNode,4,"c5"]
  | +-[ClassDefOp]
  | | |           +-[DUMMYnode]
  | | |         +-[CommaOp]
  | | |         | |   +-[DUMMYnode]
  | | |         | | +-[RoutineCallOp]
  | | |         | | | | +-[DUMMYnode]
  | | |         | | | +-[VarOp]
  | | |         | | |   +-[IDNode,7,"func"]
  | | |         | +-[AddOp]
  | | |         |   | +-[DUMMYnode]
  | | |         |   +-[RoutineCallOp]
  | | |         |     | +-[DUMMYnode]
  | | |         |     +-[VarOp]
  | | |         |       +-[IDNode,7,"func"]
  | | |       +-[RoutineCallOp]
  | | |       | |   +-[DUMMYnode]
  | | |       | | +-[SelectOp]
  | | |       | | | | +-[DUMMYnode]
  | | |       | | | +-[FieldOp]
  | | |       | | |   +-[IDNode,24,"println"]
  | | |       | +-[VarOp]
  | | |       |   +-[IDNode,17,"system"]
  | | |     +-[StmtOp]
  | | |     | +-[DUMMYnode]
  | | |   +-[BodyOp]
  | | |   | +-[DUMMYnode]
  | | | +-[MethodOp]
  | | | | |   +-[DUMMYnode]
  | | | | | +-[SpecOp]
  | | | | | | +-[DUMMYnode]
  | | | | +-[HeadOp]
  | | | |   +-[IDNode,12,"main"]
  | | +-[BodyOp]
  | |   |         +-[DUMMYnode]
  | |   |       +-[ReturnOp]
  | |   |       | +-[NUMNode,55]
  | |   |     +-[StmtOp]
  | |   |     | +-[DUMMYnode]
  | |   |   +-[BodyOp]
  | |   |   | +-[DUMMYnode]
  | |   | +-[MethodOp]
  | |   | | |     +-[DUMMYnode]
  | |   | | |   +-[TypeIdOp]
  | |   | | |   | +-[INTEGERTNode]
  | |   | | | +-[SpecOp]
  | |   | | | | +-[DUMMYnode]
  | |   | | +-[HeadOp]
  | |   | |   +-[IDNode,7,"func"]
  | |   +-[BodyOp]
  | |     +-[DUMMYnode]
  +-[ClassOp]
    +-[DUMMYnode]
