************* SYNTAX TREE PRINTOUT ***********

  +-[IDNode,0,"ex6"]
R-[ProgramOp]
  |   +-[IDNode,4,"c6"]
  | +-[ClassDefOp]
  | | |           +-[DUMMYnode]
  | | |         +-[CommaOp]
  | | |         | | +-[DUMMYnode]
  | | |         | +-[VarOp]
  | | |         |   +-[IDNode,17,"x"]
  | | |       +-[RoutineCallOp]
  | | |       | |   +-[DUMMYnode]
  | | |       | | +-[SelectOp]
  | | |       | | | | +-[DUMMYnode]
  | | |       | | | +-[FieldOp]
  | | |       | | |   +-[IDNode,33,"println"]
  | | |       | +-[VarOp]
  | | |       |   +-[IDNode,26,"system"]
  | | |     +-[StmtOp]
  | | |     | |     +-[DUMMYnode]
  | | |     | |   +-[CommaOp]
  | | |     | |   | | +-[DUMMYnode]
  | | |     | |   | +-[VarOp]
  | | |     | |   |   +-[IDNode,15,"p"]
  | | |     | | +-[RoutineCallOp]
  | | |     | | | |   +-[DUMMYnode]
  | | |     | | | | +-[SelectOp]
  | | |     | | | | | | +-[DUMMYnode]
  | | |     | | | | | +-[FieldOp]
  | | |     | | | | |   +-[IDNode,33,"println"]
  | | |     | | | +-[VarOp]
  | | |     | | |   +-[IDNode,26,"system"]
  | | |     | +-[StmtOp]
  | | |     |   |           +-[DUMMYnode]
  | | |     |   |         +-[CommaOp]
  | | |     |   |         | +-[NUMNode,4]
  | | |     |   |       +-[CommaOp]
  | | |     |   |       | +-[NUMNode,3]
  | | |     |   |     +-[CommaOp]
  | | |     |   |     | | +-[DUMMYnode]
  | | |     |   |     | +-[VarOp]
  | | |     |   |     |   +-[IDNode,15,"p"]
  | | |     |   |   +-[RoutineCallOp]
  | | |     |   |   | | +-[DUMMYnode]
  | | |     |   |   | +-[VarOp]
  | | |     |   |   |   +-[IDNode,7,"product"]
  | | |     |   | +-[AssignOp]
  | | |     |   | | |   +-[DUMMYnode]
  | | |     |   | | | +-[VarOp]
  | | |     |   | | | | +-[IDNode,17,"x"]
  | | |     |   | | +-[AssignOp]
  | | |     |   | |   +-[DUMMYnode]
  | | |     |   +-[StmtOp]
  | | |     |     |   +-[NUMNode,0]
  | | |     |     | +-[AssignOp]
  | | |     |     | | |   +-[DUMMYnode]
  | | |     |     | | | +-[VarOp]
  | | |     |     | | | | +-[IDNode,15,"p"]
  | | |     |     | | +-[AssignOp]
  | | |     |     | |   +-[DUMMYnode]
  | | |     |     +-[StmtOp]
  | | |     |       +-[DUMMYnode]
  | | |   +-[BodyOp]
  | | |   | |       +-[DUMMYnode]
  | | |   | |     +-[CommaOp]
  | | |   | |     | | +-[DUMMYnode]
  | | |   | |     | +-[TypeIdOp]
  | | |   | |     |   +-[INTEGERTNode]
  | | |   | |   +-[CommaOp]
  | | |   | |   | +-[IDNode,15,"p"]
  | | |   | | +-[DeclOp]
  | | |   | | | |     +-[DUMMYnode]
  | | |   | | | |   +-[CommaOp]
  | | |   | | | |   | | +-[DUMMYnode]
  | | |   | | | |   | +-[TypeIdOp]
  | | |   | | | |   |   +-[INTEGERTNode]
  | | |   | | | | +-[CommaOp]
  | | |   | | | | | +-[IDNode,17,"x"]
  | | |   | | | +-[DeclOp]
  | | |   | | |   +-[DUMMYnode]
  | | |   | +-[BodyOp]
  | | |   |   +-[DUMMYnode]
  | | | +-[MethodOp]
  | | | | |   +-[DUMMYnode]
  | | | | | +-[SpecOp]
  | | | | | | +-[DUMMYnode]
  | | | | +-[HeadOp]
  | | | |   +-[IDNode,21,"main"]
  | | +-[BodyOp]
  | |   |         +-[DUMMYnode]
  | |   |       +-[ReturnOp]
  | |   |       | |   +-[DUMMYnode]
  | |   |       | | +-[VarOp]
  | |   |       | | | +-[IDNode,15,"p"]
  | |   |       | +-[MultOp]
  | |   |       |   | +-[DUMMYnode]
  | |   |       |   +-[VarOp]
  | |   |       |     +-[IDNode,15,"p"]
  | |   |     +-[StmtOp]
  | |   |     | |       +-[DUMMYnode]
  | |   |     | |     +-[VarOp]
  | |   |     | |     | +-[IDNode,19,"y"]
  | |   |     | |   +-[MultOp]
  | |   |     | |   | | +-[DUMMYnode]
  | |   |     | |   | +-[VarOp]
  | |   |     | |   |   +-[IDNode,17,"x"]
  | |   |     | | +-[AssignOp]
  | |   |     | | | |   +-[DUMMYnode]
  | |   |     | | | | +-[VarOp]
  | |   |     | | | | | +-[IDNode,15,"p"]
  | |   |     | | | +-[AssignOp]
  | |   |     | | |   +-[DUMMYnode]
  | |   |     | +-[StmtOp]
  | |   |     |   +-[DUMMYnode]
  | |   |   +-[BodyOp]
  | |   |   | +-[DUMMYnode]
  | |   | +-[MethodOp]
  | |   | | |     +-[DUMMYnode]
  | |   | | |   +-[TypeIdOp]
  | |   | | |   | +-[INTEGERTNode]
  | |   | | | +-[SpecOp]
  | |   | | | | |     +-[DUMMYnode]
  | |   | | | | |   +-[VargTypeOp]
  | |   | | | | |   | | +-[INTEGERTNode]
  | |   | | | | |   | +-[CommaOp]
  | |   | | | | |   |   +-[IDNode,19,"y"]
  | |   | | | | | +-[VargTypeOp]
  | |   | | | | | | | +-[INTEGERTNode]
  | |   | | | | | | +-[CommaOp]
  | |   | | | | | |   +-[IDNode,17,"x"]
  | |   | | | | +-[RArgTypeOp]
  | |   | | | |   | +-[INTEGERTNode]
  | |   | | | |   +-[CommaOp]
  | |   | | | |     +-[IDNode,15,"p"]
  | |   | | +-[HeadOp]
  | |   | |   +-[IDNode,7,"product"]
  | |   +-[BodyOp]
  | |     +-[DUMMYnode]
  +-[ClassOp]
    +-[DUMMYnode]
