************* SYNTAX TREE PRINTOUT ***********

  +-[IDNode,0,"ex7"]
R-[ProgramOp]
  |   +-[IDNode,4,"c7"]
  | +-[ClassDefOp]
  | | |           +-[DUMMYnode]
  | | |         +-[CommaOp]
  | | |         | |   +-[DUMMYnode]
  | | |         | | +-[CommaOp]
  | | |         | | | +-[NUMNode,5]
  | | |         | +-[RoutineCallOp]
  | | |         |   | +-[DUMMYnode]
  | | |         |   +-[VarOp]
  | | |         |     +-[IDNode,7,"sum"]
  | | |       +-[RoutineCallOp]
  | | |       | |   +-[DUMMYnode]
  | | |       | | +-[SelectOp]
  | | |       | | | | +-[DUMMYnode]
  | | |       | | | +-[FieldOp]
  | | |       | | |   +-[IDNode,27,"println"]
  | | |       | +-[VarOp]
  | | |       |   +-[IDNode,20,"system"]
  | | |     +-[StmtOp]
  | | |     | |     +-[DUMMYnode]
  | | |     | |   +-[CommaOp]
  | | |     | |   | +-[STRINGNode,35,"sum(5)="]
  | | |     | | +-[RoutineCallOp]
  | | |     | | | |   +-[DUMMYnode]
  | | |     | | | | +-[SelectOp]
  | | |     | | | | | | +-[DUMMYnode]
  | | |     | | | | | +-[FieldOp]
  | | |     | | | | |   +-[IDNode,27,"println"]
  | | |     | | | +-[VarOp]
  | | |     | | |   +-[IDNode,20,"system"]
  | | |     | +-[StmtOp]
  | | |     |   +-[DUMMYnode]
  | | |   +-[BodyOp]
  | | |   | +-[DUMMYnode]
  | | | +-[MethodOp]
  | | | | |   +-[DUMMYnode]
  | | | | | +-[SpecOp]
  | | | | | | +-[DUMMYnode]
  | | | | +-[HeadOp]
  | | | |   +-[IDNode,15,"main"]
  | | +-[BodyOp]
  | |   |             +-[DUMMYnode]
  | |   |           +-[ReturnOp]
  | |   |           | | +-[DUMMYnode]
  | |   |           | +-[VarOp]
  | |   |           |   +-[IDNode,13,"s"]
  | |   |         +-[StmtOp]
  | |   |         | |         +-[DUMMYnode]
  | |   |         | |       +-[CommaOp]
  | |   |         | |       | | +-[NUMNode,2]
  | |   |         | |       | +-[SubOp]
  | |   |         | |       |   | +-[DUMMYnode]
  | |   |         | |       |   +-[VarOp]
  | |   |         | |       |     +-[IDNode,11,"i"]
  | |   |         | |     +-[RoutineCallOp]
  | |   |         | |     | | +-[DUMMYnode]
  | |   |         | |     | +-[VarOp]
  | |   |         | |     |   +-[IDNode,7,"sum"]
  | |   |         | |   +-[AddOp]
  | |   |         | |   | |   +-[DUMMYnode]
  | |   |         | |   | | +-[CommaOp]
  | |   |         | |   | | | | +-[NUMNode,1]
  | |   |         | |   | | | +-[SubOp]
  | |   |         | |   | | |   | +-[DUMMYnode]
  | |   |         | |   | | |   +-[VarOp]
  | |   |         | |   | | |     +-[IDNode,11,"i"]
  | |   |         | |   | +-[RoutineCallOp]
  | |   |         | |   |   | +-[DUMMYnode]
  | |   |         | |   |   +-[VarOp]
  | |   |         | |   |     +-[IDNode,7,"sum"]
  | |   |         | | +-[AssignOp]
  | |   |         | | | |   +-[DUMMYnode]
  | |   |         | | | | +-[VarOp]
  | |   |         | | | | | +-[IDNode,13,"s"]
  | |   |         | | | +-[AssignOp]
  | |   |         | | |   +-[DUMMYnode]
  | |   |         | +-[StmtOp]
  | |   |         |   +-[DUMMYnode]
  | |   |       +-[IfElseOp]
  | |   |       | |       +-[DUMMYnode]
  | |   |       | |     +-[ReturnOp]
  | |   |       | |     | +-[NUMNode,1]
  | |   |       | |   +-[StmtOp]
  | |   |       | |   | +-[DUMMYnode]
  | |   |       | | +-[CommaOp]
  | |   |       | | | | +-[NUMNode,1]
  | |   |       | | | +-[EQOp]
  | |   |       | | |   | +-[DUMMYnode]
  | |   |       | | |   +-[VarOp]
  | |   |       | | |     +-[IDNode,11,"i"]
  | |   |       | +-[IfElseOp]
  | |   |       |   |       +-[DUMMYnode]
  | |   |       |   |     +-[ReturnOp]
  | |   |       |   |     | +-[NUMNode,1]
  | |   |       |   |   +-[StmtOp]
  | |   |       |   |   | +-[DUMMYnode]
  | |   |       |   | +-[CommaOp]
  | |   |       |   | | | +-[NUMNode,0]
  | |   |       |   | | +-[LEOp]
  | |   |       |   | |   | +-[DUMMYnode]
  | |   |       |   | |   +-[VarOp]
  | |   |       |   | |     +-[IDNode,11,"i"]
  | |   |       |   +-[IfElseOp]
  | |   |       |     +-[DUMMYnode]
  | |   |     +-[StmtOp]
  | |   |     | +-[DUMMYnode]
  | |   |   +-[BodyOp]
  | |   |   | |       +-[DUMMYnode]
  | |   |   | |     +-[CommaOp]
  | |   |   | |     | | +-[DUMMYnode]
  | |   |   | |     | +-[TypeIdOp]
  | |   |   | |     |   +-[INTEGERTNode]
  | |   |   | |   +-[CommaOp]
  | |   |   | |   | +-[IDNode,13,"s"]
  | |   |   | | +-[DeclOp]
  | |   |   | | | +-[DUMMYnode]
  | |   |   | +-[BodyOp]
  | |   |   |   +-[DUMMYnode]
  | |   | +-[MethodOp]
  | |   | | |     +-[DUMMYnode]
  | |   | | |   +-[TypeIdOp]
  | |   | | |   | +-[INTEGERTNode]
  | |   | | | +-[SpecOp]
  | |   | | | | | +-[DUMMYnode]
  | |   | | | | +-[VargTypeOp]
  | |   | | | |   | +-[INTEGERTNode]
  | |   | | | |   +-[CommaOp]
  | |   | | | |     +-[IDNode,11,"i"]
  | |   | | +-[HeadOp]
  | |   | |   +-[IDNode,7,"sum"]
  | |   +-[BodyOp]
  | |     +-[DUMMYnode]
  +-[ClassOp]
    +-[DUMMYnode]
