************* SYNTAX TREE PRINTOUT ***********

  +-[IDNode,0,"x4"]
R-[ProgramOp]
  |   +-[IDNode,13,"Test"]
  | +-[ClassDefOp]
  | | |         +-[NUMNode,1]
  | | |       +-[AssignOp]
  | | |       | |     +-[DUMMYnode]
  | | |       | |   +-[SelectOp]
  | | |       | |   | | +-[DUMMYnode]
  | | |       | |   | +-[FieldOp]
  | | |       | |   |   +-[IDNode,9,"x"]
  | | |       | | +-[VarOp]
  | | |       | | | +-[IDNode,26,"p"]
  | | |       | +-[AssignOp]
  | | |       |   +-[DUMMYnode]
  | | |     +-[StmtOp]
  | | |     | |   +-[NUMNode,1]
  | | |     | | +-[AssignOp]
  | | |     | | | |     +-[DUMMYnode]
  | | |     | | | |   +-[SelectOp]
  | | |     | | | |   | | +-[DUMMYnode]
  | | |     | | | |   | +-[FieldOp]
  | | |     | | | |   |   +-[IDNode,11,"y"]
  | | |     | | | | +-[VarOp]
  | | |     | | | | | +-[IDNode,26,"p"]
  | | |     | | | +-[AssignOp]
  | | |     | | |   +-[DUMMYnode]
  | | |     | +-[StmtOp]
  | | |     |   +-[DUMMYnode]
  | | |   +-[BodyOp]
  | | |   | |       +-[DUMMYnode]
  | | |   | |     +-[CommaOp]
  | | |   | |     | | +-[DUMMYnode]
  | | |   | |     | +-[TypeIdOp]
  | | |   | |     |   +-[INTEGERTNode]
  | | |   | |   +-[CommaOp]
  | | |   | |   | +-[IDNode,28,"xxx"]
  | | |   | | +-[DeclOp]
  | | |   | | | +-[DUMMYnode]
  | | |   | +-[BodyOp]
  | | |   |   |       +-[DUMMYnode]
  | | |   |   |     +-[CommaOp]
  | | |   |   |     | | +-[DUMMYnode]
  | | |   |   |     | +-[TypeIdOp]
  | | |   |   |     |   +-[IDNode,3,"Point"]
  | | |   |   |   +-[CommaOp]
  | | |   |   |   | +-[IDNode,26,"p"]
  | | |   |   | +-[DeclOp]
  | | |   |   | | +-[DUMMYnode]
  | | |   |   +-[BodyOp]
  | | |   |     +-[DUMMYnode]
  | | | +-[MethodOp]
  | | | | |   +-[DUMMYnode]
  | | | | | +-[SpecOp]
  | | | | | | +-[DUMMYnode]
  | | | | +-[HeadOp]
  | | | |   +-[IDNode,21,"main"]
  | | +-[BodyOp]
  | |   |       +-[DUMMYnode]
  | |   |     +-[CommaOp]
  | |   |     | | +-[DUMMYnode]
  | |   |     | +-[TypeIdOp]
  | |   |     |   +-[IDNode,3,"Point"]
  | |   |   +-[CommaOp]
  | |   |   | +-[IDNode,18,"p0"]
  | |   | +-[DeclOp]
  | |   | | +-[DUMMYnode]
  | |   +-[BodyOp]
  | |     +-[DUMMYnode]
  +-[ClassOp]
    |   +-[IDNode,3,"Point"]
    | +-[ClassDefOp]
    | | |       +-[DUMMYnode]
    | | |     +-[CommaOp]
    | | |     | | +-[DUMMYnode]
    | | |     | +-[TypeIdOp]
    | | |     |   +-[INTEGERTNode]
    | | |   +-[CommaOp]
    | | |   | +-[IDNode,11,"y"]
    | | | +-[DeclOp]
    | | | | |     +-[DUMMYnode]
    | | | | |   +-[CommaOp]
    | | | | |   | | +-[DUMMYnode]
    | | | | |   | +-[TypeIdOp]
    | | | | |   |   +-[INTEGERTNode]
    | | | | | +-[CommaOp]
    | | | | | | +-[IDNode,9,"x"]
    | | | | +-[DeclOp]
    | | | |   +-[DUMMYnode]
    | | +-[BodyOp]
    | |   +-[DUMMYnode]
    +-[ClassOp]
      +-[DUMMYnode]
