************* SYNTAX TREE PRINTOUT ***********

  +-[IDNode,0,"x4"]
R-[ProgramOp]
  |   +-[IDNode,94,"Point2"]
  | +-[ClassDefOp]
  | | |           +-[DUMMYnode]
  | | |         +-[CommaOp]
  | | |         | |   +-[DUMMYnode]
  | | |         | | +-[SelectOp]
  | | |         | | | | +-[DUMMYnode]
  | | |         | | | +-[FieldOp]
  | | |         | | |   +-[IDNode,16,"x"]
  | | |         | +-[VarOp]
  | | |         |   +-[IDNode,105,"p20"]
  | | |       +-[RoutineCallOp]
  | | |       | |   +-[DUMMYnode]
  | | |       | | +-[SelectOp]
  | | |       | | | | +-[DUMMYnode]
  | | |       | | | +-[FieldOp]
  | | |       | | |   +-[IDNode,30,"println"]
  | | |       | +-[VarOp]
  | | |       |   +-[IDNode,23,"system"]
  | | |     +-[StmtOp]
  | | |     | |     +-[DUMMYnode]
  | | |     | |   +-[CommaOp]
  | | |     | |   | +-[STRINGNode,144,"p20.x="]
  | | |     | | +-[RoutineCallOp]
  | | |     | | | |   +-[DUMMYnode]
  | | |     | | | | +-[SelectOp]
  | | |     | | | | | | +-[DUMMYnode]
  | | |     | | | | | +-[FieldOp]
  | | |     | | | | |   +-[IDNode,30,"println"]
  | | |     | | | +-[VarOp]
  | | |     | | |   +-[IDNode,23,"system"]
  | | |     | +-[StmtOp]
  | | |     |   |   +-[DUMMYnode]
  | | |     |   | +-[RoutineCallOp]
  | | |     |   | | |   +-[DUMMYnode]
  | | |     |   | | | +-[SelectOp]
  | | |     |   | | | | | +-[DUMMYnode]
  | | |     |   | | | | +-[FieldOp]
  | | |     |   | | | |   +-[IDNode,70,"f1"]
  | | |     |   | | +-[VarOp]
  | | |     |   | |   +-[IDNode,57,"Point1"]
  | | |     |   +-[StmtOp]
  | | |     |     |         +-[NUMNode,1]
  | | |     |     |       +-[AddOp]
  | | |     |     |       | | +-[DUMMYnode]
  | | |     |     |       | +-[VarOp]
  | | |     |     |       |   +-[IDNode,109,"xy"]
  | | |     |     |     +-[AssignOp]
  | | |     |     |     | |   +-[DUMMYnode]
  | | |     |     |     | | +-[VarOp]
  | | |     |     |     | | | +-[IDNode,109,"xy"]
  | | |     |     |     | +-[AssignOp]
  | | |     |     |     |   +-[DUMMYnode]
  | | |     |     |   +-[StmtOp]
  | | |     |     |   | |     +-[DUMMYnode]
  | | |     |     |   | |   +-[CommaOp]
  | | |     |     |   | |   | |     +-[DUMMYnode]
  | | |     |     |   | |   | |   +-[SelectOp]
  | | |     |     |   | |   | |   | | +-[DUMMYnode]
  | | |     |     |   | |   | |   | +-[IndexOp]
  | | |     |     |   | |   | |   |   | +-[DUMMYnode]
  | | |     |     |   | |   | |   |   +-[VarOp]
  | | |     |     |   | |   | |   |     +-[IDNode,109,"xy"]
  | | |     |     |   | |   | | +-[SelectOp]
  | | |     |     |   | |   | | | | +-[DUMMYnode]
  | | |     |     |   | |   | | | +-[FieldOp]
  | | |     |     |   | |   | | |   +-[IDNode,10,"parr0"]
  | | |     |     |   | |   | +-[VarOp]
  | | |     |     |   | |   |   +-[IDNode,105,"p20"]
  | | |     |     |   | | +-[RoutineCallOp]
  | | |     |     |   | | | |   +-[DUMMYnode]
  | | |     |     |   | | | | +-[SelectOp]
  | | |     |     |   | | | | | | +-[DUMMYnode]
  | | |     |     |   | | | | | +-[FieldOp]
  | | |     |     |   | | | | |   +-[IDNode,30,"println"]
  | | |     |     |   | | | +-[VarOp]
  | | |     |     |   | | |   +-[IDNode,23,"system"]
  | | |     |     |   | +-[StmtOp]
  | | |     |     |   |   |     +-[DUMMYnode]
  | | |     |     |   |   |   +-[CommaOp]
  | | |     |     |   |   |   | +-[STRINGNode,133,"p20.parr0:"]
  | | |     |     |   |   | +-[RoutineCallOp]
  | | |     |     |   |   | | |   +-[DUMMYnode]
  | | |     |     |   |   | | | +-[SelectOp]
  | | |     |     |   |   | | | | | +-[DUMMYnode]
  | | |     |     |   |   | | | | +-[FieldOp]
  | | |     |     |   |   | | | |   +-[IDNode,30,"println"]
  | | |     |     |   |   | | +-[VarOp]
  | | |     |     |   |   | |   +-[IDNode,23,"system"]
  | | |     |     |   |   +-[StmtOp]
  | | |     |     |   |     +-[DUMMYnode]
  | | |     |     | +-[LoopOp]
  | | |     |     | | | +-[NUMNode,12]
  | | |     |     | | +-[LTOp]
  | | |     |     | |   | +-[DUMMYnode]
  | | |     |     | |   +-[VarOp]
  | | |     |     | |     +-[IDNode,109,"xy"]
  | | |     |     +-[StmtOp]
  | | |     |       |   +-[NUMNode,0]
  | | |     |       | +-[AssignOp]
  | | |     |       | | |   +-[DUMMYnode]
  | | |     |       | | | +-[VarOp]
  | | |     |       | | | | +-[IDNode,109,"xy"]
  | | |     |       | | +-[AssignOp]
  | | |     |       | |   +-[DUMMYnode]
  | | |     |       +-[StmtOp]
  | | |     |         |   +-[DUMMYnode]
  | | |     |         | +-[RoutineCallOp]
  | | |     |         | | |   +-[DUMMYnode]
  | | |     |         | | | +-[SelectOp]
  | | |     |         | | | | | +-[DUMMYnode]
  | | |     |         | | | | +-[FieldOp]
  | | |     |         | | | |   +-[IDNode,20,"f0"]
  | | |     |         | | +-[VarOp]
  | | |     |         | |   +-[IDNode,105,"p20"]
  | | |     |         +-[StmtOp]
  | | |     |           |     +-[DUMMYnode]
  | | |     |           |   +-[CommaOp]
  | | |     |           |   | |     +-[DUMMYnode]
  | | |     |           |   | |   +-[SelectOp]
  | | |     |           |   | |   | | +-[DUMMYnode]
  | | |     |           |   | |   | +-[FieldOp]
  | | |     |           |   | |   |   +-[IDNode,16,"x"]
  | | |     |           |   | | +-[SelectOp]
  | | |     |           |   | | | | +-[DUMMYnode]
  | | |     |           |   | | | +-[FieldOp]
  | | |     |           |   | | |   +-[IDNode,67,"p1"]
  | | |     |           |   | +-[VarOp]
  | | |     |           |   |   +-[IDNode,101,"p21"]
  | | |     |           | +-[RoutineCallOp]
  | | |     |           | | |   +-[DUMMYnode]
  | | |     |           | | | +-[SelectOp]
  | | |     |           | | | | | +-[DUMMYnode]
  | | |     |           | | | | +-[FieldOp]
  | | |     |           | | | |   +-[IDNode,30,"println"]
  | | |     |           | | +-[VarOp]
  | | |     |           | |   +-[IDNode,23,"system"]
  | | |     |           +-[StmtOp]
  | | |     |             |     +-[DUMMYnode]
  | | |     |             |   +-[CommaOp]
  | | |     |             |   | +-[STRINGNode,123,"p21.p1.x="]
  | | |     |             | +-[RoutineCallOp]
  | | |     |             | | |   +-[DUMMYnode]
  | | |     |             | | | +-[SelectOp]
  | | |     |             | | | | | +-[DUMMYnode]
  | | |     |             | | | | +-[FieldOp]
  | | |     |             | | | |   +-[IDNode,30,"println"]
  | | |     |             | | +-[VarOp]
  | | |     |             | |   +-[IDNode,23,"system"]
  | | |     |             +-[StmtOp]
  | | |     |               |   +-[DUMMYnode]
  | | |     |               | +-[RoutineCallOp]
  | | |     |               | | |   +-[DUMMYnode]
  | | |     |               | | | +-[SelectOp]
  | | |     |               | | | | | +-[DUMMYnode]
  | | |     |               | | | | +-[FieldOp]
  | | |     |               | | | |   +-[IDNode,70,"f1"]
  | | |     |               | | +-[VarOp]
  | | |     |               | |   +-[IDNode,101,"p21"]
  | | |     |               +-[StmtOp]
  | | |     |                 |   +-[NUMNode,133]
  | | |     |                 | +-[AssignOp]
  | | |     |                 | | |     +-[DUMMYnode]
  | | |     |                 | | |   +-[SelectOp]
  | | |     |                 | | |   | | +-[DUMMYnode]
  | | |     |                 | | |   | +-[FieldOp]
  | | |     |                 | | |   |   +-[IDNode,64,"t1"]
  | | |     |                 | | | +-[VarOp]
  | | |     |                 | | | | +-[IDNode,101,"p21"]
  | | |     |                 | | +-[AssignOp]
  | | |     |                 | |   +-[DUMMYnode]
  | | |     |                 +-[StmtOp]
  | | |     |                   |   +-[DUMMYnode]
  | | |     |                   | +-[RoutineCallOp]
  | | |     |                   | | |     +-[DUMMYnode]
  | | |     |                   | | |   +-[SelectOp]
  | | |     |                   | | |   | | +-[DUMMYnode]
  | | |     |                   | | |   | +-[FieldOp]
  | | |     |                   | | |   |   +-[IDNode,20,"f0"]
  | | |     |                   | | | +-[SelectOp]
  | | |     |                   | | | | | +-[DUMMYnode]
  | | |     |                   | | | | +-[FieldOp]
  | | |     |                   | | | |   +-[IDNode,67,"p1"]
  | | |     |                   | | +-[VarOp]
  | | |     |                   | |   +-[IDNode,120,"px"]
  | | |     |                   +-[StmtOp]
  | | |     |                     |     +-[DUMMYnode]
  | | |     |                     |   +-[VarOp]
  | | |     |                     |   | +-[IDNode,117,"xx"]
  | | |     |                     | +-[AssignOp]
  | | |     |                     | | |       +-[DUMMYnode]
  | | |     |                     | | |     +-[SelectOp]
  | | |     |                     | | |     | | +-[DUMMYnode]
  | | |     |                     | | |     | +-[FieldOp]
  | | |     |                     | | |     |   +-[IDNode,16,"x"]
  | | |     |                     | | |   +-[SelectOp]
  | | |     |                     | | |   | | +-[DUMMYnode]
  | | |     |                     | | |   | +-[FieldOp]
  | | |     |                     | | |   |   +-[IDNode,67,"p1"]
  | | |     |                     | | | +-[VarOp]
  | | |     |                     | | | | +-[IDNode,120,"px"]
  | | |     |                     | | +-[AssignOp]
  | | |     |                     | |   +-[DUMMYnode]
  | | |     |                     +-[StmtOp]
  | | |     |                       |   +-[DUMMYnode]
  | | |     |                       | +-[RoutineCallOp]
  | | |     |                       | | |   +-[DUMMYnode]
  | | |     |                       | | | +-[SelectOp]
  | | |     |                       | | | | | +-[DUMMYnode]
  | | |     |                       | | | | +-[FieldOp]
  | | |     |                       | | | |   +-[IDNode,70,"f1"]
  | | |     |                       | | +-[VarOp]
  | | |     |                       | |   +-[IDNode,101,"p21"]
  | | |     |                       +-[StmtOp]
  | | |     |                         |   +-[DUMMYnode]
  | | |     |                         | +-[RoutineCallOp]
  | | |     |                         | | |   +-[DUMMYnode]
  | | |     |                         | | | +-[SelectOp]
  | | |     |                         | | | | | +-[DUMMYnode]
  | | |     |                         | | | | +-[FieldOp]
  | | |     |                         | | | |   +-[IDNode,20,"f0"]
  | | |     |                         | | +-[VarOp]
  | | |     |                         | |   +-[IDNode,3,"Point0"]
  | | |     |                         +-[StmtOp]
  | | |     |                           +-[DUMMYnode]
  | | |   +-[BodyOp]
  | | |   | |       +-[DUMMYnode]
  | | |   | |     +-[CommaOp]
  | | |   | |     | | +-[DUMMYnode]
  | | |   | |     | +-[TypeIdOp]
  | | |   | |     |   +-[IDNode,57,"Point1"]
  | | |   | |   +-[CommaOp]
  | | |   | |   | +-[IDNode,120,"px"]
  | | |   | | +-[DeclOp]
  | | |   | | | +-[DUMMYnode]
  | | |   | +-[BodyOp]
  | | |   |   |       +-[NUMNode,22]
  | | |   |   |     +-[CommaOp]
  | | |   |   |     | | +-[DUMMYnode]
  | | |   |   |     | +-[TypeIdOp]
  | | |   |   |     |   +-[INTEGERTNode]
  | | |   |   |   +-[CommaOp]
  | | |   |   |   | +-[IDNode,117,"xx"]
  | | |   |   | +-[DeclOp]
  | | |   |   | | +-[DUMMYnode]
  | | |   |   +-[BodyOp]
  | | |   |     +-[DUMMYnode]
  | | | +-[MethodOp]
  | | | | |   +-[DUMMYnode]
  | | | | | +-[SpecOp]
  | | | | | | +-[DUMMYnode]
  | | | | +-[HeadOp]
  | | | |   +-[IDNode,112,"main"]
  | | +-[BodyOp]
  | |   |       +-[DUMMYnode]
  | |   |     +-[CommaOp]
  | |   |     | | +-[DUMMYnode]
  | |   |     | +-[TypeIdOp]
  | |   |     |   +-[INTEGERTNode]
  | |   |   +-[CommaOp]
  | |   |   | +-[IDNode,109,"xy"]
  | |   | +-[DeclOp]
  | |   | | +-[DUMMYnode]
  | |   +-[BodyOp]
  | |     |       +-[DUMMYnode]
  | |     |     +-[CommaOp]
  | |     |     | | +-[DUMMYnode]
  | |     |     | +-[TypeIdOp]
  | |     |     |   +-[IDNode,3,"Point0"]
  | |     |   +-[CommaOp]
  | |     |   | +-[IDNode,105,"p20"]
  | |     | +-[DeclOp]
  | |     | | +-[DUMMYnode]
  | |     +-[BodyOp]
  | |       |       +-[DUMMYnode]
  | |       |     +-[CommaOp]
  | |       |     | | +-[DUMMYnode]
  | |       |     | +-[TypeIdOp]
  | |       |     |   +-[IDNode,57,"Point1"]
  | |       |   +-[CommaOp]
  | |       |   | +-[IDNode,101,"p21"]
  | |       | +-[DeclOp]
  | |       | | +-[DUMMYnode]
  | |       +-[BodyOp]
  | |         +-[DUMMYnode]
  +-[ClassOp]
    |   +-[IDNode,57,"Point1"]
    | +-[ClassDefOp]
    | | |           +-[DUMMYnode]
    | | |         +-[CommaOp]
    | | |         | | +-[DUMMYnode]
    | | |         | +-[VarOp]
    | | |         |   +-[IDNode,64,"t1"]
    | | |       +-[RoutineCallOp]
    | | |       | |   +-[DUMMYnode]
    | | |       | | +-[SelectOp]
    | | |       | | | | +-[DUMMYnode]
    | | |       | | | +-[FieldOp]
    | | |       | | |   +-[IDNode,30,"println"]
    | | |       | +-[VarOp]
    | | |       |   +-[IDNode,23,"system"]
    | | |     +-[StmtOp]
    | | |     | |     +-[DUMMYnode]
    | | |     | |   +-[CommaOp]
    | | |     | |   | +-[STRINGNode,84,"After t1="]
    | | |     | | +-[RoutineCallOp]
    | | |     | | | |   +-[DUMMYnode]
    | | |     | | | | +-[SelectOp]
    | | |     | | | | | | +-[DUMMYnode]
    | | |     | | | | | +-[FieldOp]
    | | |     | | | | |   +-[IDNode,30,"println"]
    | | |     | | | +-[VarOp]
    | | |     | | |   +-[IDNode,23,"system"]
    | | |     | +-[StmtOp]
    | | |     |   |   +-[DUMMYnode]
    | | |     |   | +-[RoutineCallOp]
    | | |     |   | | |   +-[DUMMYnode]
    | | |     |   | | | +-[SelectOp]
    | | |     |   | | | | | +-[DUMMYnode]
    | | |     |   | | | | +-[FieldOp]
    | | |     |   | | | |   +-[IDNode,20,"f0"]
    | | |     |   | | +-[VarOp]
    | | |     |   | |   +-[IDNode,67,"p1"]
    | | |     |   +-[StmtOp]
    | | |     |     |   +-[NUMNode,1024]
    | | |     |     | +-[AssignOp]
    | | |     |     | | |   +-[DUMMYnode]
    | | |     |     | | | +-[VarOp]
    | | |     |     | | | | +-[IDNode,64,"t1"]
    | | |     |     | | +-[AssignOp]
    | | |     |     | |   +-[DUMMYnode]
    | | |     |     +-[StmtOp]
    | | |     |       |     +-[DUMMYnode]
    | | |     |       |   +-[CommaOp]
    | | |     |       |   | | +-[DUMMYnode]
    | | |     |       |   | +-[VarOp]
    | | |     |       |   |   +-[IDNode,64,"t1"]
    | | |     |       | +-[RoutineCallOp]
    | | |     |       | | |   +-[DUMMYnode]
    | | |     |       | | | +-[SelectOp]
    | | |     |       | | | | | +-[DUMMYnode]
    | | |     |       | | | | +-[FieldOp]
    | | |     |       | | | |   +-[IDNode,30,"println"]
    | | |     |       | | +-[VarOp]
    | | |     |       | |   +-[IDNode,23,"system"]
    | | |     |       +-[StmtOp]
    | | |     |         |     +-[DUMMYnode]
    | | |     |         |   +-[CommaOp]
    | | |     |         |   | +-[STRINGNode,73,"Before t1="]
    | | |     |         | +-[RoutineCallOp]
    | | |     |         | | |   +-[DUMMYnode]
    | | |     |         | | | +-[SelectOp]
    | | |     |         | | | | | +-[DUMMYnode]
    | | |     |         | | | | +-[FieldOp]
    | | |     |         | | | |   +-[IDNode,30,"println"]
    | | |     |         | | +-[VarOp]
    | | |     |         | |   +-[IDNode,23,"system"]
    | | |     |         +-[StmtOp]
    | | |     |           +-[DUMMYnode]
    | | |   +-[BodyOp]
    | | |   | +-[DUMMYnode]
    | | | +-[MethodOp]
    | | | | |   +-[DUMMYnode]
    | | | | | +-[SpecOp]
    | | | | | | +-[DUMMYnode]
    | | | | +-[HeadOp]
    | | | |   +-[IDNode,70,"f1"]
    | | +-[BodyOp]
    | |   |       +-[DUMMYnode]
    | |   |     +-[CommaOp]
    | |   |     | | +-[DUMMYnode]
    | |   |     | +-[TypeIdOp]
    | |   |     |   +-[IDNode,3,"Point0"]
    | |   |   +-[CommaOp]
    | |   |   | +-[IDNode,67,"p1"]
    | |   | +-[DeclOp]
    | |   | | +-[DUMMYnode]
    | |   +-[BodyOp]
    | |     |       +-[NUMNode,12]
    | |     |     +-[CommaOp]
    | |     |     | | +-[DUMMYnode]
    | |     |     | +-[TypeIdOp]
    | |     |     |   +-[INTEGERTNode]
    | |     |   +-[CommaOp]
    | |     |   | +-[IDNode,64,"t1"]
    | |     | +-[DeclOp]
    | |     | | +-[DUMMYnode]
    | |     +-[BodyOp]
    | |       +-[DUMMYnode]
    +-[ClassOp]
      |   +-[IDNode,3,"Point0"]
      | +-[ClassDefOp]
      | | |           +-[DUMMYnode]
      | | |         +-[CommaOp]
      | | |         | | +-[DUMMYnode]
      | | |         | +-[VarOp]
      | | |         |   +-[IDNode,16,"x"]
      | | |       +-[RoutineCallOp]
      | | |       | |   +-[DUMMYnode]
      | | |       | | +-[SelectOp]
      | | |       | | | | +-[DUMMYnode]
      | | |       | | | +-[FieldOp]
      | | |       | | |   +-[IDNode,30,"println"]
      | | |       | +-[VarOp]
      | | |       |   +-[IDNode,23,"system"]
      | | |     +-[StmtOp]
      | | |     | |     +-[DUMMYnode]
      | | |     | |   +-[CommaOp]
      | | |     | |   | +-[STRINGNode,48,"After x="]
      | | |     | | +-[RoutineCallOp]
      | | |     | | | |   +-[DUMMYnode]
      | | |     | | | | +-[SelectOp]
      | | |     | | | | | | +-[DUMMYnode]
      | | |     | | | | | +-[FieldOp]
      | | |     | | | | |   +-[IDNode,30,"println"]
      | | |     | | | +-[VarOp]
      | | |     | | |   +-[IDNode,23,"system"]
      | | |     | +-[StmtOp]
      | | |     |   |         +-[NUMNode,1]
      | | |     |   |       +-[AddOp]
      | | |     |   |       | | +-[DUMMYnode]
      | | |     |   |       | +-[VarOp]
      | | |     |   |       |   +-[IDNode,18,"y"]
      | | |     |   |     +-[AssignOp]
      | | |     |   |     | |   +-[DUMMYnode]
      | | |     |   |     | | +-[VarOp]
      | | |     |   |     | | | +-[IDNode,18,"y"]
      | | |     |   |     | +-[AssignOp]
      | | |     |   |     |   +-[DUMMYnode]
      | | |     |   |   +-[StmtOp]
      | | |     |   |   | |     +-[NUMNode,1]
      | | |     |   |   | |   +-[AddOp]
      | | |     |   |   | |   | |   +-[DUMMYnode]
      | | |     |   |   | |   | | +-[SelectOp]
      | | |     |   |   | |   | | | | +-[DUMMYnode]
      | | |     |   |   | |   | | | +-[IndexOp]
      | | |     |   |   | |   | | |   | +-[NUMNode,1]
      | | |     |   |   | |   | | |   +-[SubOp]
      | | |     |   |   | |   | | |     | +-[DUMMYnode]
      | | |     |   |   | |   | | |     +-[VarOp]
      | | |     |   |   | |   | | |       +-[IDNode,18,"y"]
      | | |     |   |   | |   | +-[VarOp]
      | | |     |   |   | |   |   +-[IDNode,10,"parr0"]
      | | |     |   |   | | +-[AssignOp]
      | | |     |   |   | | | |     +-[DUMMYnode]
      | | |     |   |   | | | |   +-[SelectOp]
      | | |     |   |   | | | |   | | +-[DUMMYnode]
      | | |     |   |   | | | |   | +-[IndexOp]
      | | |     |   |   | | | |   |   | +-[DUMMYnode]
      | | |     |   |   | | | |   |   +-[VarOp]
      | | |     |   |   | | | |   |     +-[IDNode,18,"y"]
      | | |     |   |   | | | | +-[VarOp]
      | | |     |   |   | | | | | +-[IDNode,10,"parr0"]
      | | |     |   |   | | | +-[AssignOp]
      | | |     |   |   | | |   +-[DUMMYnode]
      | | |     |   |   | +-[StmtOp]
      | | |     |   |   |   +-[DUMMYnode]
      | | |     |   | +-[LoopOp]
      | | |     |   | | | +-[NUMNode,12]
      | | |     |   | | +-[LTOp]
      | | |     |   | |   | +-[DUMMYnode]
      | | |     |   | |   +-[VarOp]
      | | |     |   | |     +-[IDNode,18,"y"]
      | | |     |   +-[StmtOp]
      | | |     |     |   +-[NUMNode,1]
      | | |     |     | +-[AssignOp]
      | | |     |     | | |   +-[DUMMYnode]
      | | |     |     | | | +-[VarOp]
      | | |     |     | | | | +-[IDNode,18,"y"]
      | | |     |     | | +-[AssignOp]
      | | |     |     | |   +-[DUMMYnode]
      | | |     |     +-[StmtOp]
      | | |     |       |       +-[DUMMYnode]
      | | |     |       |     +-[VarOp]
      | | |     |       |     | +-[IDNode,16,"x"]
      | | |     |       |   +-[MultOp]
      | | |     |       |   | | +-[DUMMYnode]
      | | |     |       |   | +-[VarOp]
      | | |     |       |   |   +-[IDNode,16,"x"]
      | | |     |       | +-[AssignOp]
      | | |     |       | | |   +-[DUMMYnode]
      | | |     |       | | | +-[VarOp]
      | | |     |       | | | | +-[IDNode,16,"x"]
      | | |     |       | | +-[AssignOp]
      | | |     |       | |   +-[DUMMYnode]
      | | |     |       +-[StmtOp]
      | | |     |         |     +-[DUMMYnode]
      | | |     |         |   +-[CommaOp]
      | | |     |         |   | | +-[DUMMYnode]
      | | |     |         |   | +-[VarOp]
      | | |     |         |   |   +-[IDNode,16,"x"]
      | | |     |         | +-[RoutineCallOp]
      | | |     |         | | |   +-[DUMMYnode]
      | | |     |         | | | +-[SelectOp]
      | | |     |         | | | | | +-[DUMMYnode]
      | | |     |         | | | | +-[FieldOp]
      | | |     |         | | | |   +-[IDNode,30,"println"]
      | | |     |         | | +-[VarOp]
      | | |     |         | |   +-[IDNode,23,"system"]
      | | |     |         +-[StmtOp]
      | | |     |           |     +-[DUMMYnode]
      | | |     |           |   +-[CommaOp]
      | | |     |           |   | +-[STRINGNode,38,"Before x="]
      | | |     |           | +-[RoutineCallOp]
      | | |     |           | | |   +-[DUMMYnode]
      | | |     |           | | | +-[SelectOp]
      | | |     |           | | | | | +-[DUMMYnode]
      | | |     |           | | | | +-[FieldOp]
      | | |     |           | | | |   +-[IDNode,30,"println"]
      | | |     |           | | +-[VarOp]
      | | |     |           | |   +-[IDNode,23,"system"]
      | | |     |           +-[StmtOp]
      | | |     |             +-[DUMMYnode]
      | | |   +-[BodyOp]
      | | |   | +-[DUMMYnode]
      | | | +-[MethodOp]
      | | | | |   +-[DUMMYnode]
      | | | | | +-[SpecOp]
      | | | | | | +-[DUMMYnode]
      | | | | +-[HeadOp]
      | | | |   +-[IDNode,20,"f0"]
      | | +-[BodyOp]
      | |   |       +-[DUMMYnode]
      | |   |     +-[CommaOp]
      | |   |     | | +-[DUMMYnode]
      | |   |     | +-[TypeIdOp]
      | |   |     |   +-[INTEGERTNode]
      | |   |   +-[CommaOp]
      | |   |   | +-[IDNode,18,"y"]
      | |   | +-[DeclOp]
      | |   | | |     +-[NUMNode,5]
      | |   | | |   +-[CommaOp]
      | |   | | |   | | +-[DUMMYnode]
      | |   | | |   | +-[TypeIdOp]
      | |   | | |   |   +-[INTEGERTNode]
      | |   | | | +-[CommaOp]
      | |   | | | | +-[IDNode,16,"x"]
      | |   | | +-[DeclOp]
      | |   | |   +-[DUMMYnode]
      | |   +-[BodyOp]
      | |     |         +-[INTEGERTNode]
      | |     |       +-[ArrayTypeOp]
      | |     |       | | +-[NUMNode,12]
      | |     |       | +-[BoundOp]
      | |     |       |   +-[DUMMYnode]
      | |     |     +-[CommaOp]
      | |     |     | |   +-[DUMMYnode]
      | |     |     | | +-[IndexOp]
      | |     |     | | | +-[DUMMYnode]
      | |     |     | +-[TypeIdOp]
      | |     |     |   +-[INTEGERTNode]
      | |     |   +-[CommaOp]
      | |     |   | +-[IDNode,10,"parr0"]
      | |     | +-[DeclOp]
      | |     | | +-[DUMMYnode]
      | |     +-[BodyOp]
      | |       +-[DUMMYnode]
      +-[ClassOp]
        +-[DUMMYnode]
